<?xml version="1.0" encoding="UTF-8"?>
<?xml-stylesheet type="text/xsl" href="ivy-report.xsl"?>
<ivy-report version="1.0">
	<info
		organisation="default"
		module="default-b1b415"
		revision="0.1-SNAPSHOT"
		extra-sbtVersion="0.12"
		extra-scalaVersion="2.9.2"
		conf="test"
		confs="compile, runtime, test, provided, optional, compile-internal, runtime-internal, test-internal, plugin, sources, docs, pom"
		date="20160607172925"/>
	<dependencies>
		<module organisation="play" name="sbt-plugin">
			<revision name="2.1.0" status="release" pubdate="20130205111248" resolver="typesafe-ivy-releases" artresolver="typesafe-ivy-releases" extra-sbtVersion="0.12" extra-scalaVersion="2.9.2" downloaded="false" searched="false" default="false" conf="default(compile), compile" position="0">
				<metadata-artifact status="no" details="" size="4729" time="0" location="C:\Users\Kübra\Desktop\play-2.1.5\framework\.\..\repository\cache\scala_2.9.2\sbt_0.12\play\sbt-plugin\ivy-2.1.0.xml" searched="false" origin-is-local="false" origin-location="http://repo.typesafe.com/typesafe/ivy-releases/play/sbt-plugin/scala_2.9.2/sbt_0.12/2.1.0/ivys/ivy.xml"/>
				<caller organisation="default" name="default-b1b415" conf="test, compile, runtime" rev="2.1.0" rev-constraint-default="2.1.0" rev-constraint-dynamic="2.1.0" callerrev="0.1-SNAPSHOT" extra-sbtVersion="0.12" extra-scalaVersion="2.9.2"/>
				<artifacts>
					<artifact name="sbt-plugin" type="jar" ext="jar" status="successful" details="" size="873077" time="4782" location="C:\Users\Kübra\Desktop\play-2.1.5\framework\.\..\repository\cache\scala_2.9.2\sbt_0.12\play\sbt-plugin\jars\sbt-plugin-2.1.0.jar">
						<origin-location is-local="false" location="http://repo.typesafe.com/typesafe/ivy-releases/play/sbt-plugin/scala_2.9.2/sbt_0.12/2.1.0/jars/sbt-plugin.jar"/>
					</artifact>
				</artifacts>
			</revision>
		</module>
		<module organisation="com.typesafe.sbtidea" name="sbt-idea">
			<revision name="1.1.1" status="release" pubdate="20121123115855" resolver="typesafe-ivy-releases" artresolver="typesafe-ivy-releases" extra-sbtVersion="0.12" extra-scalaVersion="2.9.2" downloaded="true" searched="true" default="false" conf="default(compile), compile" position="27">
				<metadata-artifact status="successful" details="" size="1891" time="2000" location="C:\Users\Kübra\Desktop\play-2.1.5\framework\.\..\repository\cache\scala_2.9.2\sbt_0.12\com.typesafe.sbtidea\sbt-idea\ivy-1.1.1.xml" searched="true" original-local-location="C:\Users\Kübra\Desktop\play-2.1.5\framework\.\..\repository\cache\scala_2.9.2\sbt_0.12\com.typesafe.sbtidea\sbt-idea\ivy-1.1.1.xml.original" origin-is-local="false" origin-location="http://repo.typesafe.com/typesafe/ivy-releases/com.typesafe.sbtidea/sbt-idea/scala_2.9.2/sbt_0.12/1.1.1/ivys/ivy.xml"/>
				<caller organisation="play" name="sbt-plugin" conf="compile" rev="1.1.1" rev-constraint-default="1.1.1" rev-constraint-dynamic="1.1.1" callerrev="2.1.0" extra-sbtVersion="0.12" extra-scalaVersion="2.9.2"/>
				<artifacts>
					<artifact name="sbt-idea" type="jar" ext="jar" status="successful" details="" size="316701" time="3250" location="C:\Users\Kübra\Desktop\play-2.1.5\framework\.\..\repository\cache\scala_2.9.2\sbt_0.12\com.typesafe.sbtidea\sbt-idea\jars\sbt-idea-1.1.1.jar">
						<origin-location is-local="false" location="http://repo.typesafe.com/typesafe/ivy-releases/com.typesafe.sbtidea/sbt-idea/scala_2.9.2/sbt_0.12/1.1.1/jars/sbt-idea.jar"/>
					</artifact>
				</artifacts>
			</revision>
		</module>
		<module organisation="commons-io" name="commons-io">
			<revision name="2.0.1" status="release" pubdate="20101227041931" resolver="local" artresolver="local" homepage="http://commons.apache.org/io/" downloaded="false" searched="true" default="false" conf="default(compile), default, compile, runtime, master" position="28">
				<metadata-artifact status="no" details="" size="6238" time="0" location="C:\Users\Kübra\Desktop\play-2.1.5\framework\.\..\repository\cache\commons-io\commons-io\ivy-2.0.1.xml" searched="true" original-local-location="C:\Users\Kübra\Desktop\play-2.1.5\repository\local\commons-io\commons-io\2.0.1\ivys\ivy.xml" origin-is-local="true" origin-location="C:\Users\Kübra\Desktop\play-2.1.5\repository\local\commons-io\commons-io\2.0.1\ivys\ivy.xml"/>
				<caller organisation="com.typesafe.sbtidea" name="sbt-idea" conf="compile" rev="2.0.1" rev-constraint-default="2.0.1" rev-constraint-dynamic="2.0.1" callerrev="1.1.1"/>
				<artifacts>
					<artifact name="commons-io" type="jar" ext="jar" status="no" details="" size="159509" time="0" location="C:\Users\Kübra\Desktop\play-2.1.5\repository\local\commons-io\commons-io\2.0.1\jars\commons-io.jar">
						<origin-location is-local="true" location="C:\Users\Kübra\Desktop\play-2.1.5\repository\local\commons-io\commons-io\2.0.1\jars\commons-io.jar"/>
					</artifact>
				</artifacts>
			</revision>
		</module>
		<module organisation="com.typesafe.sbteclipse" name="sbteclipse-plugin">
			<revision name="2.1.1" status="release" pubdate="20121214125045" resolver="typesafe-ivy-releases" artresolver="typesafe-ivy-releases" extra-sbtVersion="0.12" extra-scalaVersion="2.9.2" downloaded="true" searched="true" default="false" conf="default(compile), compile" position="24">
				<metadata-artifact status="successful" details="" size="1807" time="2081" location="C:\Users\Kübra\Desktop\play-2.1.5\framework\.\..\repository\cache\scala_2.9.2\sbt_0.12\com.typesafe.sbteclipse\sbteclipse-plugin\ivy-2.1.1.xml" searched="true" original-local-location="C:\Users\Kübra\Desktop\play-2.1.5\framework\.\..\repository\cache\scala_2.9.2\sbt_0.12\com.typesafe.sbteclipse\sbteclipse-plugin\ivy-2.1.1.xml.original" origin-is-local="false" origin-location="http://repo.typesafe.com/typesafe/ivy-releases/com.typesafe.sbteclipse/sbteclipse-plugin/scala_2.9.2/sbt_0.12/2.1.1/ivys/ivy.xml"/>
				<caller organisation="play" name="sbt-plugin" conf="compile" rev="2.1.1" rev-constraint-default="2.1.1" rev-constraint-dynamic="2.1.1" callerrev="2.1.0" extra-sbtVersion="0.12" extra-scalaVersion="2.9.2"/>
				<artifacts>
					<artifact name="sbteclipse-plugin" type="jar" ext="jar" status="successful" details="" size="7980" time="2610" location="C:\Users\Kübra\Desktop\play-2.1.5\framework\.\..\repository\cache\scala_2.9.2\sbt_0.12\com.typesafe.sbteclipse\sbteclipse-plugin\jars\sbteclipse-plugin-2.1.1.jar">
						<origin-location is-local="false" location="http://repo.typesafe.com/typesafe/ivy-releases/com.typesafe.sbteclipse/sbteclipse-plugin/scala_2.9.2/sbt_0.12/2.1.1/jars/sbteclipse-plugin.jar"/>
					</artifact>
				</artifacts>
			</revision>
		</module>
		<module organisation="com.typesafe.sbteclipse" name="sbteclipse-core">
			<revision name="2.1.1" status="release" pubdate="20121214125045" resolver="typesafe-ivy-releases" artresolver="typesafe-ivy-releases" extra-sbtVersion="0.12" extra-scalaVersion="2.9.2" downloaded="true" searched="true" default="false" conf="default(compile), compile" position="25">
				<metadata-artifact status="successful" details="" size="1747" time="2093" location="C:\Users\Kübra\Desktop\play-2.1.5\framework\.\..\repository\cache\scala_2.9.2\sbt_0.12\com.typesafe.sbteclipse\sbteclipse-core\ivy-2.1.1.xml" searched="true" original-local-location="C:\Users\Kübra\Desktop\play-2.1.5\framework\.\..\repository\cache\scala_2.9.2\sbt_0.12\com.typesafe.sbteclipse\sbteclipse-core\ivy-2.1.1.xml.original" origin-is-local="false" origin-location="http://repo.typesafe.com/typesafe/ivy-releases/com.typesafe.sbteclipse/sbteclipse-core/scala_2.9.2/sbt_0.12/2.1.1/ivys/ivy.xml"/>
				<caller organisation="com.typesafe.sbteclipse" name="sbteclipse-plugin" conf="compile" rev="2.1.1" rev-constraint-default="2.1.1" rev-constraint-dynamic="2.1.1" callerrev="2.1.1" extra-sbtVersion="0.12" extra-scalaVersion="2.9.2"/>
				<artifacts>
					<artifact name="sbteclipse-core" type="jar" ext="jar" status="successful" details="" size="256554" time="2944" location="C:\Users\Kübra\Desktop\play-2.1.5\framework\.\..\repository\cache\scala_2.9.2\sbt_0.12\com.typesafe.sbteclipse\sbteclipse-core\jars\sbteclipse-core-2.1.1.jar">
						<origin-location is-local="false" location="http://repo.typesafe.com/typesafe/ivy-releases/com.typesafe.sbteclipse/sbteclipse-core/scala_2.9.2/sbt_0.12/2.1.1/jars/sbteclipse-core.jar"/>
					</artifact>
				</artifacts>
			</revision>
		</module>
		<module organisation="org.scalaz" name="scalaz-core_2.9.2">
			<revision name="6.0.4" status="release" pubdate="20120414191242" resolver="local" artresolver="local" homepage="http://scalaz.org" downloaded="false" searched="true" default="false" conf="default(compile), default, compile, runtime, master" position="26">
				<license name="BSD-style" url="http://www.opensource.org/licenses/bsd-license.php"/>
				<metadata-artifact status="no" details="" size="2512" time="0" location="C:\Users\Kübra\Desktop\play-2.1.5\framework\.\..\repository\cache\org.scalaz\scalaz-core_2.9.2\ivy-6.0.4.xml" searched="true" original-local-location="C:\Users\Kübra\Desktop\play-2.1.5\repository\local\org.scalaz\scalaz-core_2.9.2\6.0.4\ivys\ivy.xml" origin-is-local="true" origin-location="C:\Users\Kübra\Desktop\play-2.1.5\repository\local\org.scalaz\scalaz-core_2.9.2\6.0.4\ivys\ivy.xml"/>
				<caller organisation="com.typesafe.sbteclipse" name="sbteclipse-core" conf="compile" rev="6.0.4" rev-constraint-default="6.0.4" rev-constraint-dynamic="6.0.4" callerrev="2.1.1"/>
				<artifacts>
					<artifact name="scalaz-core_2.9.2" type="jar" ext="jar" status="no" details="" size="4474099" time="0" location="C:\Users\Kübra\Desktop\play-2.1.5\repository\local\org.scalaz\scalaz-core_2.9.2\6.0.4\jars\scalaz-core_2.9.2.jar">
						<origin-location is-local="true" location="C:\Users\Kübra\Desktop\play-2.1.5\repository\local\org.scalaz\scalaz-core_2.9.2\6.0.4\jars\scalaz-core_2.9.2.jar"/>
					</artifact>
				</artifacts>
			</revision>
		</module>
		<module organisation="net.contentobjects.jnotify" name="jnotify">
			<revision name="0.94" status="release" pubdate="20130506214514" resolver="local" artresolver="local" homepage="" downloaded="false" searched="true" default="false" conf="default(compile), default, compile, runtime, master" position="23">
				<metadata-artifact status="no" details="" size="2248" time="0" location="C:\Users\Kübra\Desktop\play-2.1.5\framework\.\..\repository\cache\net.contentobjects.jnotify\jnotify\ivy-0.94.xml" searched="true" original-local-location="C:\Users\Kübra\Desktop\play-2.1.5\repository\local\net.contentobjects.jnotify\jnotify\0.94\ivys\ivy.xml" origin-is-local="true" origin-location="C:\Users\Kübra\Desktop\play-2.1.5\repository\local\net.contentobjects.jnotify\jnotify\0.94\ivys\ivy.xml"/>
				<caller organisation="play" name="sbt-plugin" conf="compile" rev="0.94" rev-constraint-default="0.94" rev-constraint-dynamic="0.94" callerrev="2.1.0"/>
				<artifacts>
					<artifact name="jnotify" type="jar" ext="jar" status="no" details="" size="659562" time="0" location="C:\Users\Kübra\Desktop\play-2.1.5\repository\local\net.contentobjects.jnotify\jnotify\0.94\jars\jnotify.jar">
						<origin-location is-local="true" location="C:\Users\Kübra\Desktop\play-2.1.5\repository\local\net.contentobjects.jnotify\jnotify\0.94\jars\jnotify.jar"/>
					</artifact>
				</artifacts>
			</revision>
		</module>
		<module organisation="org.pegdown" name="pegdown">
			<revision name="1.1.0" status="release" pubdate="20111005190206" resolver="local" artresolver="local" homepage="" downloaded="false" searched="false" default="false" conf="default(compile), default, compile, runtime, master" position="16">
				<license name="Apache 2" url="http://www.apache.org/licenses/LICENSE-2.0.txt"/>
				<metadata-artifact status="no" details="" size="2878" time="0" location="C:\Users\Kübra\Desktop\play-2.1.5\framework\.\..\repository\cache\org.pegdown\pegdown\ivy-1.1.0.xml" searched="false" origin-is-local="true" origin-location="C:\Users\Kübra\Desktop\play-2.1.5\repository\local\org.pegdown\pegdown\1.1.0\ivys\ivy.xml"/>
				<caller organisation="play" name="sbt-plugin" conf="compile" rev="1.1.0" rev-constraint-default="1.1.0" rev-constraint-dynamic="1.1.0" callerrev="2.1.0"/>
				<artifacts>
					<artifact name="pegdown" type="jar" ext="jar" status="no" details="" size="60345" time="0" location="C:\Users\Kübra\Desktop\play-2.1.5\repository\local\org.pegdown\pegdown\1.1.0\jars\pegdown.jar">
						<origin-location is-local="true" location="C:\Users\Kübra\Desktop\play-2.1.5\repository\local\org.pegdown\pegdown\1.1.0\jars\pegdown.jar"/>
					</artifact>
				</artifacts>
			</revision>
		</module>
		<module organisation="org.parboiled" name="parboiled-java">
			<revision name="1.0.2" status="release" pubdate="20111001002042" resolver="local" artresolver="local" homepage="http://parboiled.org/" downloaded="false" searched="false" default="false" conf="compile, master(*), runtime, compile(*), runtime(*), master" position="18">
				<license name="Apache 2" url="http://www.apache.org/licenses/LICENSE-2.0.txt"/>
				<metadata-artifact status="no" details="" size="2964" time="0" location="C:\Users\Kübra\Desktop\play-2.1.5\framework\.\..\repository\cache\org.parboiled\parboiled-java\ivy-1.0.2.xml" searched="false" origin-is-local="true" origin-location="C:\Users\Kübra\Desktop\play-2.1.5\repository\local\org.parboiled\parboiled-java\1.0.2\ivys\ivy.xml"/>
				<caller organisation="org.pegdown" name="pegdown" conf="default, compile, runtime, master" rev="1.0.2" rev-constraint-default="1.0.2" rev-constraint-dynamic="1.0.2" callerrev="1.1.0"/>
				<artifacts>
					<artifact name="parboiled-java" type="jar" ext="jar" status="no" details="" size="83356" time="0" location="C:\Users\Kübra\Desktop\play-2.1.5\repository\local\org.parboiled\parboiled-java\1.0.2\jars\parboiled-java.jar">
						<origin-location is-local="true" location="C:\Users\Kübra\Desktop\play-2.1.5\repository\local\org.parboiled\parboiled-java\1.0.2\jars\parboiled-java.jar"/>
					</artifact>
				</artifacts>
			</revision>
		</module>
		<module organisation="asm" name="asm-analysis">
			<revision name="3.3.1" status="release" pubdate="20110113010219" resolver="local" artresolver="local" homepage="" downloaded="false" searched="true" default="false" conf="compile, master(*), runtime, compile(*), runtime(*), master" position="22">
				<metadata-artifact status="no" details="" size="3410" time="0" location="C:\Users\Kübra\Desktop\play-2.1.5\framework\.\..\repository\cache\asm\asm-analysis\ivy-3.3.1.xml" searched="true" original-local-location="C:\Users\Kübra\Desktop\play-2.1.5\repository\local\asm\asm-analysis\3.3.1\ivys\ivy.xml" origin-is-local="true" origin-location="C:\Users\Kübra\Desktop\play-2.1.5\repository\local\asm\asm-analysis\3.3.1\ivys\ivy.xml"/>
				<caller organisation="org.parboiled" name="parboiled-java" conf="compile, runtime" rev="3.3.1" rev-constraint-default="3.3.1" rev-constraint-dynamic="3.3.1" callerrev="1.0.2"/>
				<artifacts>
					<artifact name="asm-analysis" type="jar" ext="jar" status="no" details="" size="18358" time="0" location="C:\Users\Kübra\Desktop\play-2.1.5\repository\local\asm\asm-analysis\3.3.1\jars\asm-analysis.jar">
						<origin-location is-local="true" location="C:\Users\Kübra\Desktop\play-2.1.5\repository\local\asm\asm-analysis\3.3.1\jars\asm-analysis.jar"/>
					</artifact>
				</artifacts>
			</revision>
		</module>
		<module organisation="asm" name="asm-util">
			<revision name="3.3.1" status="release" pubdate="20110113010349" resolver="local" artresolver="local" homepage="" downloaded="false" searched="true" default="false" conf="compile, master(*), runtime, compile(*), runtime(*), master" position="20">
				<metadata-artifact status="no" details="" size="3402" time="0" location="C:\Users\Kübra\Desktop\play-2.1.5\framework\.\..\repository\cache\asm\asm-util\ivy-3.3.1.xml" searched="true" original-local-location="C:\Users\Kübra\Desktop\play-2.1.5\repository\local\asm\asm-util\3.3.1\ivys\ivy.xml" origin-is-local="true" origin-location="C:\Users\Kübra\Desktop\play-2.1.5\repository\local\asm\asm-util\3.3.1\ivys\ivy.xml"/>
				<caller organisation="org.parboiled" name="parboiled-java" conf="compile, runtime" rev="3.3.1" rev-constraint-default="3.3.1" rev-constraint-dynamic="3.3.1" callerrev="1.0.2"/>
				<artifacts>
					<artifact name="asm-util" type="jar" ext="jar" status="no" details="" size="36964" time="0" location="C:\Users\Kübra\Desktop\play-2.1.5\repository\local\asm\asm-util\3.3.1\jars\asm-util.jar">
						<origin-location is-local="true" location="C:\Users\Kübra\Desktop\play-2.1.5\repository\local\asm\asm-util\3.3.1\jars\asm-util.jar"/>
					</artifact>
				</artifacts>
			</revision>
		</module>
		<module organisation="asm" name="asm-tree">
			<revision name="3.3.1" status="release" pubdate="20110113010334" resolver="local" artresolver="local" homepage="" downloaded="false" searched="true" default="false" conf="compile, master(*), runtime, compile(*), runtime(*), master" position="21">
				<metadata-artifact status="no" details="" size="3397" time="0" location="C:\Users\Kübra\Desktop\play-2.1.5\framework\.\..\repository\cache\asm\asm-tree\ivy-3.3.1.xml" searched="true" original-local-location="C:\Users\Kübra\Desktop\play-2.1.5\repository\local\asm\asm-tree\3.3.1\ivys\ivy.xml" origin-is-local="true" origin-location="C:\Users\Kübra\Desktop\play-2.1.5\repository\local\asm\asm-tree\3.3.1\ivys\ivy.xml"/>
				<caller organisation="asm" name="asm-util" conf="compile, runtime" rev="3.3.1" rev-constraint-default="3.3.1" rev-constraint-dynamic="3.3.1" callerrev="3.3.1"/>
				<caller organisation="org.parboiled" name="parboiled-java" conf="compile, runtime" rev="3.3.1" rev-constraint-default="3.3.1" rev-constraint-dynamic="3.3.1" callerrev="1.0.2"/>
				<caller organisation="asm" name="asm-analysis" conf="compile, runtime" rev="3.3.1" rev-constraint-default="3.3.1" rev-constraint-dynamic="3.3.1" callerrev="3.3.1"/>
				<artifacts>
					<artifact name="asm-tree" type="jar" ext="jar" status="no" details="" size="21507" time="0" location="C:\Users\Kübra\Desktop\play-2.1.5\repository\local\asm\asm-tree\3.3.1\jars\asm-tree.jar">
						<origin-location is-local="true" location="C:\Users\Kübra\Desktop\play-2.1.5\repository\local\asm\asm-tree\3.3.1\jars\asm-tree.jar"/>
					</artifact>
				</artifacts>
			</revision>
		</module>
		<module organisation="asm" name="asm">
			<revision name="3.3.1" status="release" pubdate="20110113010134" resolver="local" artresolver="local" homepage="" downloaded="false" searched="true" default="false" conf="compile, master(*), runtime, compile(*), runtime(*), master" position="19">
				<metadata-artifact status="no" details="" size="2814" time="0" location="C:\Users\Kübra\Desktop\play-2.1.5\framework\.\..\repository\cache\asm\asm\ivy-3.3.1.xml" searched="true" original-local-location="C:\Users\Kübra\Desktop\play-2.1.5\repository\local\asm\asm\3.3.1\ivys\ivy.xml" origin-is-local="true" origin-location="C:\Users\Kübra\Desktop\play-2.1.5\repository\local\asm\asm\3.3.1\ivys\ivy.xml"/>
				<caller organisation="org.parboiled" name="parboiled-java" conf="compile, runtime" rev="3.3.1" rev-constraint-default="3.3.1" rev-constraint-dynamic="3.3.1" callerrev="1.0.2"/>
				<caller organisation="asm" name="asm-tree" conf="compile, runtime" rev="3.3.1" rev-constraint-default="3.3.1" rev-constraint-dynamic="3.3.1" callerrev="3.3.1"/>
				<artifacts>
					<artifact name="asm" type="jar" ext="jar" status="no" details="" size="43581" time="0" location="C:\Users\Kübra\Desktop\play-2.1.5\repository\local\asm\asm\3.3.1\jars\asm.jar">
						<origin-location is-local="true" location="C:\Users\Kübra\Desktop\play-2.1.5\repository\local\asm\asm\3.3.1\jars\asm.jar"/>
					</artifact>
				</artifacts>
			</revision>
		</module>
		<module organisation="org.parboiled" name="parboiled-core">
			<revision name="1.0.2" status="release" pubdate="20111001002025" resolver="local" artresolver="local" homepage="http://parboiled.org/" downloaded="false" searched="false" default="false" conf="compile, master(*), runtime, compile(*), runtime(*), master" position="17">
				<license name="Apache 2" url="http://www.apache.org/licenses/LICENSE-2.0.txt"/>
				<metadata-artifact status="no" details="" size="2296" time="0" location="C:\Users\Kübra\Desktop\play-2.1.5\framework\.\..\repository\cache\org.parboiled\parboiled-core\ivy-1.0.2.xml" searched="false" origin-is-local="true" origin-location="C:\Users\Kübra\Desktop\play-2.1.5\repository\local\org.parboiled\parboiled-core\1.0.2\ivys\ivy.xml"/>
				<caller organisation="org.parboiled" name="parboiled-java" conf="compile, runtime" rev="1.0.2" rev-constraint-default="1.0.2" rev-constraint-dynamic="1.0.2" callerrev="1.0.2"/>
				<caller organisation="org.pegdown" name="pegdown" conf="default, compile, runtime, master" rev="1.0.2" rev-constraint-default="1.0.2" rev-constraint-dynamic="1.0.2" callerrev="1.1.0"/>
				<artifacts>
					<artifact name="parboiled-core" type="jar" ext="jar" status="no" details="" size="211833" time="0" location="C:\Users\Kübra\Desktop\play-2.1.5\repository\local\org.parboiled\parboiled-core\1.0.2\jars\parboiled-core.jar">
						<origin-location is-local="true" location="C:\Users\Kübra\Desktop\play-2.1.5\repository\local\org.parboiled\parboiled-core\1.0.2\jars\parboiled-core.jar"/>
					</artifact>
				</artifacts>
			</revision>
		</module>
		<module organisation="org.javassist" name="javassist">
			<revision name="3.16.1-GA" status="release" pubdate="20120307023712" resolver="local" artresolver="local" homepage="http://www.javassist.org/" downloaded="false" searched="false" default="false" conf="default(compile), default, compile, runtime, master" position="15">
				<license name="MPL 1.1" url="http://www.mozilla.org/MPL/MPL-1.1.html"/>
				<license name="LGPL 2.1" url="http://www.gnu.org/licenses/lgpl-2.1.html"/>
				<license name="Apache License 2.0" url="http://www.apache.org/licenses/"/>
				<metadata-artifact status="no" details="" size="3053" time="0" location="C:\Users\Kübra\Desktop\play-2.1.5\framework\.\..\repository\cache\org.javassist\javassist\ivy-3.16.1-GA.xml" searched="false" origin-is-local="true" origin-location="C:\Users\Kübra\Desktop\play-2.1.5\repository\local\org.javassist\javassist\3.16.1-GA\ivys\ivy.xml"/>
				<caller organisation="play" name="sbt-plugin" conf="compile" rev="3.16.1-GA" rev-constraint-default="3.16.1-GA" rev-constraint-dynamic="3.16.1-GA" callerrev="2.1.0"/>
				<artifacts>
					<artifact name="javassist" type="jar" ext="jar" status="no" details="" size="659343" time="0" location="C:\Users\Kübra\Desktop\play-2.1.5\repository\local\org.javassist\javassist\3.16.1-GA\jars\javassist.jar">
						<origin-location is-local="true" location="C:\Users\Kübra\Desktop\play-2.1.5\repository\local\org.javassist\javassist\3.16.1-GA\jars\javassist.jar"/>
					</artifact>
				</artifacts>
			</revision>
		</module>
		<module organisation="com.h2database" name="h2">
			<revision name="1.3.168" status="release" pubdate="20120714011808" resolver="local" artresolver="local" homepage="http://www.h2database.com" downloaded="false" searched="false" default="false" conf="default(compile), default, compile, runtime, master" position="14">
				<license name="The H2 License, Version 1.0" url="http://h2database.com/html/license.html"/>
				<metadata-artifact status="no" details="" size="2328" time="0" location="C:\Users\Kübra\Desktop\play-2.1.5\framework\.\..\repository\cache\com.h2database\h2\ivy-1.3.168.xml" searched="false" origin-is-local="true" origin-location="C:\Users\Kübra\Desktop\play-2.1.5\repository\local\com.h2database\h2\1.3.168\ivys\ivy.xml"/>
				<caller organisation="play" name="sbt-plugin" conf="compile" rev="1.3.168" rev-constraint-default="1.3.168" rev-constraint-dynamic="1.3.168" callerrev="2.1.0"/>
				<artifacts>
					<artifact name="h2" type="jar" ext="jar" status="no" details="" size="1280753" time="0" location="C:\Users\Kübra\Desktop\play-2.1.5\repository\local\com.h2database\h2\1.3.168\jars\h2.jar">
						<origin-location is-local="true" location="C:\Users\Kübra\Desktop\play-2.1.5\repository\local\com.h2database\h2\1.3.168\jars\h2.jar"/>
					</artifact>
				</artifacts>
			</revision>
		</module>
		<module organisation="org.avaje.ebeanorm" name="avaje-ebeanorm">
			<revision name="3.1.2" status="release" pubdate="20121002125001" resolver="local" artresolver="local" homepage="http://www.avaje.org" downloaded="false" searched="false" default="false" conf="default(compile), default, compile, runtime, master" position="10">
				<license name="The Apache Software License, Version 2.0" url="http://www.apache.org/licenses/LICENSE-2.0.txt"/>
				<metadata-artifact status="no" details="" size="4602" time="0" location="C:\Users\Kübra\Desktop\play-2.1.5\framework\.\..\repository\cache\org.avaje.ebeanorm\avaje-ebeanorm\ivy-3.1.2.xml" searched="false" origin-is-local="true" origin-location="C:\Users\Kübra\Desktop\play-2.1.5\repository\local\org.avaje.ebeanorm\avaje-ebeanorm\3.1.2\ivys\ivy.xml"/>
				<caller organisation="play" name="sbt-plugin" conf="compile" rev="3.1.2" rev-constraint-default="3.1.2" rev-constraint-dynamic="3.1.2" callerrev="2.1.0"/>
				<artifacts>
					<artifact name="avaje-ebeanorm" type="jar" ext="jar" status="no" details="" size="2470" time="0" location="C:\Users\Kübra\Desktop\play-2.1.5\repository\local\org.avaje.ebeanorm\avaje-ebeanorm\3.1.2\jars\avaje-ebeanorm.jar">
						<origin-location is-local="true" location="C:\Users\Kübra\Desktop\play-2.1.5\repository\local\org.avaje.ebeanorm\avaje-ebeanorm\3.1.2\jars\avaje-ebeanorm.jar"/>
					</artifact>
				</artifacts>
			</revision>
		</module>
		<module organisation="org.avaje.ebeanorm" name="avaje-ebeanorm-server">
			<revision name="3.1.2" status="release" pubdate="20121002124607" resolver="local" artresolver="local" homepage="http://www.avaje.org" downloaded="false" searched="false" default="false" conf="compile, master(*), runtime, compile(*), runtime(*), master" position="13">
				<license name="The Apache Software License, Version 2.0" url="http://www.apache.org/licenses/LICENSE-2.0.txt"/>
				<metadata-artifact status="no" details="" size="5679" time="0" location="C:\Users\Kübra\Desktop\play-2.1.5\framework\.\..\repository\cache\org.avaje.ebeanorm\avaje-ebeanorm-server\ivy-3.1.2.xml" searched="false" origin-is-local="true" origin-location="C:\Users\Kübra\Desktop\play-2.1.5\repository\local\org.avaje.ebeanorm\avaje-ebeanorm-server\3.1.2\ivys\ivy.xml"/>
				<caller organisation="org.avaje.ebeanorm" name="avaje-ebeanorm" conf="default, compile, runtime, master" rev="3.1.2" rev-constraint-default="3.1.2" rev-constraint-dynamic="3.1.2" callerrev="3.1.2"/>
				<artifacts>
					<artifact name="avaje-ebeanorm-server" type="jar" ext="jar" status="no" details="" size="1458306" time="0" location="C:\Users\Kübra\Desktop\play-2.1.5\repository\local\org.avaje.ebeanorm\avaje-ebeanorm-server\3.1.2\jars\avaje-ebeanorm-server.jar">
						<origin-location is-local="true" location="C:\Users\Kübra\Desktop\play-2.1.5\repository\local\org.avaje.ebeanorm\avaje-ebeanorm-server\3.1.2\jars\avaje-ebeanorm-server.jar"/>
					</artifact>
				</artifacts>
			</revision>
		</module>
		<module organisation="org.avaje.ebeanorm" name="avaje-ebeanorm-api">
			<revision name="3.1.1" status="release" pubdate="20120914215621" resolver="local" artresolver="local" homepage="http://www.avaje.org" downloaded="false" searched="false" default="false" conf="compile, master(*), runtime, compile(*), runtime(*), master" position="11">
				<license name="The Apache Software License, Version 2.0" url="http://www.apache.org/licenses/LICENSE-2.0.txt"/>
				<metadata-artifact status="no" details="" size="5035" time="0" location="C:\Users\Kübra\Desktop\play-2.1.5\framework\.\..\repository\cache\org.avaje.ebeanorm\avaje-ebeanorm-api\ivy-3.1.1.xml" searched="false" origin-is-local="true" origin-location="C:\Users\Kübra\Desktop\play-2.1.5\repository\local\org.avaje.ebeanorm\avaje-ebeanorm-api\3.1.1\ivys\ivy.xml"/>
				<caller organisation="org.avaje.ebeanorm" name="avaje-ebeanorm-server" conf="compile, runtime" rev="3.1.1" rev-constraint-default="3.1.1" rev-constraint-dynamic="3.1.1" callerrev="3.1.2"/>
				<caller organisation="org.avaje.ebeanorm" name="avaje-ebeanorm" conf="default, compile, runtime, master" rev="3.1.1" rev-constraint-default="3.1.1" rev-constraint-dynamic="3.1.1" callerrev="3.1.2"/>
				<artifacts>
					<artifact name="avaje-ebeanorm-api" type="jar" ext="jar" status="no" details="" size="289414" time="0" location="C:\Users\Kübra\Desktop\play-2.1.5\repository\local\org.avaje.ebeanorm\avaje-ebeanorm-api\3.1.1\jars\avaje-ebeanorm-api.jar">
						<origin-location is-local="true" location="C:\Users\Kübra\Desktop\play-2.1.5\repository\local\org.avaje.ebeanorm\avaje-ebeanorm-api\3.1.1\jars\avaje-ebeanorm-api.jar"/>
					</artifact>
				</artifacts>
			</revision>
		</module>
		<module organisation="org.avaje.ebeanorm" name="avaje-ebeanorm-agent">
			<revision name="3.2.2" status="release" pubdate="20130802100538" resolver="local" artresolver="local" homepage="http://www.avaje.org" downloaded="false" searched="true" default="false" conf="compile, master(*), runtime, compile(*), runtime(*), master" position="12">
				<license name="The Apache Software License, Version 2.0" url="http://www.apache.org/licenses/LICENSE-2.0.txt"/>
				<metadata-artifact status="no" details="" size="4597" time="0" location="C:\Users\Kübra\Desktop\play-2.1.5\framework\.\..\repository\cache\org.avaje.ebeanorm\avaje-ebeanorm-agent\ivy-3.2.2.xml" searched="true" origin-is-local="true" origin-location="C:\Users\Kübra\Desktop\play-2.1.5\repository\local\org.avaje.ebeanorm\avaje-ebeanorm-agent\3.2.2\ivys\ivy.xml"/>
				<caller organisation="org.avaje.ebeanorm" name="avaje-ebeanorm-server" conf="compile, runtime" rev="3.1.1" rev-constraint-default="3.1.1" rev-constraint-dynamic="3.1.1" callerrev="3.1.2"/>
				<caller organisation="org.avaje.ebeanorm" name="avaje-ebeanorm-api" conf="compile, runtime" rev="[3.1,4)" rev-constraint-default="[3.1,4)" rev-constraint-dynamic="[3.1,4)" callerrev="3.1.1"/>
				<artifacts>
					<artifact name="avaje-ebeanorm-agent" type="jar" ext="jar" status="no" details="" size="182176" time="0" location="C:\Users\Kübra\Desktop\play-2.1.5\repository\local\org.avaje.ebeanorm\avaje-ebeanorm-agent\3.2.2\jars\avaje-ebeanorm-agent.jar">
						<origin-location is-local="true" location="C:\Users\Kübra\Desktop\play-2.1.5\repository\local\org.avaje.ebeanorm\avaje-ebeanorm-agent\3.2.2\jars\avaje-ebeanorm-agent.jar"/>
					</artifact>
				</artifacts>
			</revision>
			<revision name="3.1.1" evicted="latest-revision" evicted-reason="" downloaded="false" searched="false" conf="compile, master(*), runtime, compile(*), runtime(*), master" position="-1">
				<evicted-by rev="3.2.2"/>
				<caller organisation="org.avaje.ebeanorm" name="avaje-ebeanorm-server" conf="compile, runtime" rev="3.1.1" rev-constraint-default="3.1.1" rev-constraint-dynamic="3.1.1" callerrev="3.1.2"/>
				<artifacts>
				</artifacts>
			</revision>
		</module>
		<module organisation="com.github.scala-incubator.io" name="scala-io-file_2.9.2">
			<revision name="0.4.1" status="release" pubdate="20120802222754" resolver="local" artresolver="local" homepage="http://jesseeichar.github.com/scala-io-doc/index.html" downloaded="false" searched="false" default="false" conf="default(compile), default, compile, runtime, master" position="5">
				<license name="Scala License" url="http://www.scala-lang.org/node/146"/>
				<metadata-artifact status="no" details="" size="2828" time="0" location="C:\Users\Kübra\Desktop\play-2.1.5\framework\.\..\repository\cache\com.github.scala-incubator.io\scala-io-file_2.9.2\ivy-0.4.1.xml" searched="false" origin-is-local="true" origin-location="C:\Users\Kübra\Desktop\play-2.1.5\repository\local\com.github.scala-incubator.io\scala-io-file_2.9.2\0.4.1\ivys\ivy.xml"/>
				<caller organisation="play" name="sbt-plugin" conf="compile" rev="0.4.1" rev-constraint-default="0.4.1" rev-constraint-dynamic="0.4.1" callerrev="2.1.0"/>
				<artifacts>
					<artifact name="scala-io-file_2.9.2" type="jar" ext="jar" status="no" details="" size="389888" time="0" location="C:\Users\Kübra\Desktop\play-2.1.5\repository\local\com.github.scala-incubator.io\scala-io-file_2.9.2\0.4.1\jars\scala-io-file_2.9.2.jar">
						<origin-location is-local="true" location="C:\Users\Kübra\Desktop\play-2.1.5\repository\local\com.github.scala-incubator.io\scala-io-file_2.9.2\0.4.1\jars\scala-io-file_2.9.2.jar"/>
					</artifact>
				</artifacts>
			</revision>
		</module>
		<module organisation="com.github.scala-incubator.io" name="scala-io-core_2.9.2">
			<revision name="0.4.1" status="release" pubdate="20120802222811" resolver="local" artresolver="local" homepage="http://jesseeichar.github.com/scala-io-doc/index.html" downloaded="false" searched="false" default="false" conf="compile, master(*), runtime, compile(*), runtime(*), master" position="6">
				<license name="Scala License" url="http://www.scala-lang.org/node/146"/>
				<metadata-artifact status="no" details="" size="2962" time="0" location="C:\Users\Kübra\Desktop\play-2.1.5\framework\.\..\repository\cache\com.github.scala-incubator.io\scala-io-core_2.9.2\ivy-0.4.1.xml" searched="false" origin-is-local="true" origin-location="C:\Users\Kübra\Desktop\play-2.1.5\repository\local\com.github.scala-incubator.io\scala-io-core_2.9.2\0.4.1\ivys\ivy.xml"/>
				<caller organisation="com.github.scala-incubator.io" name="scala-io-file_2.9.2" conf="default, compile, runtime, master" rev="0.4.1" rev-constraint-default="0.4.1" rev-constraint-dynamic="0.4.1" callerrev="0.4.1"/>
				<artifacts>
					<artifact name="scala-io-core_2.9.2" type="jar" ext="jar" status="no" details="" size="1427458" time="0" location="C:\Users\Kübra\Desktop\play-2.1.5\repository\local\com.github.scala-incubator.io\scala-io-core_2.9.2\0.4.1\jars\scala-io-core_2.9.2.jar">
						<origin-location is-local="true" location="C:\Users\Kübra\Desktop\play-2.1.5\repository\local\com.github.scala-incubator.io\scala-io-core_2.9.2\0.4.1\jars\scala-io-core_2.9.2.jar"/>
					</artifact>
				</artifacts>
			</revision>
		</module>
		<module organisation="com.typesafe.akka" name="akka-actor">
			<revision name="2.0.1" status="release" pubdate="20130506214223" resolver="local" artresolver="local" homepage="http://akka.io" downloaded="false" searched="false" default="false" conf="compile, master(*), runtime, compile(*), runtime(*), master" position="9">
				<license name="Apache 2" url="http://www.apache.org/licenses/LICENSE-2.0.txt"/>
				<metadata-artifact status="no" details="" size="2489" time="0" location="C:\Users\Kübra\Desktop\play-2.1.5\framework\.\..\repository\cache\com.typesafe.akka\akka-actor\ivy-2.0.1.xml" searched="false" origin-is-local="true" origin-location="C:\Users\Kübra\Desktop\play-2.1.5\repository\local\com.typesafe.akka\akka-actor\2.0.1\ivys\ivy.xml"/>
				<caller organisation="com.github.scala-incubator.io" name="scala-io-core_2.9.2" conf="compile, runtime" rev="2.0.1" rev-constraint-default="2.0.1" rev-constraint-dynamic="2.0.1" callerrev="0.4.1"/>
				<artifacts>
					<artifact name="akka-actor" type="jar" ext="jar" status="no" details="" size="1841418" time="0" location="C:\Users\Kübra\Desktop\play-2.1.5\repository\local\com.typesafe.akka\akka-actor\2.0.1\jars\akka-actor.jar">
						<origin-location is-local="true" location="C:\Users\Kübra\Desktop\play-2.1.5\repository\local\com.typesafe.akka\akka-actor\2.0.1\jars\akka-actor.jar"/>
					</artifact>
				</artifacts>
			</revision>
		</module>
		<module organisation="com.github.jsuereth.scala-arm" name="scala-arm_2.9.1">
			<revision name="1.1" status="release" pubdate="20111221144753" resolver="local" artresolver="local" homepage="" downloaded="false" searched="false" default="false" conf="compile, master(*), runtime, compile(*), runtime(*), master" position="8">
				<metadata-artifact status="no" details="" size="2739" time="0" location="C:\Users\Kübra\Desktop\play-2.1.5\framework\.\..\repository\cache\com.github.jsuereth.scala-arm\scala-arm_2.9.1\ivy-1.1.xml" searched="false" origin-is-local="true" origin-location="C:\Users\Kübra\Desktop\play-2.1.5\repository\local\com.github.jsuereth.scala-arm\scala-arm_2.9.1\1.1\ivys\ivy.xml"/>
				<caller organisation="com.github.scala-incubator.io" name="scala-io-core_2.9.2" conf="compile, runtime" rev="1.1" rev-constraint-default="1.1" rev-constraint-dynamic="1.1" callerrev="0.4.1"/>
				<artifacts>
					<artifact name="scala-arm_2.9.1" type="jar" ext="jar" status="no" details="" size="68729" time="0" location="C:\Users\Kübra\Desktop\play-2.1.5\repository\local\com.github.jsuereth.scala-arm\scala-arm_2.9.1\1.1\jars\scala-arm_2.9.1.jar">
						<origin-location is-local="true" location="C:\Users\Kübra\Desktop\play-2.1.5\repository\local\com.github.jsuereth.scala-arm\scala-arm_2.9.1\1.1\jars\scala-arm_2.9.1.jar"/>
					</artifact>
				</artifacts>
			</revision>
		</module>
		<module organisation="org.scala-lang" name="scala-library">
			<revision name="2.9.2" status="release" pubdate="20120413222921" resolver="local" artresolver="local" homepage="http://www.scala-lang.org/" downloaded="false" searched="false" default="false" conf="compile, master(*), runtime, compile(*), runtime(*), master" position="7">
				<license name="BSD-like" url="http://www.scala-lang.org/downloads/license.html          "/>
				<metadata-artifact status="no" details="" size="2382" time="0" location="C:\Users\Kübra\Desktop\play-2.1.5\framework\.\..\repository\cache\org.scala-lang\scala-library\ivy-2.9.2.xml" searched="false" origin-is-local="true" origin-location="C:\Users\Kübra\Desktop\play-2.1.5\repository\local\org.scala-lang\scala-library\2.9.2\ivys\ivy.xml"/>
				<caller organisation="org.scalaz" name="scalaz-core_2.9.2" conf="default, compile, runtime, master" rev="2.9.2" rev-constraint-default="2.9.2" rev-constraint-dynamic="2.9.2" callerrev="6.0.4"/>
				<caller organisation="com.github.scala-incubator.io" name="scala-io-core_2.9.2" conf="compile, runtime" rev="2.9.2" rev-constraint-default="2.9.2" rev-constraint-dynamic="2.9.2" callerrev="0.4.1"/>
				<caller organisation="com.typesafe.akka" name="akka-actor" conf="compile, runtime" rev="2.9.2" rev-constraint-default="2.9.2" rev-constraint-dynamic="2.9.1-1" callerrev="2.0.1"/>
				<caller organisation="com.github.scala-incubator.io" name="scala-io-file_2.9.2" conf="default, compile, runtime, master" rev="2.9.2" rev-constraint-default="2.9.2" rev-constraint-dynamic="2.9.2" callerrev="0.4.1"/>
				<caller organisation="com.github.jsuereth.scala-arm" name="scala-arm_2.9.1" conf="compile, runtime" rev="2.9.2" rev-constraint-default="2.9.2" rev-constraint-dynamic="2.9.1" callerrev="1.1"/>
				<artifacts>
				</artifacts>
			</revision>
		</module>
		<module organisation="com.google.javascript" name="closure-compiler">
			<revision name="rr2079.1" status="release" pubdate="20120815023139" resolver="local" artresolver="local" homepage="http://code.google.com/p/closure-compiler/" downloaded="false" searched="false" default="false" conf="default(compile), default, compile, runtime, master" position="3">
				<license name="The Apache Software License, Version 2.0" url="http://www.apache.org/licenses/LICENSE-2.0.html"/>
				<metadata-artifact status="no" details="" size="3977" time="0" location="C:\Users\Kübra\Desktop\play-2.1.5\framework\.\..\repository\cache\com.google.javascript\closure-compiler\ivy-rr2079.1.xml" searched="false" origin-is-local="true" origin-location="C:\Users\Kübra\Desktop\play-2.1.5\repository\local\com.google.javascript\closure-compiler\rr2079.1\ivys\ivy.xml"/>
				<caller organisation="play" name="sbt-plugin" conf="compile" rev="rr2079.1" rev-constraint-default="rr2079.1" rev-constraint-dynamic="rr2079.1" callerrev="2.1.0"/>
				<artifacts>
					<artifact name="closure-compiler" type="jar" ext="jar" status="no" details="" size="3399207" time="0" location="C:\Users\Kübra\Desktop\play-2.1.5\repository\local\com.google.javascript\closure-compiler\rr2079.1\jars\closure-compiler.jar">
						<origin-location is-local="true" location="C:\Users\Kübra\Desktop\play-2.1.5\repository\local\com.google.javascript\closure-compiler\rr2079.1\jars\closure-compiler.jar"/>
					</artifact>
				</artifacts>
			</revision>
		</module>
		<module organisation="com.google.guava" name="guava">
			<revision name="10.0.1" status="release" pubdate="20111011014457" resolver="local" artresolver="local" homepage="" downloaded="false" searched="false" default="false" conf="default(compile), default, compile, runtime, master" position="4">
				<metadata-artifact status="no" details="" size="3827" time="0" location="C:\Users\Kübra\Desktop\play-2.1.5\framework\.\..\repository\cache\com.google.guava\guava\ivy-10.0.1.xml" searched="false" origin-is-local="true" origin-location="C:\Users\Kübra\Desktop\play-2.1.5\repository\local\com.google.guava\guava\10.0.1\ivys\ivy.xml"/>
				<caller organisation="play" name="sbt-plugin" conf="compile" rev="10.0.1" rev-constraint-default="10.0.1" rev-constraint-dynamic="10.0.1" callerrev="2.1.0"/>
				<artifacts>
					<artifact name="guava" type="jar" ext="jar" status="no" details="" size="1501575" time="0" location="C:\Users\Kübra\Desktop\play-2.1.5\repository\local\com.google.guava\guava\10.0.1\jars\guava.jar">
						<origin-location is-local="true" location="C:\Users\Kübra\Desktop\play-2.1.5\repository\local\com.google.guava\guava\10.0.1\jars\guava.jar"/>
					</artifact>
				</artifacts>
			</revision>
		</module>
		<module organisation="rhino" name="js">
			<revision name="1.7R2" status="release" pubdate="20090822000542" resolver="local" artresolver="local" homepage="http://www.mozilla.org/rhino/" downloaded="false" searched="false" default="false" conf="default(compile), default, compile, runtime, master" position="2">
				<license name="Mozilla Public License" url="http://www.mozilla.org/MPL/MPL-1.1.html"/>
				<metadata-artifact status="no" details="" size="2459" time="0" location="C:\Users\Kübra\Desktop\play-2.1.5\framework\.\..\repository\cache\rhino\js\ivy-1.7R2.xml" searched="false" origin-is-local="true" origin-location="C:\Users\Kübra\Desktop\play-2.1.5\repository\local\rhino\js\1.7R2\ivys\ivy.xml"/>
				<caller organisation="play" name="sbt-plugin" conf="compile" rev="1.7R2" rev-constraint-default="1.7R2" rev-constraint-dynamic="1.7R2" callerrev="2.1.0"/>
				<artifacts>
					<artifact name="js" type="jar" ext="jar" status="no" details="" size="871260" time="0" location="C:\Users\Kübra\Desktop\play-2.1.5\repository\local\rhino\js\1.7R2\jars\js.jar">
						<origin-location is-local="true" location="C:\Users\Kübra\Desktop\play-2.1.5\repository\local\rhino\js\1.7R2\jars\js.jar"/>
					</artifact>
				</artifacts>
			</revision>
		</module>
		<module organisation="com.typesafe" name="config">
			<revision name="1.0.0" status="release" pubdate="20130506214453" resolver="local" artresolver="local" homepage="https://github.com/typesafehub/config" downloaded="false" searched="false" default="false" conf="default(compile), default, compile, runtime, master" position="1">
				<license name="Apache License, Version 2.0" url="http://www.apache.org/licenses/LICENSE-2.0"/>
				<metadata-artifact status="no" details="" size="2716" time="0" location="C:\Users\Kübra\Desktop\play-2.1.5\framework\.\..\repository\cache\com.typesafe\config\ivy-1.0.0.xml" searched="false" origin-is-local="true" origin-location="C:\Users\Kübra\Desktop\play-2.1.5\repository\local\com.typesafe\config\1.0.0\ivys\ivy.xml"/>
				<caller organisation="play" name="sbt-plugin" conf="compile" rev="1.0.0" rev-constraint-default="1.0.0" rev-constraint-dynamic="1.0.0" callerrev="2.1.0"/>
				<artifacts>
					<artifact name="config" type="bundle" ext="jar" status="no" details="" size="185676" time="0" location="C:\Users\Kübra\Desktop\play-2.1.5\repository\local\com.typesafe\config\1.0.0\bundles\config.jar">
						<origin-location is-local="true" location="C:\Users\Kübra\Desktop\play-2.1.5\repository\local\com.typesafe\config\1.0.0\bundles\config.jar"/>
					</artifact>
				</artifacts>
			</revision>
		</module>
		<module organisation="play" name="console_2.9.2">
			<revision name="2.1.0" error="not found" downloaded="false" searched="false" conf="default(compile)" position="-1">
				<caller organisation="play" name="sbt-plugin" conf="compile" rev="2.1.0" rev-constraint-default="2.1.0" rev-constraint-dynamic="2.1.0" callerrev="2.1.0"/>
				<artifacts>
				</artifacts>
			</revision>
		</module>
		<module organisation="play" name="templates-compiler_2.9.2">
			<revision name="2.1.0" error="not found" downloaded="false" searched="false" conf="default(compile)" position="-1">
				<caller organisation="play" name="sbt-plugin" conf="compile" rev="2.1.0" rev-constraint-default="2.1.0" rev-constraint-dynamic="2.1.0" callerrev="2.1.0"/>
				<artifacts>
				</artifacts>
			</revision>
		</module>
		<module organisation="play" name="routes-compiler_2.9.2">
			<revision name="2.1.0" error="not found" downloaded="false" searched="false" conf="default(compile)" position="-1">
				<caller organisation="play" name="sbt-plugin" conf="compile" rev="2.1.0" rev-constraint-default="2.1.0" rev-constraint-dynamic="2.1.0" callerrev="2.1.0"/>
				<artifacts>
				</artifacts>
			</revision>
		</module>
		<module organisation="play" name="play-exceptions">
			<revision name="2.1.0" error="not found" downloaded="false" searched="false" conf="default(compile)" position="-1">
				<caller organisation="play" name="sbt-plugin" conf="compile" rev="2.1.0" rev-constraint-default="2.1.0" rev-constraint-dynamic="2.1.0" callerrev="2.1.0"/>
				<artifacts>
				</artifacts>
			</revision>
		</module>
		<module organisation="play" name="sbt-link">
			<revision name="2.1.0" error="not found" downloaded="false" searched="false" conf="default(compile)" position="-1">
				<caller organisation="play" name="sbt-plugin" conf="compile" rev="2.1.0" rev-constraint-default="2.1.0" rev-constraint-dynamic="2.1.0" callerrev="2.1.0"/>
				<artifacts>
				</artifacts>
			</revision>
		</module>
	</dependencies>
</ivy-report>
