<?xml version="1.0" encoding="UTF-8"?>
<?xml-stylesheet type="text/xsl" href="ivy-report.xsl"?>
<ivy-report version="1.0">
	<info
		organisation="osms"
		module="osms_2.10"
		revision="1.0-SNAPSHOT"
		conf="test"
		confs="compile, runtime, test, provided, optional, compile-internal, runtime-internal, test-internal, plugin, sources, docs, pom"
		date="20160607183619"/>
	<dependencies>
		<module organisation="play" name="play-test_2.10">
			<revision name="2.1.0" status="release" pubdate="20150421184420" resolver="Typesafe Releases Repository" artresolver="Typesafe Releases Repository" homepage="" downloaded="false" searched="false" default="false" conf="default(compile), default, compile, runtime, master" position="88">
				<metadata-artifact status="no" details="" size="3081" time="0" location="C:\Users\kubra\Desktop\play-2.1.5\framework\.\..\repository\cache\play\play-test_2.10\ivy-2.1.0.xml" searched="false" origin-is-local="false" origin-location="http://repo.typesafe.com/typesafe/releases/play/play-test_2.10/2.1.0/play-test_2.10-2.1.0.pom"/>
				<caller organisation="osms" name="osms_2.10" conf="test, compile, runtime" rev="2.1.0" rev-constraint-default="2.1.0" rev-constraint-dynamic="2.1.0" callerrev="1.0-SNAPSHOT"/>
				<artifacts>
					<artifact name="play-test_2.10" type="jar" ext="jar" status="no" details="" size="131003" time="0" location="C:\Users\kubra\Desktop\play-2.1.5\framework\.\..\repository\cache\play\play-test_2.10\jars\play-test_2.10-2.1.0.jar">
						<origin-location is-local="false" location="http://repo.typesafe.com/typesafe/releases/play/play-test_2.10/2.1.0/play-test_2.10-2.1.0.jar"/>
					</artifact>
				</artifacts>
			</revision>
		</module>
		<module organisation="junit" name="junit-dep">
			<revision name="4.10" status="release" pubdate="20110930051235" resolver="local" artresolver="local" homepage="http://junit.org" downloaded="false" searched="false" default="false" conf="compile, master(*), runtime, compile(*), runtime(*), master" position="89">
				<license name="Common Public License Version 1.0" url="http://www.opensource.org/licenses/cpl1.0.txt"/>
				<metadata-artifact status="no" details="" size="2764" time="0" location="C:\Users\kubra\Desktop\play-2.1.5\framework\.\..\repository\cache\junit\junit-dep\ivy-4.10.xml" searched="false" origin-is-local="true" origin-location="C:\Users\kubra\Desktop\play-2.1.5\repository\local\junit\junit-dep\4.10\ivys\ivy.xml"/>
				<caller organisation="org.fluentlenium" name="fluentlenium-core" conf="compile, runtime" rev="4.8.2" rev-constraint-default="4.8.2" rev-constraint-dynamic="4.8.2" callerrev="0.7.3"/>
				<caller organisation="play" name="play-test_2.10" conf="default, compile, runtime, master" rev="4.10" rev-constraint-default="4.10" rev-constraint-dynamic="4.10" callerrev="2.1.0"/>
				<caller organisation="com.novocode" name="junit-interface" conf="compile, runtime" rev="4.8.2" rev-constraint-default="4.8.2" rev-constraint-dynamic="4.8.2" callerrev="0.9"/>
				<artifacts>
					<artifact name="junit-dep" type="jar" ext="jar" status="no" details="" size="234088" time="0" location="C:\Users\kubra\Desktop\play-2.1.5\repository\local\junit\junit-dep\4.10\jars\junit-dep.jar">
						<origin-location is-local="true" location="C:\Users\kubra\Desktop\play-2.1.5\repository\local\junit\junit-dep\4.10\jars\junit-dep.jar"/>
					</artifact>
				</artifacts>
			</revision>
			<revision name="4.8.2" status="release" pubdate="20101005115031" resolver="public" artresolver="public" evicted="latest-revision" evicted-reason="" homepage="http://junit.org" downloaded="false" searched="false" default="false" conf="compile, master(*), runtime, compile(*), runtime(*), master" position="-1">
				<license name="Common Public License Version 1.0" url="http://www.opensource.org/licenses/cpl1.0.txt"/>
				<metadata-artifact status="no" details="" size="2758" time="0" location="C:\Users\kubra\Desktop\play-2.1.5\framework\.\..\repository\cache\junit\junit-dep\ivy-4.8.2.xml" searched="false" origin-is-local="false" origin-location="http://repo1.maven.org/maven2/junit/junit-dep/4.8.2/junit-dep-4.8.2.pom"/>
				<evicted-by rev="4.10"/>
				<caller organisation="org.fluentlenium" name="fluentlenium-core" conf="compile, runtime" rev="4.8.2" rev-constraint-default="4.8.2" rev-constraint-dynamic="4.8.2" callerrev="0.7.3"/>
				<caller organisation="play" name="play-test_2.10" conf="compile, runtime" rev="4.8.2" rev-constraint-default="4.8.2" rev-constraint-dynamic="4.10" callerrev="2.1.0"/>
				<caller organisation="com.novocode" name="junit-interface" conf="compile, runtime" rev="4.8.2" rev-constraint-default="4.8.2" rev-constraint-dynamic="4.8.2" callerrev="0.9"/>
				<artifacts>
				</artifacts>
			</revision>
		</module>
		<module organisation="mysql" name="mysql-connector-java">
			<revision name="5.1.16" status="release" pubdate="20150508135537" resolver="public" artresolver="public" homepage="http://dev.mysql.com/doc/connector-j/en/" downloaded="false" searched="false" default="false" conf="default(compile), default, compile, runtime, master" position="87">
				<license name="The GNU General Public License, Version 2" url="http://www.gnu.org/licenses/old-licenses/gpl-2.0.html"/>
				<metadata-artifact status="no" details="" size="2441" time="0" location="C:\Users\kubra\Desktop\play-2.1.5\framework\.\..\repository\cache\mysql\mysql-connector-java\ivy-5.1.16.xml" searched="false" origin-is-local="false" origin-location="http://repo1.maven.org/maven2/mysql/mysql-connector-java/5.1.16/mysql-connector-java-5.1.16.pom"/>
				<caller organisation="osms" name="osms_2.10" conf="test, compile, runtime" rev="5.1.16" rev-constraint-default="5.1.16" rev-constraint-dynamic="5.1.16" callerrev="1.0-SNAPSHOT"/>
				<artifacts>
					<artifact name="mysql-connector-java" type="jar" ext="jar" status="no" details="" size="786484" time="0" location="C:\Users\kubra\Desktop\play-2.1.5\framework\.\..\repository\cache\mysql\mysql-connector-java\jars\mysql-connector-java-5.1.16.jar">
						<origin-location is-local="false" location="http://repo1.maven.org/maven2/mysql/mysql-connector-java/5.1.16/mysql-connector-java-5.1.16.jar"/>
					</artifact>
				</artifacts>
			</revision>
		</module>
		<module organisation="org.apache.httpcomponents" name="httpasyncclient">
			<revision name="4.0-alpha3" status="release" pubdate="20110923213027" resolver="public" artresolver="public" homepage="http://hc.apache.org/httpcomponents-asyncclient" downloaded="false" searched="false" default="false" conf="default(compile), default, compile, runtime, master" position="83">
				<metadata-artifact status="no" details="" size="8431" time="0" location="C:\Users\kubra\Desktop\play-2.1.5\framework\.\..\repository\cache\org.apache.httpcomponents\httpasyncclient\ivy-4.0-alpha3.xml" searched="false" origin-is-local="false" origin-location="http://repo1.maven.org/maven2/org/apache/httpcomponents/httpasyncclient/4.0-alpha3/httpasyncclient-4.0-alpha3.pom"/>
				<caller organisation="osms" name="osms_2.10" conf="test, compile, runtime" rev="4.0-alpha3" rev-constraint-default="4.0-alpha3" rev-constraint-dynamic="4.0-alpha3" callerrev="1.0-SNAPSHOT"/>
				<artifacts>
					<artifact name="httpasyncclient" type="jar" ext="jar" status="no" details="" size="93616" time="0" location="C:\Users\kubra\Desktop\play-2.1.5\framework\.\..\repository\cache\org.apache.httpcomponents\httpasyncclient\jars\httpasyncclient-4.0-alpha3.jar">
						<origin-location is-local="false" location="http://repo1.maven.org/maven2/org/apache/httpcomponents/httpasyncclient/4.0-alpha3/httpasyncclient-4.0-alpha3.jar"/>
					</artifact>
				</artifacts>
			</revision>
		</module>
		<module organisation="org.apache.httpcomponents" name="httpcore-nio">
			<revision name="4.2-alpha2" status="release" pubdate="20110918181351" resolver="public" artresolver="public" homepage="http://hc.apache.org/httpcomponents-core-ga" downloaded="false" searched="false" default="false" conf="compile, master(*), runtime, compile(*), runtime(*), master, default(compile), default" position="85">
				<metadata-artifact status="no" details="" size="6948" time="0" location="C:\Users\kubra\Desktop\play-2.1.5\framework\.\..\repository\cache\org.apache.httpcomponents\httpcore-nio\ivy-4.2-alpha2.xml" searched="false" origin-is-local="false" origin-location="http://repo1.maven.org/maven2/org/apache/httpcomponents/httpcore-nio/4.2-alpha2/httpcore-nio-4.2-alpha2.pom"/>
				<caller organisation="org.apache.httpcomponents" name="httpasyncclient" conf="default, compile, runtime, master" rev="4.2-alpha2" rev-constraint-default="4.2-alpha2" rev-constraint-dynamic="4.2-alpha2" callerrev="4.0-alpha3"/>
				<caller organisation="osms" name="osms_2.10" conf="test, compile, runtime" rev="4.0-alpha5" rev-constraint-default="4.0-alpha5" rev-constraint-dynamic="4.0-alpha5" callerrev="1.0-SNAPSHOT"/>
				<artifacts>
					<artifact name="httpcore-nio" type="jar" ext="jar" status="no" details="" size="280017" time="0" location="C:\Users\kubra\Desktop\play-2.1.5\framework\.\..\repository\cache\org.apache.httpcomponents\httpcore-nio\jars\httpcore-nio-4.2-alpha2.jar">
						<origin-location is-local="false" location="http://repo1.maven.org/maven2/org/apache/httpcomponents/httpcore-nio/4.2-alpha2/httpcore-nio-4.2-alpha2.jar"/>
					</artifact>
				</artifacts>
			</revision>
			<revision name="4.0-alpha5" status="release" pubdate="20070702172636" resolver="public" artresolver="public" evicted="latest-revision" evicted-reason="" homepage="http://jakarta.apache.org/httpcomponents/httpcore" downloaded="false" searched="false" default="false" conf="default(compile), default, compile, runtime, master" position="-1">
				<license name="Apache License" url="../LICENSE.txt"/>
				<metadata-artifact status="no" details="" size="3848" time="0" location="C:\Users\kubra\Desktop\play-2.1.5\framework\.\..\repository\cache\org.apache.httpcomponents\httpcore-nio\ivy-4.0-alpha5.xml" searched="false" origin-is-local="false" origin-location="http://repo1.maven.org/maven2/org/apache/httpcomponents/httpcore-nio/4.0-alpha5/httpcore-nio-4.0-alpha5.pom"/>
				<evicted-by rev="4.2-alpha2"/>
				<caller organisation="osms" name="osms_2.10" conf="test, compile, runtime" rev="4.0-alpha5" rev-constraint-default="4.0-alpha5" rev-constraint-dynamic="4.0-alpha5" callerrev="1.0-SNAPSHOT"/>
				<artifacts>
				</artifacts>
			</revision>
		</module>
		<module organisation="org.apache.httpcomponents" name="httpcore">
			<revision name="4.2-alpha2" status="release" pubdate="20110918181259" resolver="public" artresolver="public" homepage="http://hc.apache.org/httpcomponents-core-ga" downloaded="false" searched="false" default="false" conf="compile, master(*), runtime, compile(*), runtime(*), master" position="84">
				<metadata-artifact status="no" details="" size="6749" time="0" location="C:\Users\kubra\Desktop\play-2.1.5\framework\.\..\repository\cache\org.apache.httpcomponents\httpcore\ivy-4.2-alpha2.xml" searched="false" origin-is-local="false" origin-location="http://repo1.maven.org/maven2/org/apache/httpcomponents/httpcore/4.2-alpha2/httpcore-4.2-alpha2.pom"/>
				<caller organisation="org.apache.httpcomponents" name="httpmime" conf="compile, runtime" rev="4.1.3" rev-constraint-default="4.1.3" rev-constraint-dynamic="4.1.2" callerrev="4.1.2"/>
				<caller organisation="org.apache.httpcomponents" name="httpclient" conf="compile, runtime" rev="4.2-alpha2" rev-constraint-default="4.2-alpha2" rev-constraint-dynamic="4.1.2" callerrev="4.1.2"/>
				<caller organisation="org.apache.httpcomponents" name="httpcore-nio" conf="compile, runtime" rev="4.2-alpha2" rev-constraint-default="4.2-alpha2" rev-constraint-dynamic="4.2-alpha2" callerrev="4.2-alpha2"/>
				<caller organisation="org.apache.httpcomponents" name="httpasyncclient" conf="default, compile, runtime, master" rev="4.2-alpha2" rev-constraint-default="4.2-alpha2" rev-constraint-dynamic="4.2-alpha2" callerrev="4.0-alpha3"/>
				<caller organisation="oauth.signpost" name="signpost-commonshttp4" conf="compile, runtime" rev="4.0.1" rev-constraint-default="4.0.1" rev-constraint-dynamic="4.0.1" callerrev="1.2.1.2"/>
				<caller organisation="org.apache.httpcomponents" name="httpcore-nio" conf="default, compile, runtime, master" rev="4.0-alpha5" rev-constraint-default="4.0-alpha5" rev-constraint-dynamic="4.0-alpha5" callerrev="4.0-alpha5"/>
				<caller organisation="org.apache.httpcomponents" name="httpclient" conf="compile, runtime" rev="4.0.1" rev-constraint-default="4.0.1" rev-constraint-dynamic="4.0.1" callerrev="4.0.1"/>
				<artifacts>
					<artifact name="httpcore" type="jar" ext="jar" status="no" details="" size="217130" time="0" location="C:\Users\kubra\Desktop\play-2.1.5\framework\.\..\repository\cache\org.apache.httpcomponents\httpcore\jars\httpcore-4.2-alpha2.jar">
						<origin-location is-local="false" location="http://repo1.maven.org/maven2/org/apache/httpcomponents/httpcore/4.2-alpha2/httpcore-4.2-alpha2.jar"/>
					</artifact>
				</artifacts>
			</revision>
			<revision name="4.0.1" status="release" pubdate="20130506214650" resolver="local" artresolver="local" evicted="latest-revision" evicted-reason="" homepage="http://hc.apache.org/httpcomponents-core/" downloaded="false" searched="false" default="false" conf="compile, master(*), runtime, compile(*), runtime(*), master" position="-1">
				<license name="Apache License" url="http://www.apache.org/licenses/LICENSE-2.0.html"/>
				<metadata-artifact status="no" details="" size="4239" time="0" location="C:\Users\kubra\Desktop\play-2.1.5\framework\.\..\repository\cache\org.apache.httpcomponents\httpcore\ivy-4.0.1.xml" searched="false" origin-is-local="true" origin-location="C:\Users\kubra\Desktop\play-2.1.5\repository\local\org.apache.httpcomponents\httpcore\4.0.1\ivys\ivy.xml"/>
				<evicted-by rev="4.2-alpha2"/>
				<caller organisation="oauth.signpost" name="signpost-commonshttp4" conf="compile, runtime" rev="4.0.1" rev-constraint-default="4.0.1" rev-constraint-dynamic="4.0.1" callerrev="1.2.1.2"/>
				<caller organisation="org.apache.httpcomponents" name="httpcore-nio" conf="default, compile, runtime, master" rev="4.0-alpha5" rev-constraint-default="4.0-alpha5" rev-constraint-dynamic="4.0-alpha5" callerrev="4.0-alpha5"/>
				<caller organisation="org.apache.httpcomponents" name="httpclient" conf="compile, runtime" rev="4.0.1" rev-constraint-default="4.0.1" rev-constraint-dynamic="4.0.1" callerrev="4.0.1"/>
				<artifacts>
				</artifacts>
			</revision>
			<revision name="4.1.3" evicted="latest-revision" evicted-reason="" downloaded="false" searched="false" conf="compile, master(*), runtime, compile(*), runtime(*), master" position="-1">
				<evicted-by rev="4.2-alpha2"/>
				<caller organisation="org.apache.httpcomponents" name="httpmime" conf="compile, runtime" rev="4.1.3" rev-constraint-default="4.1.3" rev-constraint-dynamic="4.1.2" callerrev="4.1.2"/>
				<artifacts>
				</artifacts>
			</revision>
			<revision name="4.0-alpha5" evicted="latest-revision" evicted-reason="" downloaded="false" searched="false" conf="compile, master(*), runtime, compile(*), runtime(*), master" position="-1">
				<evicted-by rev="4.0.1"/>
				<caller organisation="org.apache.httpcomponents" name="httpcore-nio" conf="default, compile, runtime, master" rev="4.0-alpha5" rev-constraint-default="4.0-alpha5" rev-constraint-dynamic="4.0-alpha5" callerrev="4.0-alpha5"/>
				<artifacts>
				</artifacts>
			</revision>
		</module>
		<module organisation="com.innoq.liqid" name="ldap-connector">
			<revision name="1.3" status="release" pubdate="20130711000253" resolver="public" artresolver="public" homepage="" downloaded="false" searched="false" default="false" conf="default(compile), default, compile, runtime, master" position="79">
				<metadata-artifact status="no" details="" size="3541" time="0" location="C:\Users\kubra\Desktop\play-2.1.5\framework\.\..\repository\cache\com.innoq.liqid\ldap-connector\ivy-1.3.xml" searched="false" origin-is-local="false" origin-location="http://repo1.maven.org/maven2/com/innoq/liqid/ldap-connector/1.3/ldap-connector-1.3.pom"/>
				<caller organisation="osms" name="osms_2.10" conf="test, compile, runtime" rev="1.3" rev-constraint-default="1.3" rev-constraint-dynamic="1.3" callerrev="1.0-SNAPSHOT"/>
				<artifacts>
					<artifact name="ldap-connector" type="jar" ext="jar" status="no" details="" size="28971" time="0" location="C:\Users\kubra\Desktop\play-2.1.5\framework\.\..\repository\cache\com.innoq.liqid\ldap-connector\jars\ldap-connector-1.3.jar">
						<origin-location is-local="false" location="http://repo1.maven.org/maven2/com/innoq/liqid/ldap-connector/1.3/ldap-connector-1.3.jar"/>
					</artifact>
				</artifacts>
			</revision>
		</module>
		<module organisation="com.innoq.liqid" name="utils">
			<revision name="1.3" status="release" pubdate="20130711000225" resolver="public" artresolver="public" homepage="" downloaded="false" searched="false" default="false" conf="compile, master(*), runtime, compile(*), runtime(*), master" position="80">
				<metadata-artifact status="no" details="" size="3439" time="0" location="C:\Users\kubra\Desktop\play-2.1.5\framework\.\..\repository\cache\com.innoq.liqid\utils\ivy-1.3.xml" searched="false" origin-is-local="false" origin-location="http://repo1.maven.org/maven2/com/innoq/liqid/utils/1.3/utils-1.3.pom"/>
				<caller organisation="com.innoq.liqid" name="ldap-connector" conf="default, compile, runtime, master" rev="1.3" rev-constraint-default="1.3" rev-constraint-dynamic="1.3" callerrev="1.3"/>
				<artifacts>
					<artifact name="utils" type="jar" ext="jar" status="no" details="" size="12813" time="0" location="C:\Users\kubra\Desktop\play-2.1.5\framework\.\..\repository\cache\com.innoq.liqid\utils\jars\utils-1.3.jar">
						<origin-location is-local="false" location="http://repo1.maven.org/maven2/com/innoq/liqid/utils/1.3/utils-1.3.jar"/>
					</artifact>
				</artifacts>
			</revision>
		</module>
		<module organisation="commons-codec" name="commons-codec">
			<revision name="1.6" status="release" pubdate="20130506214714" resolver="local" artresolver="local" homepage="http://commons.apache.org/codec/" downloaded="false" searched="false" default="false" conf="compile, master(*), runtime, compile(*), runtime(*), master" position="82">
				<metadata-artifact status="no" details="" size="7547" time="0" location="C:\Users\kubra\Desktop\play-2.1.5\framework\.\..\repository\cache\commons-codec\commons-codec\ivy-1.6.xml" searched="false" origin-is-local="true" origin-location="C:\Users\kubra\Desktop\play-2.1.5\repository\local\commons-codec\commons-codec\1.6\ivys\ivy.xml"/>
				<caller organisation="org.apache.httpcomponents" name="httpclient" conf="compile, runtime" rev="1.4" rev-constraint-default="1.4" rev-constraint-dynamic="1.4" callerrev="4.1.2"/>
				<caller organisation="com.innoq.liqid" name="utils" conf="compile, runtime" rev="1.6" rev-constraint-default="1.6" rev-constraint-dynamic="1.6" callerrev="1.3"/>
				<caller organisation="net.sourceforge.htmlunit" name="htmlunit" conf="compile, runtime" rev="1.6" rev-constraint-default="1.6" rev-constraint-dynamic="1.4" callerrev="2.9"/>
				<caller organisation="oauth.signpost" name="signpost-core" conf="compile, runtime" rev="1.3" rev-constraint-default="1.3" rev-constraint-dynamic="1.3" callerrev="1.2.1.2"/>
				<caller organisation="org.apache.httpcomponents" name="httpclient" conf="compile, runtime" rev="1.3" rev-constraint-default="1.3" rev-constraint-dynamic="1.3" callerrev="4.0.1"/>
				<caller organisation="commons-httpclient" name="commons-httpclient" conf="compile, runtime" rev="1.2" rev-constraint-default="1.2" rev-constraint-dynamic="1.2" callerrev="3.1"/>
				<artifacts>
					<artifact name="commons-codec" type="jar" ext="jar" status="no" details="" size="232771" time="0" location="C:\Users\kubra\Desktop\play-2.1.5\repository\local\commons-codec\commons-codec\1.6\jars\commons-codec.jar">
						<origin-location is-local="true" location="C:\Users\kubra\Desktop\play-2.1.5\repository\local\commons-codec\commons-codec\1.6\jars\commons-codec.jar"/>
					</artifact>
				</artifacts>
			</revision>
			<revision name="1.3" status="release" pubdate="20051109092951" resolver="local" artresolver="local" evicted="latest-revision" evicted-reason="" homepage="http://jakarta.apache.org/commons/codec/" downloaded="false" searched="false" default="false" conf="compile, master(*), runtime, compile(*), runtime(*), master" position="-1">
				<license name="The Apache Software License, Version 2.0" url="/LICENSE.txt"/>
				<metadata-artifact status="no" details="" size="2782" time="0" location="C:\Users\kubra\Desktop\play-2.1.5\framework\.\..\repository\cache\commons-codec\commons-codec\ivy-1.3.xml" searched="false" origin-is-local="true" origin-location="C:\Users\kubra\Desktop\play-2.1.5\repository\local\commons-codec\commons-codec\1.3\ivys\ivy.xml"/>
				<evicted-by rev="1.6"/>
				<caller organisation="oauth.signpost" name="signpost-core" conf="compile, runtime" rev="1.3" rev-constraint-default="1.3" rev-constraint-dynamic="1.3" callerrev="1.2.1.2"/>
				<caller organisation="commons-httpclient" name="commons-httpclient" conf="compile, runtime" rev="1.2" rev-constraint-default="1.2" rev-constraint-dynamic="1.2" callerrev="3.1"/>
				<caller organisation="org.apache.httpcomponents" name="httpclient" conf="compile, runtime" rev="1.3" rev-constraint-default="1.3" rev-constraint-dynamic="1.3" callerrev="4.0.1"/>
				<artifacts>
				</artifacts>
			</revision>
			<revision name="1.4" evicted="latest-revision" evicted-reason="" downloaded="false" searched="false" conf="compile, master(*), runtime, compile(*), runtime(*), master" position="-1">
				<evicted-by rev="1.6"/>
				<caller organisation="org.apache.httpcomponents" name="httpclient" conf="compile, runtime" rev="1.4" rev-constraint-default="1.4" rev-constraint-dynamic="1.4" callerrev="4.1.2"/>
				<artifacts>
				</artifacts>
			</revision>
			<revision name="1.2" evicted="latest-revision" evicted-reason="" downloaded="false" searched="false" conf="compile, master(*), runtime, compile(*), runtime(*), master" position="-1">
				<evicted-by rev="1.3"/>
				<caller organisation="commons-httpclient" name="commons-httpclient" conf="compile, runtime" rev="1.2" rev-constraint-default="1.2" rev-constraint-dynamic="1.2" callerrev="3.1"/>
				<artifacts>
				</artifacts>
			</revision>
		</module>
		<module organisation="com.innoq.liqid" name="model">
			<revision name="1.3" status="release" pubdate="20130711000214" resolver="public" artresolver="public" homepage="" downloaded="false" searched="false" default="false" conf="compile, master(*), runtime, compile(*), runtime(*), master" position="81">
				<metadata-artifact status="no" details="" size="3171" time="0" location="C:\Users\kubra\Desktop\play-2.1.5\framework\.\..\repository\cache\com.innoq.liqid\model\ivy-1.3.xml" searched="false" origin-is-local="false" origin-location="http://repo1.maven.org/maven2/com/innoq/liqid/model/1.3/model-1.3.pom"/>
				<caller organisation="com.innoq.liqid" name="utils" conf="compile, runtime" rev="1.3" rev-constraint-default="1.3" rev-constraint-dynamic="1.3" callerrev="1.3"/>
				<caller organisation="com.innoq.liqid" name="ldap-connector" conf="default, compile, runtime, master" rev="1.3" rev-constraint-default="1.3" rev-constraint-dynamic="1.3" callerrev="1.3"/>
				<artifacts>
					<artifact name="model" type="jar" ext="jar" status="no" details="" size="3570" time="0" location="C:\Users\kubra\Desktop\play-2.1.5\framework\.\..\repository\cache\com.innoq.liqid\model\jars\model-1.3.jar">
						<origin-location is-local="false" location="http://repo1.maven.org/maven2/com/innoq/liqid/model/1.3/model-1.3.jar"/>
					</artifact>
				</artifacts>
			</revision>
		</module>
		<module organisation="net.sf.uadetector" name="distribution">
			<revision name="2014.06" status="release" pubdate="20140707223101" resolver="public" artresolver="public" homepage="" downloaded="false" searched="false" default="false" conf="default(compile), default, compile, runtime, master" position="72">
				<metadata-artifact status="no" details="" size="10412" time="0" location="C:\Users\kubra\Desktop\play-2.1.5\framework\.\..\repository\cache\net.sf.uadetector\distribution\ivy-2014.06.xml" searched="false" origin-is-local="false" origin-location="http://repo1.maven.org/maven2/net/sf/uadetector/distribution/2014.06/distribution-2014.06.pom"/>
				<caller organisation="osms" name="osms_2.10" conf="test, compile, runtime" rev="2014.06" rev-constraint-default="2014.06" rev-constraint-dynamic="2014.06" callerrev="1.0-SNAPSHOT"/>
				<artifacts>
				</artifacts>
			</revision>
		</module>
		<module organisation="net.sf.uadetector" name="uadetector-resources">
			<revision name="2014.06" status="release" pubdate="20140707222703" resolver="public" artresolver="public" homepage="" downloaded="false" searched="false" default="false" conf="compile, master(*), runtime, compile(*), runtime(*), master" position="78">
				<metadata-artifact status="no" details="" size="11576" time="0" location="C:\Users\kubra\Desktop\play-2.1.5\framework\.\..\repository\cache\net.sf.uadetector\uadetector-resources\ivy-2014.06.xml" searched="false" origin-is-local="false" origin-location="http://repo1.maven.org/maven2/net/sf/uadetector/uadetector-resources/2014.06/uadetector-resources-2014.06.pom"/>
				<caller organisation="net.sf.uadetector" name="distribution" conf="default, compile, runtime, master" rev="2014.06" rev-constraint-default="2014.06" rev-constraint-dynamic="2014.06" callerrev="2014.06"/>
				<artifacts>
					<artifact name="uadetector-resources" type="bundle" ext="jar" status="no" details="" size="117995" time="0" location="C:\Users\kubra\Desktop\play-2.1.5\framework\.\..\repository\cache\net.sf.uadetector\uadetector-resources\bundles\uadetector-resources-2014.06.jar">
						<origin-location is-local="false" location="http://repo1.maven.org/maven2/net/sf/uadetector/uadetector-resources/2014.06/uadetector-resources-2014.06.jar"/>
					</artifact>
				</artifacts>
			</revision>
		</module>
		<module organisation="net.sf.uadetector" name="uadetector-core">
			<revision name="0.9.18" status="release" pubdate="20140707221338" resolver="public" artresolver="public" homepage="" downloaded="false" searched="false" default="false" conf="compile, master(*), runtime, compile(*), runtime(*), master" position="73">
				<license name="The Apache Software License, Version 2.0" url="http://www.apache.org/licenses/LICENSE-2.0.txt"/>
				<license name="GNU Lesser General Public License" url="http://www.gnu.org/licenses/lgpl-3.0.txt"/>
				<metadata-artifact status="no" details="" size="12139" time="0" location="C:\Users\kubra\Desktop\play-2.1.5\framework\.\..\repository\cache\net.sf.uadetector\uadetector-core\ivy-0.9.18.xml" searched="false" origin-is-local="false" origin-location="http://repo1.maven.org/maven2/net/sf/uadetector/uadetector-core/0.9.18/uadetector-core-0.9.18.pom"/>
				<caller organisation="net.sf.uadetector" name="uadetector-resources" conf="compile, runtime" rev="0.9.18" rev-constraint-default="0.9.18" rev-constraint-dynamic="0.9.18" callerrev="2014.06"/>
				<caller organisation="net.sf.uadetector" name="distribution" conf="default, compile, runtime, master" rev="0.9.18" rev-constraint-default="0.9.18" rev-constraint-dynamic="0.9.18" callerrev="2014.06"/>
				<artifacts>
					<artifact name="uadetector-core" type="bundle" ext="jar" status="no" details="" size="206998" time="0" location="C:\Users\kubra\Desktop\play-2.1.5\framework\.\..\repository\cache\net.sf.uadetector\uadetector-core\bundles\uadetector-core-0.9.18.jar">
						<origin-location is-local="false" location="http://repo1.maven.org/maven2/net/sf/uadetector/uadetector-core/0.9.18/uadetector-core-0.9.18.jar"/>
					</artifact>
				</artifacts>
			</revision>
		</module>
		<module organisation="org.slf4j" name="slf4j-api">
			<revision name="1.7.7" status="release" pubdate="20140404141248" resolver="public" artresolver="public" homepage="http://www.slf4j.org" downloaded="false" searched="false" default="false" conf="compile, master(*), runtime, compile(*), runtime(*), master" position="77">
				<metadata-artifact status="no" details="" size="4613" time="0" location="C:\Users\kubra\Desktop\play-2.1.5\framework\.\..\repository\cache\org.slf4j\slf4j-api\ivy-1.7.7.xml" searched="false" origin-is-local="false" origin-location="http://repo1.maven.org/maven2/org/slf4j/slf4j-api/1.7.7/slf4j-api-1.7.7.pom"/>
				<caller organisation="org.slf4j" name="jul-to-slf4j" conf="compile, runtime" rev="1.6.6" rev-constraint-default="1.6.6" rev-constraint-dynamic="1.6.6" callerrev="1.6.6"/>
				<caller organisation="ch.qos.logback" name="logback-classic" conf="compile, runtime" rev="1.6.6" rev-constraint-default="1.6.6" rev-constraint-dynamic="1.6.6" callerrev="1.0.7"/>
				<caller organisation="com.typesafe.akka" name="akka-slf4j_2.10" conf="compile, runtime" rev="1.7.2" rev-constraint-default="1.7.2" rev-constraint-dynamic="1.7.2" callerrev="2.1.0"/>
				<caller organisation="net.sf.uadetector" name="uadetector-resources" conf="compile, runtime" rev="1.7.7" rev-constraint-default="1.7.7" rev-constraint-dynamic="1.7.7" callerrev="2014.06"/>
				<caller organisation="play" name="play_2.10" conf="default, compile, runtime, master" rev="1.6.6" rev-constraint-default="1.6.6" rev-constraint-dynamic="1.6.6" callerrev="2.1.0"/>
				<caller organisation="net.sf.uadetector" name="uadetector-core" conf="compile, runtime" rev="1.7.7" rev-constraint-default="1.7.7" rev-constraint-dynamic="1.7.7" callerrev="0.9.18"/>
				<caller organisation="com.ning" name="async-http-client" conf="compile, runtime" rev="1.6.2" rev-constraint-default="1.6.2" rev-constraint-dynamic="1.6.2" callerrev="1.7.6"/>
				<caller organisation="org.hibernate" name="hibernate-entitymanager" conf="default, compile, runtime, master" rev="1.6.1" rev-constraint-default="1.6.1" rev-constraint-dynamic="1.6.1" callerrev="3.6.9.Final"/>
				<caller organisation="org.hibernate" name="hibernate-commons-annotations" conf="compile, runtime" rev="1.6.1" rev-constraint-default="1.6.1" rev-constraint-dynamic="1.5.8" callerrev="3.2.0.Final"/>
				<caller organisation="org.slf4j" name="jcl-over-slf4j" conf="compile, runtime" rev="1.6.6" rev-constraint-default="1.6.6" rev-constraint-dynamic="1.6.6" callerrev="1.6.6"/>
				<caller organisation="org.hibernate" name="hibernate-core" conf="compile, runtime" rev="1.6.1" rev-constraint-default="1.6.1" rev-constraint-dynamic="1.6.1" callerrev="3.6.9.Final"/>
				<caller organisation="net.sf.ehcache" name="ehcache-core" conf="compile, runtime" rev="1.6.1" rev-constraint-default="1.6.1" rev-constraint-dynamic="1.6.1" callerrev="2.6.0"/>
				<artifacts>
					<artifact name="slf4j-api" type="jar" ext="jar" status="no" details="" size="29257" time="0" location="C:\Users\kubra\Desktop\play-2.1.5\framework\.\..\repository\cache\org.slf4j\slf4j-api\jars\slf4j-api-1.7.7.jar">
						<origin-location is-local="false" location="http://repo1.maven.org/maven2/org/slf4j/slf4j-api/1.7.7/slf4j-api-1.7.7.jar"/>
					</artifact>
				</artifacts>
			</revision>
			<revision name="1.6.6" status="release" pubdate="20120612004148" resolver="local" artresolver="local" evicted="latest-revision" evicted-reason="" homepage="http://www.slf4j.org" downloaded="false" searched="false" default="false" conf="compile, master(*), runtime, compile(*), runtime(*), master" position="-1">
				<metadata-artifact status="no" details="" size="4401" time="0" location="C:\Users\kubra\Desktop\play-2.1.5\framework\.\..\repository\cache\org.slf4j\slf4j-api\ivy-1.6.6.xml" searched="false" origin-is-local="true" origin-location="C:\Users\kubra\Desktop\play-2.1.5\repository\local\org.slf4j\slf4j-api\1.6.6\ivys\ivy.xml"/>
				<evicted-by rev="1.7.7"/>
				<caller organisation="org.slf4j" name="jul-to-slf4j" conf="compile, runtime" rev="1.6.6" rev-constraint-default="1.6.6" rev-constraint-dynamic="1.6.6" callerrev="1.6.6"/>
				<caller organisation="com.typesafe.akka" name="akka-slf4j_2.10" conf="compile, runtime" rev="1.7.2" rev-constraint-default="1.7.2" rev-constraint-dynamic="1.7.2" callerrev="2.1.0"/>
				<caller organisation="ch.qos.logback" name="logback-classic" conf="compile, runtime" rev="1.6.6" rev-constraint-default="1.6.6" rev-constraint-dynamic="1.6.6" callerrev="1.0.7"/>
				<caller organisation="play" name="play_2.10" conf="default, compile, runtime, master" rev="1.6.6" rev-constraint-default="1.6.6" rev-constraint-dynamic="1.6.6" callerrev="2.1.0"/>
				<caller organisation="com.ning" name="async-http-client" conf="compile, runtime" rev="1.6.2" rev-constraint-default="1.6.2" rev-constraint-dynamic="1.6.2" callerrev="1.7.6"/>
				<caller organisation="org.hibernate" name="hibernate-entitymanager" conf="default, compile, runtime, master" rev="1.6.1" rev-constraint-default="1.6.1" rev-constraint-dynamic="1.6.1" callerrev="3.6.9.Final"/>
				<caller organisation="org.hibernate" name="hibernate-commons-annotations" conf="compile, runtime" rev="1.6.1" rev-constraint-default="1.6.1" rev-constraint-dynamic="1.5.8" callerrev="3.2.0.Final"/>
				<caller organisation="org.hibernate" name="hibernate-core" conf="compile, runtime" rev="1.6.1" rev-constraint-default="1.6.1" rev-constraint-dynamic="1.6.1" callerrev="3.6.9.Final"/>
				<caller organisation="org.slf4j" name="jcl-over-slf4j" conf="compile, runtime" rev="1.6.6" rev-constraint-default="1.6.6" rev-constraint-dynamic="1.6.6" callerrev="1.6.6"/>
				<caller organisation="net.sf.ehcache" name="ehcache-core" conf="compile, runtime" rev="1.6.1" rev-constraint-default="1.6.1" rev-constraint-dynamic="1.6.1" callerrev="2.6.0"/>
				<artifacts>
				</artifacts>
			</revision>
			<revision name="1.6.1" evicted="latest-revision" evicted-reason="" downloaded="false" searched="false" conf="compile, master(*), runtime, compile(*), runtime(*), master" position="-1">
				<evicted-by rev="1.6.6"/>
				<caller organisation="org.hibernate" name="hibernate-entitymanager" conf="default, compile, runtime, master" rev="1.6.1" rev-constraint-default="1.6.1" rev-constraint-dynamic="1.6.1" callerrev="3.6.9.Final"/>
				<caller organisation="org.hibernate" name="hibernate-commons-annotations" conf="compile, runtime" rev="1.6.1" rev-constraint-default="1.6.1" rev-constraint-dynamic="1.5.8" callerrev="3.2.0.Final"/>
				<caller organisation="org.hibernate" name="hibernate-core" conf="compile, runtime" rev="1.6.1" rev-constraint-default="1.6.1" rev-constraint-dynamic="1.6.1" callerrev="3.6.9.Final"/>
				<caller organisation="net.sf.ehcache" name="ehcache-core" conf="compile, runtime" rev="1.6.1" rev-constraint-default="1.6.1" rev-constraint-dynamic="1.6.1" callerrev="2.6.0"/>
				<artifacts>
				</artifacts>
			</revision>
			<revision name="1.6.2" evicted="latest-revision" evicted-reason="" downloaded="false" searched="false" conf="compile, master(*), runtime, compile(*), runtime(*), master" position="-1">
				<evicted-by rev="1.6.6"/>
				<caller organisation="com.ning" name="async-http-client" conf="compile, runtime" rev="1.6.2" rev-constraint-default="1.6.2" rev-constraint-dynamic="1.6.2" callerrev="1.7.6"/>
				<artifacts>
				</artifacts>
			</revision>
			<revision name="1.7.2" evicted="latest-revision" evicted-reason="" downloaded="false" searched="false" conf="compile, master(*), runtime, compile(*), runtime(*), master" position="-1">
				<evicted-by rev="1.6.6"/>
				<caller organisation="com.typesafe.akka" name="akka-slf4j_2.10" conf="compile, runtime" rev="1.7.2" rev-constraint-default="1.7.2" rev-constraint-dynamic="1.7.2" callerrev="2.1.0"/>
				<artifacts>
				</artifacts>
			</revision>
		</module>
		<module organisation="com.google.code.findbugs" name="jsr305">
			<revision name="2.0.3" status="release" pubdate="20131231092623" resolver="public" artresolver="public" homepage="https://code.google.com/p/jsr-305/" downloaded="false" searched="false" default="false" conf="compile, master(*), runtime, compile(*), runtime(*), master" position="75">
				<license name="The Apache Software License, Version 2.0" url="http://www.apache.org/licenses/LICENSE-2.0.txt"/>
				<metadata-artifact status="no" details="" size="2424" time="0" location="C:\Users\kubra\Desktop\play-2.1.5\framework\.\..\repository\cache\com.google.code.findbugs\jsr305\ivy-2.0.3.xml" searched="false" origin-is-local="false" origin-location="http://repo1.maven.org/maven2/com/google/code/findbugs/jsr305/2.0.3/jsr305-2.0.3.pom"/>
				<caller organisation="net.sf.uadetector" name="uadetector-core" conf="compile, runtime" rev="2.0.3" rev-constraint-default="2.0.3" rev-constraint-dynamic="2.0.3" callerrev="0.9.18"/>
				<caller organisation="net.sf.qualitycheck" name="quality-check" conf="compile, runtime" rev="2.0.3" rev-constraint-default="2.0.3" rev-constraint-dynamic="2.0.1" callerrev="1.3"/>
				<caller organisation="play" name="play-java_2.10" conf="default, compile, runtime, master" rev="2.0.1" rev-constraint-default="2.0.1" rev-constraint-dynamic="2.0.1" callerrev="2.1.0"/>
				<artifacts>
					<artifact name="jsr305" type="jar" ext="jar" status="no" details="" size="33031" time="0" location="C:\Users\kubra\Desktop\play-2.1.5\framework\.\..\repository\cache\com.google.code.findbugs\jsr305\jars\jsr305-2.0.3.jar">
						<origin-location is-local="false" location="http://repo1.maven.org/maven2/com/google/code/findbugs/jsr305/2.0.3/jsr305-2.0.3.jar"/>
					</artifact>
				</artifacts>
			</revision>
			<revision name="2.0.1" status="release" pubdate="20120730081759" resolver="local" artresolver="local" evicted="latest-revision" evicted-reason="" homepage="http://findbugs.sourceforge.net/" downloaded="false" searched="false" default="false" conf="compile, master(*), runtime, compile(*), runtime(*), master" position="-1">
				<license name="The Apache Software License, Version 2.0" url="http://www.apache.org/licenses/LICENSE-2.0.txt"/>
				<metadata-artifact status="no" details="" size="2384" time="0" location="C:\Users\kubra\Desktop\play-2.1.5\framework\.\..\repository\cache\com.google.code.findbugs\jsr305\ivy-2.0.1.xml" searched="false" origin-is-local="true" origin-location="C:\Users\kubra\Desktop\play-2.1.5\repository\local\com.google.code.findbugs\jsr305\2.0.1\ivys\ivy.xml"/>
				<evicted-by rev="2.0.3"/>
				<caller organisation="play" name="play-java_2.10" conf="default, compile, runtime, master" rev="2.0.1" rev-constraint-default="2.0.1" rev-constraint-dynamic="2.0.1" callerrev="2.1.0"/>
				<artifacts>
				</artifacts>
			</revision>
		</module>
		<module organisation="net.sf.qualitycheck" name="quality-check">
			<revision name="1.3" status="release" pubdate="20130801220658" resolver="public" artresolver="public" homepage="http://qualitycheck.sourceforge.net/modules/quality-check/" downloaded="false" searched="false" default="false" conf="compile, master(*), runtime, compile(*), runtime(*), master" position="74">
				<license name="The Apache Software License, Version 2.0" url="http://www.apache.org/licenses/LICENSE-2.0.txt"/>
				<metadata-artifact status="no" details="" size="10828" time="0" location="C:\Users\kubra\Desktop\play-2.1.5\framework\.\..\repository\cache\net.sf.qualitycheck\quality-check\ivy-1.3.xml" searched="false" origin-is-local="false" origin-location="http://repo1.maven.org/maven2/net/sf/qualitycheck/quality-check/1.3/quality-check-1.3.pom"/>
				<caller organisation="net.sf.uadetector" name="uadetector-core" conf="compile, runtime" rev="1.3" rev-constraint-default="1.3" rev-constraint-dynamic="1.3" callerrev="0.9.18"/>
				<artifacts>
					<artifact name="quality-check" type="jar" ext="jar" status="no" details="" size="43094" time="0" location="C:\Users\kubra\Desktop\play-2.1.5\framework\.\..\repository\cache\net.sf.qualitycheck\quality-check\jars\quality-check-1.3.jar">
						<origin-location is-local="false" location="http://repo1.maven.org/maven2/net/sf/qualitycheck/quality-check/1.3/quality-check-1.3.jar"/>
					</artifact>
				</artifacts>
			</revision>
		</module>
		<module organisation="org.apache.commons" name="commons-email">
			<revision name="1.3.2" status="release" pubdate="20131020193054" resolver="public" artresolver="public" homepage="http://commons.apache.org/proper/commons-email/" downloaded="false" searched="false" default="false" conf="default(compile), default, compile, runtime, master" position="69">
				<metadata-artifact status="no" details="" size="10766" time="0" location="C:\Users\kubra\Desktop\play-2.1.5\framework\.\..\repository\cache\org.apache.commons\commons-email\ivy-1.3.2.xml" searched="false" origin-is-local="false" origin-location="http://repo1.maven.org/maven2/org/apache/commons/commons-email/1.3.2/commons-email-1.3.2.pom"/>
				<caller organisation="osms" name="osms_2.10" conf="test, compile, runtime" rev="1.3.2" rev-constraint-default="1.3.2" rev-constraint-dynamic="1.3.2" callerrev="1.0-SNAPSHOT"/>
				<artifacts>
					<artifact name="commons-email" type="jar" ext="jar" status="no" details="" size="49456" time="0" location="C:\Users\kubra\Desktop\play-2.1.5\framework\.\..\repository\cache\org.apache.commons\commons-email\jars\commons-email-1.3.2.jar">
						<origin-location is-local="false" location="http://repo1.maven.org/maven2/org/apache/commons/commons-email/1.3.2/commons-email-1.3.2.jar"/>
					</artifact>
				</artifacts>
			</revision>
		</module>
		<module organisation="javax.mail" name="mail">
			<revision name="1.4.5" status="release" pubdate="20120324000414" resolver="public" artresolver="public" homepage="" downloaded="false" searched="false" default="false" conf="compile, master(*), runtime, compile(*), runtime(*), master" position="70">
				<metadata-artifact status="no" details="" size="6938" time="0" location="C:\Users\kubra\Desktop\play-2.1.5\framework\.\..\repository\cache\javax.mail\mail\ivy-1.4.5.xml" searched="false" origin-is-local="false" origin-location="http://repo1.maven.org/maven2/javax/mail/mail/1.4.5/mail-1.4.5.pom"/>
				<caller organisation="org.apache.commons" name="commons-email" conf="default, compile, runtime, master" rev="1.4.5" rev-constraint-default="1.4.5" rev-constraint-dynamic="1.4.5" callerrev="1.3.2"/>
				<artifacts>
					<artifact name="mail" type="jar" ext="jar" status="no" details="" size="508143" time="0" location="C:\Users\kubra\Desktop\play-2.1.5\framework\.\..\repository\cache\javax.mail\mail\jars\mail-1.4.5.jar">
						<origin-location is-local="false" location="http://repo1.maven.org/maven2/javax/mail/mail/1.4.5/mail-1.4.5.jar"/>
					</artifact>
				</artifacts>
			</revision>
		</module>
		<module organisation="commons-io" name="commons-io">
			<revision name="2.4" status="release" pubdate="20120613012206" resolver="public" artresolver="public" homepage="http://commons.apache.org/io/" downloaded="false" searched="false" default="false" conf="default(compile), default, compile, runtime, master, master(*), compile(*), runtime(*)" position="68">
				<metadata-artifact status="no" details="" size="8534" time="0" location="C:\Users\kubra\Desktop\play-2.1.5\framework\.\..\repository\cache\commons-io\commons-io\ivy-2.4.xml" searched="false" origin-is-local="false" origin-location="http://repo1.maven.org/maven2/commons-io/commons-io/2.4/commons-io-2.4.pom"/>
				<caller organisation="org.seleniumhq.selenium" name="selenium-firefox-driver" conf="compile, runtime" rev="2.0.1" rev-constraint-default="2.0.1" rev-constraint-dynamic="2.0.1" callerrev="2.25.0"/>
				<caller organisation="net.sourceforge.htmlunit" name="htmlunit" conf="compile, runtime" rev="2.0.1" rev-constraint-default="2.0.1" rev-constraint-dynamic="2.0.1" callerrev="2.9"/>
				<caller organisation="osms" name="osms_2.10" conf="test, compile, runtime" rev="2.4" rev-constraint-default="2.4" rev-constraint-dynamic="2.4" callerrev="1.0-SNAPSHOT"/>
				<artifacts>
					<artifact name="commons-io" type="jar" ext="jar" status="no" details="" size="185140" time="0" location="C:\Users\kubra\Desktop\play-2.1.5\framework\.\..\repository\cache\commons-io\commons-io\jars\commons-io-2.4.jar">
						<origin-location is-local="false" location="http://repo1.maven.org/maven2/commons-io/commons-io/2.4/commons-io-2.4.jar"/>
					</artifact>
				</artifacts>
			</revision>
			<revision name="2.0.1" evicted="latest-revision" evicted-reason="" downloaded="false" searched="false" conf="default(compile), compile, master(*), runtime, compile(*), runtime(*), master, default" position="-1">
				<evicted-by rev="2.4"/>
				<caller organisation="org.seleniumhq.selenium" name="selenium-firefox-driver" conf="compile, runtime" rev="2.0.1" rev-constraint-default="2.0.1" rev-constraint-dynamic="2.0.1" callerrev="2.25.0"/>
				<caller organisation="net.sourceforge.htmlunit" name="htmlunit" conf="compile, runtime" rev="2.0.1" rev-constraint-default="2.0.1" rev-constraint-dynamic="2.0.1" callerrev="2.9"/>
				<caller organisation="osms" name="osms_2.10" conf="compile" rev="2.0.1" rev-constraint-default="2.0.1" rev-constraint-dynamic="2.4" callerrev="1.0-SNAPSHOT"/>
				<artifacts>
				</artifacts>
			</revision>
		</module>
		<module organisation="commons-net" name="commons-net">
			<revision name="3.3" status="release" pubdate="20130608015225" resolver="public" artresolver="public" homepage="http://commons.apache.org/proper/commons-net/" downloaded="false" searched="false" default="false" conf="default(compile), default, compile, runtime, master" position="67">
				<metadata-artifact status="no" details="" size="10238" time="0" location="C:\Users\kubra\Desktop\play-2.1.5\framework\.\..\repository\cache\commons-net\commons-net\ivy-3.3.xml" searched="false" origin-is-local="false" origin-location="http://repo1.maven.org/maven2/commons-net/commons-net/3.3/commons-net-3.3.pom"/>
				<caller organisation="osms" name="osms_2.10" conf="test, compile, runtime" rev="3.3" rev-constraint-default="3.3" rev-constraint-dynamic="3.3" callerrev="1.0-SNAPSHOT"/>
				<artifacts>
					<artifact name="commons-net" type="jar" ext="jar" status="no" details="" size="280983" time="0" location="C:\Users\kubra\Desktop\play-2.1.5\framework\.\..\repository\cache\commons-net\commons-net\jars\commons-net-3.3.jar">
						<origin-location is-local="false" location="http://repo1.maven.org/maven2/commons-net/commons-net/3.3/commons-net-3.3.jar"/>
					</artifact>
				</artifacts>
			</revision>
		</module>
		<module organisation="com.jamesmurty.utils" name="java-xmlbuilder">
			<revision name="1.0" status="release" pubdate="20140306160737" resolver="public" artresolver="public" homepage="https://github.com/jmurty/java-xmlbuilder" downloaded="false" searched="false" default="false" conf="default(compile), default, compile, runtime, master" position="65">
				<license name="Apache License, Version 2.0" url="http://www.apache.org/licenses/LICENSE-2.0"/>
				<metadata-artifact status="no" details="" size="3355" time="0" location="C:\Users\kubra\Desktop\play-2.1.5\framework\.\..\repository\cache\com.jamesmurty.utils\java-xmlbuilder\ivy-1.0.xml" searched="false" origin-is-local="false" origin-location="http://repo1.maven.org/maven2/com/jamesmurty/utils/java-xmlbuilder/1.0/java-xmlbuilder-1.0.pom"/>
				<caller organisation="osms" name="osms_2.10" conf="test, compile, runtime" rev="1.0" rev-constraint-default="1.0" rev-constraint-dynamic="1.0" callerrev="1.0-SNAPSHOT"/>
				<artifacts>
					<artifact name="java-xmlbuilder" type="jar" ext="jar" status="no" details="" size="10023" time="0" location="C:\Users\kubra\Desktop\play-2.1.5\framework\.\..\repository\cache\com.jamesmurty.utils\java-xmlbuilder\jars\java-xmlbuilder-1.0.jar">
						<origin-location is-local="false" location="http://repo1.maven.org/maven2/com/jamesmurty/utils/java-xmlbuilder/1.0/java-xmlbuilder-1.0.jar"/>
					</artifact>
				</artifacts>
			</revision>
		</module>
		<module organisation="net.iharder" name="base64">
			<revision name="2.3.8" status="release" pubdate="20100327034244" resolver="public" artresolver="public" homepage="http://iharder.net/base64/" downloaded="false" searched="false" default="false" conf="compile, master(*), runtime, compile(*), runtime(*), master" position="66">
				<license name="Public domain"/>
				<metadata-artifact status="no" details="" size="2963" time="0" location="C:\Users\kubra\Desktop\play-2.1.5\framework\.\..\repository\cache\net.iharder\base64\ivy-2.3.8.xml" searched="false" origin-is-local="false" origin-location="http://repo1.maven.org/maven2/net/iharder/base64/2.3.8/base64-2.3.8.pom"/>
				<caller organisation="com.jamesmurty.utils" name="java-xmlbuilder" conf="default, compile, runtime, master" rev="2.3.8" rev-constraint-default="2.3.8" rev-constraint-dynamic="2.3.8" callerrev="1.0"/>
				<artifacts>
					<artifact name="base64" type="jar" ext="jar" status="no" details="" size="17008" time="0" location="C:\Users\kubra\Desktop\play-2.1.5\framework\.\..\repository\cache\net.iharder\base64\jars\base64-2.3.8.jar">
						<origin-location is-local="false" location="http://repo1.maven.org/maven2/net/iharder/base64/2.3.8/base64-2.3.8.jar"/>
					</artifact>
				</artifacts>
			</revision>
		</module>
		<module organisation="com.google.code.geocoder-java" name="geocoder-java">
			<revision name="0.15" status="release" pubdate="20130424235120" resolver="public" artresolver="public" homepage="http://code.google.com/p/geocoder-java/" downloaded="false" searched="false" default="false" conf="default(compile), default, compile, runtime, master" position="62">
				<license name="The Apache Software License, Version 2.0" url="http://www.apache.org/licenses/LICENSE-2.0.txt"/>
				<metadata-artifact status="no" details="" size="5194" time="0" location="C:\Users\kubra\Desktop\play-2.1.5\framework\.\..\repository\cache\com.google.code.geocoder-java\geocoder-java\ivy-0.15.xml" searched="false" origin-is-local="false" origin-location="http://repo1.maven.org/maven2/com/google/code/geocoder-java/geocoder-java/0.15/geocoder-java-0.15.pom"/>
				<caller organisation="osms" name="osms_2.10" conf="test, compile, runtime" rev="0.15" rev-constraint-default="0.15" rev-constraint-dynamic="0.15" callerrev="1.0-SNAPSHOT"/>
				<artifacts>
					<artifact name="geocoder-java" type="jar" ext="jar" status="no" details="" size="29132" time="0" location="C:\Users\kubra\Desktop\play-2.1.5\framework\.\..\repository\cache\com.google.code.geocoder-java\geocoder-java\jars\geocoder-java-0.15.jar">
						<origin-location is-local="false" location="http://repo1.maven.org/maven2/com/google/code/geocoder-java/geocoder-java/0.15/geocoder-java-0.15.jar"/>
					</artifact>
				</artifacts>
			</revision>
		</module>
		<module organisation="org.hibernate" name="hibernate-entitymanager">
			<revision name="3.6.9.Final" status="release" pubdate="20111215082416" resolver="public" artresolver="public" homepage="" downloaded="false" searched="false" default="false" conf="default(compile), default, compile, runtime, master" position="55">
				<metadata-artifact status="no" details="" size="8499" time="0" location="C:\Users\kubra\Desktop\play-2.1.5\framework\.\..\repository\cache\org.hibernate\hibernate-entitymanager\ivy-3.6.9.Final.xml" searched="false" origin-is-local="false" origin-location="http://repo1.maven.org/maven2/org/hibernate/hibernate-entitymanager/3.6.9.Final/hibernate-entitymanager-3.6.9.Final.pom"/>
				<caller organisation="osms" name="osms_2.10" conf="test, compile, runtime" rev="3.6.9.Final" rev-constraint-default="3.6.9.Final" rev-constraint-dynamic="3.6.9.Final" callerrev="1.0-SNAPSHOT"/>
				<artifacts>
					<artifact name="hibernate-entitymanager" type="jar" ext="jar" status="no" details="" size="426314" time="0" location="C:\Users\kubra\Desktop\play-2.1.5\framework\.\..\repository\cache\org.hibernate\hibernate-entitymanager\jars\hibernate-entitymanager-3.6.9.Final.jar">
						<origin-location is-local="false" location="http://repo1.maven.org/maven2/org/hibernate/hibernate-entitymanager/3.6.9.Final/hibernate-entitymanager-3.6.9.Final.jar"/>
					</artifact>
				</artifacts>
			</revision>
		</module>
		<module organisation="org.hibernate" name="hibernate-core">
			<revision name="3.6.9.Final" status="release" pubdate="20111215081749" resolver="public" artresolver="public" homepage="" downloaded="false" searched="false" default="false" conf="compile, master(*), runtime, compile(*), runtime(*), master" position="56">
				<metadata-artifact status="no" details="" size="9647" time="0" location="C:\Users\kubra\Desktop\play-2.1.5\framework\.\..\repository\cache\org.hibernate\hibernate-core\ivy-3.6.9.Final.xml" searched="false" origin-is-local="false" origin-location="http://repo1.maven.org/maven2/org/hibernate/hibernate-core/3.6.9.Final/hibernate-core-3.6.9.Final.pom"/>
				<caller organisation="org.hibernate" name="hibernate-entitymanager" conf="default, compile, runtime, master" rev="3.6.9.Final" rev-constraint-default="3.6.9.Final" rev-constraint-dynamic="3.6.9.Final" callerrev="3.6.9.Final"/>
				<artifacts>
					<artifact name="hibernate-core" type="jar" ext="jar" status="no" details="" size="3119700" time="0" location="C:\Users\kubra\Desktop\play-2.1.5\framework\.\..\repository\cache\org.hibernate\hibernate-core\jars\hibernate-core-3.6.9.Final.jar">
						<origin-location is-local="false" location="http://repo1.maven.org/maven2/org/hibernate/hibernate-core/3.6.9.Final/hibernate-core-3.6.9.Final.jar"/>
					</artifact>
				</artifacts>
			</revision>
		</module>
		<module organisation="cglib" name="cglib">
			<revision name="2.2" status="release" pubdate="20081028040139" resolver="public" artresolver="public" homepage="http://cglib.sourceforge.net/" downloaded="false" searched="false" default="false" conf="compile, master(*), runtime, compile(*), runtime(*), master" position="59">
				<license name="ASF 2.0" url="http://www.apache.org/licenses/LICENSE-2.0.txt"/>
				<metadata-artifact status="no" details="" size="2670" time="0" location="C:\Users\kubra\Desktop\play-2.1.5\framework\.\..\repository\cache\cglib\cglib\ivy-2.2.xml" searched="false" origin-is-local="false" origin-location="http://repo1.maven.org/maven2/cglib/cglib/2.2/cglib-2.2.pom"/>
				<caller organisation="org.hibernate" name="hibernate-entitymanager" conf="default, compile, runtime, master" rev="2.2" rev-constraint-default="2.2" rev-constraint-dynamic="2.2" callerrev="3.6.9.Final"/>
				<artifacts>
					<artifact name="cglib" type="jar" ext="jar" status="no" details="" size="278682" time="0" location="C:\Users\kubra\Desktop\play-2.1.5\framework\.\..\repository\cache\cglib\cglib\jars\cglib-2.2.jar">
						<origin-location is-local="false" location="http://repo1.maven.org/maven2/cglib/cglib/2.2/cglib-2.2.jar"/>
					</artifact>
				</artifacts>
			</revision>
		</module>
		<module organisation="asm" name="asm">
			<revision name="3.1" status="release" pubdate="20080120123126" resolver="public" artresolver="public" homepage="" downloaded="false" searched="false" default="false" conf="compile, master(*), runtime, compile(*), runtime(*), master" position="60">
				<metadata-artifact status="no" details="" size="2832" time="0" location="C:\Users\kubra\Desktop\play-2.1.5\framework\.\..\repository\cache\asm\asm\ivy-3.1.xml" searched="false" origin-is-local="false" origin-location="http://repo1.maven.org/maven2/asm/asm/3.1/asm-3.1.pom"/>
				<caller organisation="cglib" name="cglib" conf="compile, runtime" rev="3.1" rev-constraint-default="3.1" rev-constraint-dynamic="3.1" callerrev="2.2"/>
				<artifacts>
					<artifact name="asm" type="jar" ext="jar" status="no" details="" size="43033" time="0" location="C:\Users\kubra\Desktop\play-2.1.5\framework\.\..\repository\cache\asm\asm\jars\asm-3.1.jar">
						<origin-location is-local="false" location="http://repo1.maven.org/maven2/asm/asm/3.1/asm-3.1.jar"/>
					</artifact>
				</artifacts>
			</revision>
		</module>
		<module organisation="javassist" name="javassist">
			<revision name="3.12.0.GA" status="release" pubdate="20101123092131" resolver="public" artresolver="public" homepage="http://www.javassist.org/" downloaded="false" searched="false" default="false" conf="compile, master(*), runtime, compile(*), runtime(*), master" position="61">
				<license name="LGPL 2.1" url="http://www.gnu.org/licenses/lgpl-2.1.html"/>
				<metadata-artifact status="no" details="" size="2790" time="0" location="C:\Users\kubra\Desktop\play-2.1.5\framework\.\..\repository\cache\javassist\javassist\ivy-3.12.0.GA.xml" searched="false" origin-is-local="false" origin-location="http://repo1.maven.org/maven2/javassist/javassist/3.12.0.GA/javassist-3.12.0.GA.pom"/>
				<caller organisation="org.hibernate" name="hibernate-entitymanager" conf="default, compile, runtime, master" rev="3.12.0.GA" rev-constraint-default="3.12.0.GA" rev-constraint-dynamic="3.12.0.GA" callerrev="3.6.9.Final"/>
				<artifacts>
					<artifact name="javassist" type="jar" ext="jar" status="no" details="" size="633312" time="0" location="C:\Users\kubra\Desktop\play-2.1.5\framework\.\..\repository\cache\javassist\javassist\jars\javassist-3.12.0.GA.jar">
						<origin-location is-local="false" location="http://repo1.maven.org/maven2/javassist/javassist/3.12.0.GA/javassist-3.12.0.GA.jar"/>
					</artifact>
				</artifacts>
			</revision>
		</module>
		<module organisation="org.hibernate" name="hibernate-commons-annotations">
			<revision name="3.2.0.Final" status="release" pubdate="20100309184153" resolver="public" artresolver="public" homepage="http://hibernate.org" downloaded="false" searched="false" default="false" conf="compile, master(*), runtime, compile(*), runtime(*), master" position="58">
				<license name="GNU LESSER GENERAL PUBLIC LICENSE" url="http://www.gnu.org/licenses/lgpl.txt"/>
				<metadata-artifact status="no" details="" size="3593" time="0" location="C:\Users\kubra\Desktop\play-2.1.5\framework\.\..\repository\cache\org.hibernate\hibernate-commons-annotations\ivy-3.2.0.Final.xml" searched="false" origin-is-local="false" origin-location="http://repo1.maven.org/maven2/org/hibernate/hibernate-commons-annotations/3.2.0.Final/hibernate-commons-annotations-3.2.0.Final.pom"/>
				<caller organisation="org.hibernate" name="hibernate-core" conf="compile, runtime" rev="3.2.0.Final" rev-constraint-default="3.2.0.Final" rev-constraint-dynamic="3.2.0.Final" callerrev="3.6.9.Final"/>
				<artifacts>
					<artifact name="hibernate-commons-annotations" type="jar" ext="jar" status="no" details="" size="71283" time="0" location="C:\Users\kubra\Desktop\play-2.1.5\framework\.\..\repository\cache\org.hibernate\hibernate-commons-annotations\jars\hibernate-commons-annotations-3.2.0.Final.jar">
						<origin-location is-local="false" location="http://repo1.maven.org/maven2/org/hibernate/hibernate-commons-annotations/3.2.0.Final/hibernate-commons-annotations-3.2.0.Final.jar"/>
					</artifact>
				</artifacts>
			</revision>
		</module>
		<module organisation="commons-collections" name="commons-collections">
			<revision name="3.1" status="release" pubdate="20051109003131" resolver="public" artresolver="public" evicted="latest-revision" evicted-reason="" homepage="" downloaded="false" searched="false" default="false" conf="compile, master(*), runtime, compile(*), runtime(*), master" position="-1">
				<metadata-artifact status="no" details="" size="2531" time="0" location="C:\Users\kubra\Desktop\play-2.1.5\framework\.\..\repository\cache\commons-collections\commons-collections\ivy-3.1.xml" searched="false" origin-is-local="false" origin-location="http://repo1.maven.org/maven2/commons-collections/commons-collections/3.1/commons-collections-3.1.pom"/>
				<evicted-by rev="3.2.1"/>
				<caller organisation="org.hibernate" name="hibernate-core" conf="compile, runtime" rev="3.1" rev-constraint-default="3.1" rev-constraint-dynamic="3.1" callerrev="3.6.9.Final"/>
				<artifacts>
				</artifacts>
			</revision>
			<revision name="3.2.1" status="release" pubdate="20080415110924" resolver="local" artresolver="local" homepage="http://commons.apache.org/collections/" downloaded="false" searched="false" default="false" conf="compile, master(*), runtime, compile(*), runtime(*), master" position="114">
				<metadata-artifact status="no" details="" size="4576" time="0" location="C:\Users\kubra\Desktop\play-2.1.5\framework\.\..\repository\cache\commons-collections\commons-collections\ivy-3.2.1.xml" searched="false" origin-is-local="true" origin-location="C:\Users\kubra\Desktop\play-2.1.5\repository\local\commons-collections\commons-collections\3.2.1\ivys\ivy.xml"/>
				<caller organisation="net.sourceforge.htmlunit" name="htmlunit" conf="compile, runtime" rev="3.2.1" rev-constraint-default="3.2.1" rev-constraint-dynamic="3.2.1" callerrev="2.9"/>
				<caller organisation="org.hibernate" name="hibernate-core" conf="compile, runtime" rev="3.1" rev-constraint-default="3.1" rev-constraint-dynamic="3.1" callerrev="3.6.9.Final"/>
				<artifacts>
					<artifact name="commons-collections" type="jar" ext="jar" status="no" details="" size="575389" time="0" location="C:\Users\kubra\Desktop\play-2.1.5\repository\local\commons-collections\commons-collections\3.2.1\jars\commons-collections.jar">
						<origin-location is-local="true" location="C:\Users\kubra\Desktop\play-2.1.5\repository\local\commons-collections\commons-collections\3.2.1\jars\commons-collections.jar"/>
					</artifact>
				</artifacts>
			</revision>
		</module>
		<module organisation="antlr" name="antlr">
			<revision name="2.7.6" status="release" pubdate="20060131033534" resolver="public" artresolver="public" homepage="http://www.antlr.org/" downloaded="false" searched="false" default="false" conf="compile, master(*), runtime, compile(*), runtime(*), master" position="57">
				<metadata-artifact status="no" details="" size="2223" time="0" location="C:\Users\kubra\Desktop\play-2.1.5\framework\.\..\repository\cache\antlr\antlr\ivy-2.7.6.xml" searched="false" origin-is-local="false" origin-location="http://repo1.maven.org/maven2/antlr/antlr/2.7.6/antlr-2.7.6.pom"/>
				<caller organisation="org.hibernate" name="hibernate-core" conf="compile, runtime" rev="2.7.6" rev-constraint-default="2.7.6" rev-constraint-dynamic="2.7.6" callerrev="3.6.9.Final"/>
				<artifacts>
					<artifact name="antlr" type="jar" ext="jar" status="no" details="" size="443432" time="0" location="C:\Users\kubra\Desktop\play-2.1.5\framework\.\..\repository\cache\antlr\antlr\jars\antlr-2.7.6.jar">
						<origin-location is-local="false" location="http://repo1.maven.org/maven2/antlr/antlr/2.7.6/antlr-2.7.6.jar"/>
					</artifact>
				</artifacts>
			</revision>
		</module>
		<module organisation="play" name="play-java-jpa_2.10">
			<revision name="2.1.0" status="release" pubdate="20150421180214" resolver="Typesafe Releases Repository" artresolver="Typesafe Releases Repository" homepage="" downloaded="false" searched="false" default="false" conf="default(compile), default, compile, runtime, master" position="54">
				<metadata-artifact status="no" details="" size="2604" time="0" location="C:\Users\kubra\Desktop\play-2.1.5\framework\.\..\repository\cache\play\play-java-jpa_2.10\ivy-2.1.0.xml" searched="false" origin-is-local="false" origin-location="http://repo.typesafe.com/typesafe/releases/play/play-java-jpa_2.10/2.1.0/play-java-jpa_2.10-2.1.0.pom"/>
				<caller organisation="osms" name="osms_2.10" conf="test, compile, runtime" rev="2.1.0" rev-constraint-default="2.1.0" rev-constraint-dynamic="2.1.0" callerrev="1.0-SNAPSHOT"/>
				<artifacts>
					<artifact name="play-java-jpa_2.10" type="jar" ext="jar" status="no" details="" size="6181" time="0" location="C:\Users\kubra\Desktop\play-2.1.5\framework\.\..\repository\cache\play\play-java-jpa_2.10\jars\play-java-jpa_2.10-2.1.0.jar">
						<origin-location is-local="false" location="http://repo.typesafe.com/typesafe/releases/play/play-java-jpa_2.10/2.1.0/play-java-jpa_2.10-2.1.0.jar"/>
					</artifact>
				</artifacts>
			</revision>
		</module>
		<module organisation="play" name="play-java-ebean_2.10">
			<revision name="2.1.0" status="release" pubdate="20150421181452" resolver="Typesafe Releases Repository" artresolver="Typesafe Releases Repository" homepage="" downloaded="false" searched="false" default="false" conf="default(compile), default, compile, runtime, master" position="48">
				<metadata-artifact status="no" details="" size="2886" time="0" location="C:\Users\kubra\Desktop\play-2.1.5\framework\.\..\repository\cache\play\play-java-ebean_2.10\ivy-2.1.0.xml" searched="false" origin-is-local="false" origin-location="http://repo.typesafe.com/typesafe/releases/play/play-java-ebean_2.10/2.1.0/play-java-ebean_2.10-2.1.0.pom"/>
				<caller organisation="osms" name="osms_2.10" conf="test, compile, runtime" rev="2.1.0" rev-constraint-default="2.1.0" rev-constraint-dynamic="2.1.0" callerrev="1.0-SNAPSHOT"/>
				<artifacts>
					<artifact name="play-java-ebean_2.10" type="jar" ext="jar" status="no" details="" size="12520" time="0" location="C:\Users\kubra\Desktop\play-2.1.5\framework\.\..\repository\cache\play\play-java-ebean_2.10\jars\play-java-ebean_2.10-2.1.0.jar">
						<origin-location is-local="false" location="http://repo.typesafe.com/typesafe/releases/play/play-java-ebean_2.10/2.1.0/play-java-ebean_2.10-2.1.0.jar"/>
					</artifact>
				</artifacts>
			</revision>
		</module>
		<module organisation="org.avaje.ebeanorm" name="avaje-ebeanorm">
			<revision name="3.1.2" status="release" pubdate="20121002125001" resolver="local" artresolver="local" homepage="http://www.avaje.org" downloaded="false" searched="false" default="false" conf="compile, master(*), runtime, compile(*), runtime(*), master" position="49">
				<license name="The Apache Software License, Version 2.0" url="http://www.apache.org/licenses/LICENSE-2.0.txt"/>
				<metadata-artifact status="no" details="" size="4602" time="0" location="C:\Users\kubra\Desktop\play-2.1.5\framework\.\..\repository\cache\org.avaje.ebeanorm\avaje-ebeanorm\ivy-3.1.2.xml" searched="false" origin-is-local="true" origin-location="C:\Users\kubra\Desktop\play-2.1.5\repository\local\org.avaje.ebeanorm\avaje-ebeanorm\3.1.2\ivys\ivy.xml"/>
				<caller organisation="play" name="play-java-ebean_2.10" conf="default, compile, runtime, master" rev="3.1.2" rev-constraint-default="3.1.2" rev-constraint-dynamic="3.1.2" callerrev="2.1.0"/>
				<artifacts>
					<artifact name="avaje-ebeanorm" type="jar" ext="jar" status="no" details="" size="2470" time="0" location="C:\Users\kubra\Desktop\play-2.1.5\repository\local\org.avaje.ebeanorm\avaje-ebeanorm\3.1.2\jars\avaje-ebeanorm.jar">
						<origin-location is-local="true" location="C:\Users\kubra\Desktop\play-2.1.5\repository\local\org.avaje.ebeanorm\avaje-ebeanorm\3.1.2\jars\avaje-ebeanorm.jar"/>
					</artifact>
				</artifacts>
			</revision>
		</module>
		<module organisation="org.avaje.ebeanorm" name="avaje-ebeanorm-server">
			<revision name="3.1.2" status="release" pubdate="20121002124607" resolver="local" artresolver="local" homepage="http://www.avaje.org" downloaded="false" searched="false" default="false" conf="compile, master(*), runtime, compile(*), runtime(*), master" position="52">
				<license name="The Apache Software License, Version 2.0" url="http://www.apache.org/licenses/LICENSE-2.0.txt"/>
				<metadata-artifact status="no" details="" size="5679" time="0" location="C:\Users\kubra\Desktop\play-2.1.5\framework\.\..\repository\cache\org.avaje.ebeanorm\avaje-ebeanorm-server\ivy-3.1.2.xml" searched="false" origin-is-local="true" origin-location="C:\Users\kubra\Desktop\play-2.1.5\repository\local\org.avaje.ebeanorm\avaje-ebeanorm-server\3.1.2\ivys\ivy.xml"/>
				<caller organisation="org.avaje.ebeanorm" name="avaje-ebeanorm" conf="compile, runtime" rev="3.1.2" rev-constraint-default="3.1.2" rev-constraint-dynamic="3.1.2" callerrev="3.1.2"/>
				<artifacts>
					<artifact name="avaje-ebeanorm-server" type="jar" ext="jar" status="no" details="" size="1458306" time="0" location="C:\Users\kubra\Desktop\play-2.1.5\repository\local\org.avaje.ebeanorm\avaje-ebeanorm-server\3.1.2\jars\avaje-ebeanorm-server.jar">
						<origin-location is-local="true" location="C:\Users\kubra\Desktop\play-2.1.5\repository\local\org.avaje.ebeanorm\avaje-ebeanorm-server\3.1.2\jars\avaje-ebeanorm-server.jar"/>
					</artifact>
				</artifacts>
			</revision>
		</module>
		<module organisation="org.avaje.ebeanorm" name="avaje-ebeanorm-api">
			<revision name="3.1.1" status="release" pubdate="20120914215621" resolver="local" artresolver="local" homepage="http://www.avaje.org" downloaded="false" searched="false" default="false" conf="compile, master(*), runtime, compile(*), runtime(*), master" position="50">
				<license name="The Apache Software License, Version 2.0" url="http://www.apache.org/licenses/LICENSE-2.0.txt"/>
				<metadata-artifact status="no" details="" size="5035" time="0" location="C:\Users\kubra\Desktop\play-2.1.5\framework\.\..\repository\cache\org.avaje.ebeanorm\avaje-ebeanorm-api\ivy-3.1.1.xml" searched="false" origin-is-local="true" origin-location="C:\Users\kubra\Desktop\play-2.1.5\repository\local\org.avaje.ebeanorm\avaje-ebeanorm-api\3.1.1\ivys\ivy.xml"/>
				<caller organisation="org.avaje.ebeanorm" name="avaje-ebeanorm-server" conf="compile, runtime" rev="3.1.1" rev-constraint-default="3.1.1" rev-constraint-dynamic="3.1.1" callerrev="3.1.2"/>
				<caller organisation="org.avaje.ebeanorm" name="avaje-ebeanorm" conf="compile, runtime" rev="3.1.1" rev-constraint-default="3.1.1" rev-constraint-dynamic="3.1.1" callerrev="3.1.2"/>
				<artifacts>
					<artifact name="avaje-ebeanorm-api" type="jar" ext="jar" status="no" details="" size="289414" time="0" location="C:\Users\kubra\Desktop\play-2.1.5\repository\local\org.avaje.ebeanorm\avaje-ebeanorm-api\3.1.1\jars\avaje-ebeanorm-api.jar">
						<origin-location is-local="true" location="C:\Users\kubra\Desktop\play-2.1.5\repository\local\org.avaje.ebeanorm\avaje-ebeanorm-api\3.1.1\jars\avaje-ebeanorm-api.jar"/>
					</artifact>
				</artifacts>
			</revision>
		</module>
		<module organisation="org.avaje.ebeanorm" name="avaje-ebeanorm-agent">
			<revision name="3.2.2" status="release" pubdate="20130802100538" resolver="local" artresolver="local" homepage="http://www.avaje.org" downloaded="false" searched="true" default="false" conf="compile, master(*), runtime, compile(*), runtime(*), master" position="51">
				<license name="The Apache Software License, Version 2.0" url="http://www.apache.org/licenses/LICENSE-2.0.txt"/>
				<metadata-artifact status="no" details="" size="4597" time="0" location="C:\Users\kubra\Desktop\play-2.1.5\framework\.\..\repository\cache\org.avaje.ebeanorm\avaje-ebeanorm-agent\ivy-3.2.2.xml" searched="true" origin-is-local="true" origin-location="C:\Users\Kübra\Desktop\play-2.1.5\repository\local\org.avaje.ebeanorm\avaje-ebeanorm-agent\3.2.2\ivys\ivy.xml"/>
				<caller organisation="org.avaje.ebeanorm" name="avaje-ebeanorm-server" conf="compile, runtime" rev="3.1.1" rev-constraint-default="3.1.1" rev-constraint-dynamic="3.1.1" callerrev="3.1.2"/>
				<caller organisation="org.avaje.ebeanorm" name="avaje-ebeanorm-api" conf="compile, runtime" rev="[3.1,4)" rev-constraint-default="[3.1,4)" rev-constraint-dynamic="[3.1,4)" callerrev="3.1.1"/>
				<artifacts>
					<artifact name="avaje-ebeanorm-agent" type="jar" ext="jar" status="no" details="" size="182176" time="0" location="C:\Users\kubra\Desktop\play-2.1.5\repository\local\org.avaje.ebeanorm\avaje-ebeanorm-agent\3.2.2\jars\avaje-ebeanorm-agent.jar">
						<origin-location is-local="true" location="C:\Users\kubra\Desktop\play-2.1.5\repository\local\org.avaje.ebeanorm\avaje-ebeanorm-agent\3.2.2\jars\avaje-ebeanorm-agent.jar"/>
					</artifact>
				</artifacts>
			</revision>
			<revision name="3.1.1" evicted="latest-revision" evicted-reason="" downloaded="false" searched="false" conf="compile, master(*), runtime, compile(*), runtime(*), master" position="-1">
				<evicted-by rev="3.2.2"/>
				<caller organisation="org.avaje.ebeanorm" name="avaje-ebeanorm-server" conf="compile, runtime" rev="3.1.1" rev-constraint-default="3.1.1" rev-constraint-dynamic="3.1.1" callerrev="3.1.2"/>
				<artifacts>
				</artifacts>
			</revision>
		</module>
		<module organisation="play" name="play-java-jdbc_2.10">
			<revision name="2.1.0" status="release" pubdate="20150421184819" resolver="Typesafe Releases Repository" artresolver="Typesafe Releases Repository" homepage="" downloaded="false" searched="false" default="false" conf="default(compile), default, compile, master(*), compile(*), runtime, runtime(*), master" position="43">
				<metadata-artifact status="no" details="" size="2572" time="0" location="C:\Users\kubra\Desktop\play-2.1.5\framework\.\..\repository\cache\play\play-java-jdbc_2.10\ivy-2.1.0.xml" searched="false" origin-is-local="false" origin-location="http://repo.typesafe.com/typesafe/releases/play/play-java-jdbc_2.10/2.1.0/play-java-jdbc_2.10-2.1.0.pom"/>
				<caller organisation="play" name="play-java-ebean_2.10" conf="default, compile, runtime, master" rev="2.1.0" rev-constraint-default="2.1.0" rev-constraint-dynamic="2.1.0" callerrev="2.1.0"/>
				<caller organisation="osms" name="osms_2.10" conf="test, compile, runtime" rev="2.1.0" rev-constraint-default="2.1.0" rev-constraint-dynamic="2.1.0" callerrev="1.0-SNAPSHOT"/>
				<caller organisation="play" name="play-java-jpa_2.10" conf="default, compile, runtime, master" rev="2.1.0" rev-constraint-default="2.1.0" rev-constraint-dynamic="2.1.0" callerrev="2.1.0"/>
				<artifacts>
					<artifact name="play-java-jdbc_2.10" type="jar" ext="jar" status="no" details="" size="1125" time="0" location="C:\Users\kubra\Desktop\play-2.1.5\framework\.\..\repository\cache\play\play-java-jdbc_2.10\jars\play-java-jdbc_2.10-2.1.0.jar">
						<origin-location is-local="false" location="http://repo.typesafe.com/typesafe/releases/play/play-java-jdbc_2.10/2.1.0/play-java-jdbc_2.10-2.1.0.jar"/>
					</artifact>
				</artifacts>
			</revision>
		</module>
		<module organisation="play" name="play-jdbc_2.10">
			<revision name="2.1.0" status="release" pubdate="20150421181323" resolver="Typesafe Releases Repository" artresolver="Typesafe Releases Repository" homepage="" downloaded="false" searched="false" default="false" conf="compile, master(*), runtime, compile(*), runtime(*), master" position="44">
				<metadata-artifact status="no" details="" size="3139" time="0" location="C:\Users\kubra\Desktop\play-2.1.5\framework\.\..\repository\cache\play\play-jdbc_2.10\ivy-2.1.0.xml" searched="false" origin-is-local="false" origin-location="http://repo.typesafe.com/typesafe/releases/play/play-jdbc_2.10/2.1.0/play-jdbc_2.10-2.1.0.pom"/>
				<caller organisation="play" name="play-java-jdbc_2.10" conf="default, compile, runtime, master" rev="2.1.0" rev-constraint-default="2.1.0" rev-constraint-dynamic="2.1.0" callerrev="2.1.0"/>
				<artifacts>
					<artifact name="play-jdbc_2.10" type="jar" ext="jar" status="no" details="" size="204973" time="0" location="C:\Users\kubra\Desktop\play-2.1.5\framework\.\..\repository\cache\play\play-jdbc_2.10\jars\play-jdbc_2.10-2.1.0.jar">
						<origin-location is-local="false" location="http://repo.typesafe.com/typesafe/releases/play/play-jdbc_2.10/2.1.0/play-jdbc_2.10-2.1.0.jar"/>
					</artifact>
				</artifacts>
			</revision>
		</module>
		<module organisation="tyrex" name="tyrex">
			<revision name="1.0.1" status="release" pubdate="20051109092044" resolver="local" artresolver="local" homepage="" downloaded="false" searched="false" default="false" conf="compile, master(*), runtime, compile(*), runtime(*), master" position="47">
				<metadata-artifact status="no" details="" size="2167" time="0" location="C:\Users\kubra\Desktop\play-2.1.5\framework\.\..\repository\cache\tyrex\tyrex\ivy-1.0.1.xml" searched="false" origin-is-local="true" origin-location="C:\Users\kubra\Desktop\play-2.1.5\repository\local\tyrex\tyrex\1.0.1\ivys\ivy.xml"/>
				<caller organisation="play" name="play-jdbc_2.10" conf="compile, runtime" rev="1.0.1" rev-constraint-default="1.0.1" rev-constraint-dynamic="1.0.1" callerrev="2.1.0"/>
				<artifacts>
					<artifact name="tyrex" type="jar" ext="jar" status="no" details="" size="201315" time="0" location="C:\Users\kubra\Desktop\play-2.1.5\repository\local\tyrex\tyrex\1.0.1\jars\tyrex.jar">
						<origin-location is-local="true" location="C:\Users\kubra\Desktop\play-2.1.5\repository\local\tyrex\tyrex\1.0.1\jars\tyrex.jar"/>
					</artifact>
				</artifacts>
			</revision>
		</module>
		<module organisation="com.h2database" name="h2">
			<revision name="1.3.168" status="release" pubdate="20120714011808" resolver="local" artresolver="local" homepage="http://www.h2database.com" downloaded="false" searched="false" default="false" conf="compile, master(*), runtime, compile(*), runtime(*), master" position="46">
				<license name="The H2 License, Version 1.0" url="http://h2database.com/html/license.html"/>
				<metadata-artifact status="no" details="" size="2328" time="0" location="C:\Users\kubra\Desktop\play-2.1.5\framework\.\..\repository\cache\com.h2database\h2\ivy-1.3.168.xml" searched="false" origin-is-local="true" origin-location="C:\Users\kubra\Desktop\play-2.1.5\repository\local\com.h2database\h2\1.3.168\ivys\ivy.xml"/>
				<caller organisation="play" name="play-jdbc_2.10" conf="compile, runtime" rev="1.3.168" rev-constraint-default="1.3.168" rev-constraint-dynamic="1.3.168" callerrev="2.1.0"/>
				<artifacts>
					<artifact name="h2" type="jar" ext="jar" status="no" details="" size="1280753" time="0" location="C:\Users\kubra\Desktop\play-2.1.5\repository\local\com.h2database\h2\1.3.168\jars\h2.jar">
						<origin-location is-local="true" location="C:\Users\kubra\Desktop\play-2.1.5\repository\local\com.h2database\h2\1.3.168\jars\h2.jar"/>
					</artifact>
				</artifacts>
			</revision>
		</module>
		<module organisation="com.jolbox" name="bonecp">
			<revision name="0.7.1.RELEASE" status="release" pubdate="20110405220240" resolver="local" artresolver="local" homepage="" downloaded="false" searched="false" default="false" conf="compile, master(*), runtime, compile(*), runtime(*), master" position="45">
				<metadata-artifact status="no" details="" size="8733" time="0" location="C:\Users\kubra\Desktop\play-2.1.5\framework\.\..\repository\cache\com.jolbox\bonecp\ivy-0.7.1.RELEASE.xml" searched="false" origin-is-local="true" origin-location="C:\Users\kubra\Desktop\play-2.1.5\repository\local\com.jolbox\bonecp\0.7.1.RELEASE\ivys\ivy.xml"/>
				<caller organisation="play" name="play-jdbc_2.10" conf="compile, runtime" rev="0.7.1.RELEASE" rev-constraint-default="0.7.1.RELEASE" rev-constraint-dynamic="0.7.1.RELEASE" callerrev="2.1.0"/>
				<artifacts>
					<artifact name="bonecp" type="bundle" ext="jar" status="no" details="" size="115709" time="0" location="C:\Users\kubra\Desktop\play-2.1.5\repository\local\com.jolbox\bonecp\0.7.1.RELEASE\bundles\bonecp.jar">
						<origin-location is-local="true" location="C:\Users\kubra\Desktop\play-2.1.5\repository\local\com.jolbox\bonecp\0.7.1.RELEASE\bundles\bonecp.jar"/>
					</artifact>
				</artifacts>
			</revision>
		</module>
		<module organisation="play" name="play-java_2.10">
			<revision name="2.1.0" status="release" pubdate="20150421182324" resolver="Typesafe Releases Repository" artresolver="Typesafe Releases Repository" homepage="" downloaded="false" searched="false" default="false" conf="default(compile), default, compile, master(*), compile(*), runtime, runtime(*), master" position="31">
				<metadata-artifact status="no" details="" size="5134" time="0" location="C:\Users\kubra\Desktop\play-2.1.5\framework\.\..\repository\cache\play\play-java_2.10\ivy-2.1.0.xml" searched="false" origin-is-local="false" origin-location="http://repo.typesafe.com/typesafe/releases/play/play-java_2.10/2.1.0/play-java_2.10-2.1.0.pom"/>
				<caller organisation="play" name="play-jdbc_2.10" conf="compile, runtime" rev="2.1.0" rev-constraint-default="2.1.0" rev-constraint-dynamic="2.1.0" callerrev="2.1.0"/>
				<caller organisation="osms" name="osms_2.10" conf="test, compile, runtime" rev="2.1.0" rev-constraint-default="2.1.0" rev-constraint-dynamic="2.1.0" callerrev="1.0-SNAPSHOT"/>
				<artifacts>
					<artifact name="play-java_2.10" type="jar" ext="jar" status="no" details="" size="95006" time="0" location="C:\Users\kubra\Desktop\play-2.1.5\framework\.\..\repository\cache\play\play-java_2.10\jars\play-java_2.10-2.1.0.jar">
						<origin-location is-local="false" location="http://repo.typesafe.com/typesafe/releases/play/play-java_2.10/2.1.0/play-java_2.10-2.1.0.jar"/>
					</artifact>
				</artifacts>
			</revision>
		</module>
		<module organisation="javax.servlet" name="javax.servlet-api">
			<revision name="3.0.1" status="release" pubdate="20110713054053" resolver="local" artresolver="local" homepage="http://servlet-spec.java.net" downloaded="false" searched="false" default="false" conf="compile, master(*), runtime, compile(*), runtime(*), master" position="42">
				<license name="CDDL + GPLv2 with classpath exception" url="https://glassfish.dev.java.net/nonav/public/CDDL+GPL.html"/>
				<metadata-artifact status="no" details="" size="3666" time="0" location="C:\Users\kubra\Desktop\play-2.1.5\framework\.\..\repository\cache\javax.servlet\javax.servlet-api\ivy-3.0.1.xml" searched="false" origin-is-local="true" origin-location="C:\Users\kubra\Desktop\play-2.1.5\repository\local\javax.servlet\javax.servlet-api\3.0.1\ivys\ivy.xml"/>
				<caller organisation="play" name="play-java_2.10" conf="default, compile, runtime, master" rev="3.0.1" rev-constraint-default="3.0.1" rev-constraint-dynamic="3.0.1" callerrev="2.1.0"/>
				<artifacts>
					<artifact name="javax.servlet-api" type="jar" ext="jar" status="no" details="" size="85353" time="0" location="C:\Users\kubra\Desktop\play-2.1.5\repository\local\javax.servlet\javax.servlet-api\3.0.1\jars\javax.servlet-api.jar">
						<origin-location is-local="true" location="C:\Users\kubra\Desktop\play-2.1.5\repository\local\javax.servlet\javax.servlet-api\3.0.1\jars\javax.servlet-api.jar"/>
					</artifact>
				</artifacts>
			</revision>
		</module>
		<module organisation="com.google.guava" name="guava">
			<revision name="13.0.1" status="release" pubdate="20120829012726" resolver="local" artresolver="local" homepage="" downloaded="false" searched="false" default="false" conf="compile, master(*), runtime, compile(*), runtime(*), master" position="41">
				<metadata-artifact status="no" details="" size="3497" time="0" location="C:\Users\kubra\Desktop\play-2.1.5\framework\.\..\repository\cache\com.google.guava\guava\ivy-13.0.1.xml" searched="false" origin-is-local="true" origin-location="C:\Users\kubra\Desktop\play-2.1.5\repository\local\com.google.guava\guava\13.0.1\ivys\ivy.xml"/>
				<caller organisation="org.seleniumhq.selenium" name="selenium-api" conf="compile, runtime" rev="12.0" rev-constraint-default="12.0" rev-constraint-dynamic="12.0" callerrev="2.25.0"/>
				<caller organisation="org.seleniumhq.selenium" name="selenium-remote-driver" conf="compile, runtime" rev="12.0" rev-constraint-default="12.0" rev-constraint-dynamic="12.0" callerrev="2.25.0"/>
				<caller organisation="play" name="play-java_2.10" conf="default, compile, runtime, master" rev="13.0.1" rev-constraint-default="13.0.1" rev-constraint-dynamic="13.0.1" callerrev="2.1.0"/>
				<artifacts>
					<artifact name="guava" type="jar" ext="jar" status="no" details="" size="1891110" time="0" location="C:\Users\kubra\Desktop\play-2.1.5\repository\local\com.google.guava\guava\13.0.1\jars\guava.jar">
						<origin-location is-local="true" location="C:\Users\kubra\Desktop\play-2.1.5\repository\local\com.google.guava\guava\13.0.1\jars\guava.jar"/>
					</artifact>
				</artifacts>
			</revision>
			<revision name="12.0" evicted="latest-revision" evicted-reason="" downloaded="false" searched="false" conf="compile, master(*), runtime, compile(*), runtime(*), master" position="-1">
				<evicted-by rev="13.0.1"/>
				<caller organisation="org.seleniumhq.selenium" name="selenium-api" conf="compile, runtime" rev="12.0" rev-constraint-default="12.0" rev-constraint-dynamic="12.0" callerrev="2.25.0"/>
				<caller organisation="org.seleniumhq.selenium" name="selenium-remote-driver" conf="compile, runtime" rev="12.0" rev-constraint-default="12.0" rev-constraint-dynamic="12.0" callerrev="2.25.0"/>
				<artifacts>
				</artifacts>
			</revision>
		</module>
		<module organisation="org.reflections" name="reflections">
			<revision name="0.9.8" status="release" pubdate="20120525052141" resolver="local" artresolver="local" homepage="http://code.google.com/p/reflections/" downloaded="false" searched="false" default="false" conf="compile, master(*), runtime, compile(*), runtime(*), master" position="39">
				<metadata-artifact status="no" details="" size="3670" time="0" location="C:\Users\kubra\Desktop\play-2.1.5\framework\.\..\repository\cache\org.reflections\reflections\ivy-0.9.8.xml" searched="false" origin-is-local="true" origin-location="C:\Users\kubra\Desktop\play-2.1.5\repository\local\org.reflections\reflections\0.9.8\ivys\ivy.xml"/>
				<caller organisation="play" name="play-java_2.10" conf="default, compile, runtime, master" rev="0.9.8" rev-constraint-default="0.9.8" rev-constraint-dynamic="0.9.8" callerrev="2.1.0"/>
				<artifacts>
					<artifact name="reflections" type="jar" ext="jar" status="no" details="" size="102696" time="0" location="C:\Users\kubra\Desktop\play-2.1.5\repository\local\org.reflections\reflections\0.9.8\jars\reflections.jar">
						<origin-location is-local="true" location="C:\Users\kubra\Desktop\play-2.1.5\repository\local\org.reflections\reflections\0.9.8\jars\reflections.jar"/>
					</artifact>
				</artifacts>
			</revision>
		</module>
		<module organisation="org.springframework" name="spring-context">
			<revision name="3.1.2.RELEASE" status="release" pubdate="20120708084402" resolver="local" artresolver="local" homepage="" downloaded="false" searched="false" default="false" conf="compile, master(*), runtime, compile(*), runtime(*), master" position="36">
				<license name="The Apache Software License, Version 2.0" url="http://www.apache.org/licenses/LICENSE-2.0.txt"/>
				<metadata-artifact status="no" details="" size="11001" time="0" location="C:\Users\kubra\Desktop\play-2.1.5\framework\.\..\repository\cache\org.springframework\spring-context\ivy-3.1.2.RELEASE.xml" searched="false" origin-is-local="true" origin-location="C:\Users\kubra\Desktop\play-2.1.5\repository\local\org.springframework\spring-context\3.1.2.RELEASE\ivys\ivy.xml"/>
				<caller organisation="play" name="play-java_2.10" conf="default, compile, runtime, master" rev="3.1.2.RELEASE" rev-constraint-default="3.1.2.RELEASE" rev-constraint-dynamic="3.1.2.RELEASE" callerrev="2.1.0"/>
				<artifacts>
					<artifact name="spring-context" type="jar" ext="jar" status="no" details="" size="832018" time="0" location="C:\Users\kubra\Desktop\play-2.1.5\repository\local\org.springframework\spring-context\3.1.2.RELEASE\jars\spring-context.jar">
						<origin-location is-local="true" location="C:\Users\kubra\Desktop\play-2.1.5\repository\local\org.springframework\spring-context\3.1.2.RELEASE\jars\spring-context.jar"/>
					</artifact>
				</artifacts>
			</revision>
		</module>
		<module organisation="org.springframework" name="spring-beans">
			<revision name="3.1.2.RELEASE" status="release" pubdate="20120708084403" resolver="local" artresolver="local" homepage="" downloaded="false" searched="false" default="false" conf="compile, master(*), runtime, compile(*), runtime(*), master" position="38">
				<license name="The Apache Software License, Version 2.0" url="http://www.apache.org/licenses/LICENSE-2.0.txt"/>
				<metadata-artifact status="no" details="" size="7077" time="0" location="C:\Users\kubra\Desktop\play-2.1.5\framework\.\..\repository\cache\org.springframework\spring-beans\ivy-3.1.2.RELEASE.xml" searched="false" origin-is-local="true" origin-location="C:\Users\kubra\Desktop\play-2.1.5\repository\local\org.springframework\spring-beans\3.1.2.RELEASE\ivys\ivy.xml"/>
				<caller organisation="play" name="play-java_2.10" conf="default, compile, runtime, master" rev="3.1.2.RELEASE" rev-constraint-default="3.1.2.RELEASE" rev-constraint-dynamic="3.1.2.RELEASE" callerrev="2.1.0"/>
				<artifacts>
					<artifact name="spring-beans" type="jar" ext="jar" status="no" details="" size="592232" time="0" location="C:\Users\kubra\Desktop\play-2.1.5\repository\local\org.springframework\spring-beans\3.1.2.RELEASE\jars\spring-beans.jar">
						<origin-location is-local="true" location="C:\Users\kubra\Desktop\play-2.1.5\repository\local\org.springframework\spring-beans\3.1.2.RELEASE\jars\spring-beans.jar"/>
					</artifact>
				</artifacts>
			</revision>
		</module>
		<module organisation="org.springframework" name="spring-core">
			<revision name="3.1.2.RELEASE" status="release" pubdate="20120708084357" resolver="local" artresolver="local" homepage="" downloaded="false" searched="false" default="false" conf="compile, master(*), runtime, compile(*), runtime(*), master" position="37">
				<license name="The Apache Software License, Version 2.0" url="http://www.apache.org/licenses/LICENSE-2.0.txt"/>
				<metadata-artifact status="no" details="" size="7325" time="0" location="C:\Users\kubra\Desktop\play-2.1.5\framework\.\..\repository\cache\org.springframework\spring-core\ivy-3.1.2.RELEASE.xml" searched="false" origin-is-local="true" origin-location="C:\Users\kubra\Desktop\play-2.1.5\repository\local\org.springframework\spring-core\3.1.2.RELEASE\ivys\ivy.xml"/>
				<caller organisation="play" name="play-java_2.10" conf="default, compile, runtime, master" rev="3.1.2.RELEASE" rev-constraint-default="3.1.2.RELEASE" rev-constraint-dynamic="3.1.2.RELEASE" callerrev="2.1.0"/>
				<artifacts>
					<artifact name="spring-core" type="jar" ext="jar" status="no" details="" size="449649" time="0" location="C:\Users\kubra\Desktop\play-2.1.5\repository\local\org.springframework\spring-core\3.1.2.RELEASE\jars\spring-core.jar">
						<origin-location is-local="true" location="C:\Users\kubra\Desktop\play-2.1.5\repository\local\org.springframework\spring-core\3.1.2.RELEASE\jars\spring-core.jar"/>
					</artifact>
				</artifacts>
			</revision>
		</module>
		<module organisation="javax.annotation" name="jsr250-api">
			<revision name="1.0" status="release" pubdate="20070515232559" resolver="public" artresolver="public" homepage="http://jcp.org/aboutJava/communityprocess/final/jsr250/index.html" downloaded="false" searched="false" default="false" conf="compile, master(*), runtime, compile(*), runtime(*), master" position="76">
				<license name="COMMON DEVELOPMENT AND DISTRIBUTION LICENSE (CDDL) Version 1.0" url="https://glassfish.dev.java.net/public/CDDLv1.0.html"/>
				<metadata-artifact status="no" details="" size="2494" time="0" location="C:\Users\kubra\Desktop\play-2.1.5\framework\.\..\repository\cache\javax.annotation\jsr250-api\ivy-1.0.xml" searched="false" origin-is-local="false" origin-location="http://repo1.maven.org/maven2/javax/annotation/jsr250-api/1.0/jsr250-api-1.0.pom"/>
				<caller organisation="net.sf.uadetector" name="uadetector-core" conf="compile, runtime" rev="1.0" rev-constraint-default="1.0" rev-constraint-dynamic="1.0" callerrev="0.9.18"/>
				<artifacts>
					<artifact name="jsr250-api" type="jar" ext="jar" status="no" details="" size="5848" time="0" location="C:\Users\kubra\Desktop\play-2.1.5\framework\.\..\repository\cache\javax.annotation\jsr250-api\jars\jsr250-api-1.0.jar">
						<origin-location is-local="false" location="http://repo1.maven.org/maven2/javax/annotation/jsr250-api/1.0/jsr250-api-1.0.jar"/>
					</artifact>
				</artifacts>
			</revision>
		</module>
		<module organisation="org.hibernate" name="hibernate-validator">
			<revision name="4.3.0.Final" status="release" pubdate="20120509204612" resolver="local" artresolver="local" homepage="" downloaded="false" searched="false" default="false" conf="compile, master(*), runtime, compile(*), runtime(*), master" position="33">
				<metadata-artifact status="no" details="" size="7938" time="0" location="C:\Users\kubra\Desktop\play-2.1.5\framework\.\..\repository\cache\org.hibernate\hibernate-validator\ivy-4.3.0.Final.xml" searched="false" origin-is-local="true" origin-location="C:\Users\kubra\Desktop\play-2.1.5\repository\local\org.hibernate\hibernate-validator\4.3.0.Final\ivys\ivy.xml"/>
				<caller organisation="play" name="play-java_2.10" conf="default, compile, runtime, master" rev="4.3.0.Final" rev-constraint-default="4.3.0.Final" rev-constraint-dynamic="4.3.0.Final" callerrev="2.1.0"/>
				<artifacts>
					<artifact name="hibernate-validator" type="jar" ext="jar" status="no" details="" size="476575" time="0" location="C:\Users\kubra\Desktop\play-2.1.5\repository\local\org.hibernate\hibernate-validator\4.3.0.Final\jars\hibernate-validator.jar">
						<origin-location is-local="true" location="C:\Users\kubra\Desktop\play-2.1.5\repository\local\org.hibernate\hibernate-validator\4.3.0.Final\jars\hibernate-validator.jar"/>
					</artifact>
				</artifacts>
			</revision>
		</module>
		<module organisation="org.hibernate.javax.persistence" name="hibernate-jpa-2.0-api">
			<revision name="1.0.1.Final" status="release" pubdate="20110615124226" resolver="local" artresolver="local" homepage="http://hibernate.org" downloaded="false" searched="false" default="false" conf="compile, master(*), runtime, compile(*), runtime(*), master" position="53">
				<license name="Unknown License" url="license.txt"/>
				<metadata-artifact status="no" details="" size="2456" time="0" location="C:\Users\kubra\Desktop\play-2.1.5\framework\.\..\repository\cache\org.hibernate.javax.persistence\hibernate-jpa-2.0-api\ivy-1.0.1.Final.xml" searched="false" origin-is-local="true" origin-location="C:\Users\kubra\Desktop\play-2.1.5\repository\local\org.hibernate.javax.persistence\hibernate-jpa-2.0-api\1.0.1.Final\ivys\ivy.xml"/>
				<caller organisation="play" name="play-java-ebean_2.10" conf="default, compile, runtime, master" rev="1.0.1.Final" rev-constraint-default="1.0.1.Final" rev-constraint-dynamic="1.0.1.Final" callerrev="2.1.0"/>
				<caller organisation="org.hibernate" name="hibernate-entitymanager" conf="default, compile, runtime, master" rev="1.0.1.Final" rev-constraint-default="1.0.1.Final" rev-constraint-dynamic="1.0.1.Final" callerrev="3.6.9.Final"/>
				<caller organisation="org.hibernate" name="hibernate-core" conf="compile, runtime" rev="1.0.1.Final" rev-constraint-default="1.0.1.Final" rev-constraint-dynamic="1.0.1.Final" callerrev="3.6.9.Final"/>
				<caller organisation="play" name="play-java-jpa_2.10" conf="default, compile, runtime, master" rev="1.0.1.Final" rev-constraint-default="1.0.1.Final" rev-constraint-dynamic="1.0.1.Final" callerrev="2.1.0"/>
				<artifacts>
					<artifact name="hibernate-jpa-2.0-api" type="jar" ext="jar" status="no" details="" size="102661" time="0" location="C:\Users\kubra\Desktop\play-2.1.5\repository\local\org.hibernate.javax.persistence\hibernate-jpa-2.0-api\1.0.1.Final\jars\hibernate-jpa-2.0-api.jar">
						<origin-location is-local="true" location="C:\Users\kubra\Desktop\play-2.1.5\repository\local\org.hibernate.javax.persistence\hibernate-jpa-2.0-api\1.0.1.Final\jars\hibernate-jpa-2.0-api.jar"/>
					</artifact>
				</artifacts>
			</revision>
		</module>
		<module organisation="org.jboss.logging" name="jboss-logging">
			<revision name="3.1.0.CR2" status="release" pubdate="20111123145344" resolver="local" artresolver="local" homepage="http://www.jboss.org" downloaded="false" searched="false" default="false" conf="compile, master(*), runtime, compile(*), runtime(*), master" position="35">
				<license name="GNU Lesser General Public License, version 2.1" url="http://www.gnu.org/licenses/lgpl-2.1.txt"/>
				<metadata-artifact status="no" details="" size="7346" time="0" location="C:\Users\kubra\Desktop\play-2.1.5\framework\.\..\repository\cache\org.jboss.logging\jboss-logging\ivy-3.1.0.CR2.xml" searched="false" origin-is-local="true" origin-location="C:\Users\kubra\Desktop\play-2.1.5\repository\local\org.jboss.logging\jboss-logging\3.1.0.CR2\ivys\ivy.xml"/>
				<caller organisation="org.hibernate" name="hibernate-validator" conf="compile, runtime" rev="3.1.0.CR2" rev-constraint-default="3.1.0.CR2" rev-constraint-dynamic="3.1.0.CR2" callerrev="4.3.0.Final"/>
				<artifacts>
					<artifact name="jboss-logging" type="jar" ext="jar" status="no" details="" size="60539" time="0" location="C:\Users\kubra\Desktop\play-2.1.5\repository\local\org.jboss.logging\jboss-logging\3.1.0.CR2\jars\jboss-logging.jar">
						<origin-location is-local="true" location="C:\Users\kubra\Desktop\play-2.1.5\repository\local\org.jboss.logging\jboss-logging\3.1.0.CR2\jars\jboss-logging.jar"/>
					</artifact>
				</artifacts>
			</revision>
		</module>
		<module organisation="javax.validation" name="validation-api">
			<revision name="1.0.0.GA" status="release" pubdate="20100225164311" resolver="local" artresolver="local" homepage="" downloaded="false" searched="false" default="false" conf="compile, master(*), runtime, compile(*), runtime(*), master" position="34">
				<license name="Apache License, Version 2.0" url="license.txt"/>
				<metadata-artifact status="no" details="" size="2314" time="0" location="C:\Users\kubra\Desktop\play-2.1.5\framework\.\..\repository\cache\javax.validation\validation-api\ivy-1.0.0.GA.xml" searched="false" origin-is-local="true" origin-location="C:\Users\kubra\Desktop\play-2.1.5\repository\local\javax.validation\validation-api\1.0.0.GA\ivys\ivy.xml"/>
				<caller organisation="org.hibernate" name="hibernate-validator" conf="compile, runtime" rev="1.0.0.GA" rev-constraint-default="1.0.0.GA" rev-constraint-dynamic="1.0.0.GA" callerrev="4.3.0.Final"/>
				<artifacts>
					<artifact name="validation-api" type="jar" ext="jar" status="no" details="" size="47433" time="0" location="C:\Users\kubra\Desktop\play-2.1.5\repository\local\javax.validation\validation-api\1.0.0.GA\jars\validation-api.jar">
						<origin-location is-local="true" location="C:\Users\kubra\Desktop\play-2.1.5\repository\local\javax.validation\validation-api\1.0.0.GA\jars\validation-api.jar"/>
					</artifact>
				</artifacts>
			</revision>
		</module>
		<module organisation="org.yaml" name="snakeyaml">
			<revision name="1.10" status="release" pubdate="20120214043820" resolver="local" artresolver="local" homepage="http://www.snakeyaml.org" downloaded="false" searched="false" default="false" conf="compile, master(*), runtime, compile(*), runtime(*), master" position="32">
				<license name="Apache License Version 2.0" url="LICENSE.txt"/>
				<metadata-artifact status="no" details="" size="3399" time="0" location="C:\Users\kubra\Desktop\play-2.1.5\framework\.\..\repository\cache\org.yaml\snakeyaml\ivy-1.10.xml" searched="false" origin-is-local="true" origin-location="C:\Users\kubra\Desktop\play-2.1.5\repository\local\org.yaml\snakeyaml\1.10\ivys\ivy.xml"/>
				<caller organisation="play" name="play-java_2.10" conf="default, compile, runtime, master" rev="1.10" rev-constraint-default="1.10" rev-constraint-dynamic="1.10" callerrev="2.1.0"/>
				<artifacts>
					<artifact name="snakeyaml" type="bundle" ext="jar" status="no" details="" size="266959" time="0" location="C:\Users\kubra\Desktop\play-2.1.5\repository\local\org.yaml\snakeyaml\1.10\bundles\snakeyaml.jar">
						<origin-location is-local="true" location="C:\Users\kubra\Desktop\play-2.1.5\repository\local\org.yaml\snakeyaml\1.10\bundles\snakeyaml.jar"/>
					</artifact>
				</artifacts>
			</revision>
		</module>
		<module organisation="play" name="play_2.10">
			<revision name="2.1.0" status="release" pubdate="20150421175546" resolver="Typesafe Releases Repository" artresolver="Typesafe Releases Repository" homepage="" downloaded="false" searched="false" default="false" conf="default(compile), default, compile, master(*), compile(*), runtime, runtime(*), master" position="1">
				<metadata-artifact status="no" details="" size="6472" time="0" location="C:\Users\kubra\Desktop\play-2.1.5\framework\.\..\repository\cache\play\play_2.10\ivy-2.1.0.xml" searched="false" origin-is-local="false" origin-location="http://repo.typesafe.com/typesafe/releases/play/play_2.10/2.1.0/play_2.10-2.1.0.pom"/>
				<caller organisation="play" name="play-java_2.10" conf="default, compile, runtime, master" rev="2.1.0" rev-constraint-default="2.1.0" rev-constraint-dynamic="2.1.0" callerrev="2.1.0"/>
				<caller organisation="play" name="play-test_2.10" conf="default, compile, runtime, master" rev="2.1.0" rev-constraint-default="2.1.0" rev-constraint-dynamic="2.1.0" callerrev="2.1.0"/>
				<caller organisation="osms" name="osms_2.10" conf="test, compile, runtime" rev="2.1.0" rev-constraint-default="2.1.0" rev-constraint-dynamic="2.1.0" callerrev="1.0-SNAPSHOT"/>
				<artifacts>
					<artifact name="play_2.10" type="jar" ext="jar" status="no" details="" size="4602427" time="0" location="C:\Users\kubra\Desktop\play-2.1.5\framework\.\..\repository\cache\play\play_2.10\jars\play_2.10-2.1.0.jar">
						<origin-location is-local="false" location="http://repo.typesafe.com/typesafe/releases/play/play_2.10/2.1.0/play_2.10-2.1.0.jar"/>
					</artifact>
				</artifacts>
			</revision>
		</module>
		<module organisation="org.fluentlenium" name="fluentlenium-festassert">
			<revision name="0.7.3" status="release" pubdate="20120901021531" resolver="local" artresolver="local" homepage="https://github.com/FluentLenium/FluentLenium" downloaded="false" searched="false" default="false" conf="compile, master(*), runtime, compile(*), runtime(*), master" position="97">
				<license name="Apache 2" url="http://www.apache.org/licenses/LICENSE-2.0.txt"/>
				<metadata-artifact status="no" details="" size="5460" time="0" location="C:\Users\kubra\Desktop\play-2.1.5\framework\.\..\repository\cache\org.fluentlenium\fluentlenium-festassert\ivy-0.7.3.xml" searched="false" origin-is-local="true" origin-location="C:\Users\kubra\Desktop\play-2.1.5\repository\local\org.fluentlenium\fluentlenium-festassert\0.7.3\ivys\ivy.xml"/>
				<caller organisation="play" name="play-test_2.10" conf="default, compile, runtime, master" rev="0.7.3" rev-constraint-default="0.7.3" rev-constraint-dynamic="0.7.3" callerrev="2.1.0"/>
				<artifacts>
					<artifact name="fluentlenium-festassert" type="jar" ext="jar" status="no" details="" size="12727" time="0" location="C:\Users\kubra\Desktop\play-2.1.5\repository\local\org.fluentlenium\fluentlenium-festassert\0.7.3\jars\fluentlenium-festassert.jar">
						<origin-location is-local="true" location="C:\Users\kubra\Desktop\play-2.1.5\repository\local\org.fluentlenium\fluentlenium-festassert\0.7.3\jars\fluentlenium-festassert.jar"/>
					</artifact>
				</artifacts>
			</revision>
		</module>
		<module organisation="org.fluentlenium" name="fluentlenium-core">
			<revision name="0.7.3" status="release" pubdate="20120901021459" resolver="local" artresolver="local" homepage="https://github.com/FluentLenium/FluentLenium" downloaded="false" searched="false" default="false" conf="compile, master(*), runtime, compile(*), runtime(*), master" position="98">
				<license name="Apache 2" url="http://www.apache.org/licenses/LICENSE-2.0.txt"/>
				<metadata-artifact status="no" details="" size="5563" time="0" location="C:\Users\kubra\Desktop\play-2.1.5\framework\.\..\repository\cache\org.fluentlenium\fluentlenium-core\ivy-0.7.3.xml" searched="false" origin-is-local="true" origin-location="C:\Users\kubra\Desktop\play-2.1.5\repository\local\org.fluentlenium\fluentlenium-core\0.7.3\ivys\ivy.xml"/>
				<caller organisation="org.fluentlenium" name="fluentlenium-festassert" conf="compile, runtime" rev="0.7.3" rev-constraint-default="0.7.3" rev-constraint-dynamic="0.7.3" callerrev="0.7.3"/>
				<artifacts>
					<artifact name="fluentlenium-core" type="jar" ext="jar" status="no" details="" size="75067" time="0" location="C:\Users\kubra\Desktop\play-2.1.5\repository\local\org.fluentlenium\fluentlenium-core\0.7.3\jars\fluentlenium-core.jar">
						<origin-location is-local="true" location="C:\Users\kubra\Desktop\play-2.1.5\repository\local\org.fluentlenium\fluentlenium-core\0.7.3\jars\fluentlenium-core.jar"/>
					</artifact>
				</artifacts>
			</revision>
		</module>
		<module organisation="org.easytesting" name="fest-assert">
			<revision name="1.4" status="release" pubdate="20110222184559" resolver="local" artresolver="local" homepage="http://fest.easytesting.org/assert" downloaded="false" searched="false" default="false" conf="compile, master(*), runtime, compile(*), runtime(*), master" position="128">
				<metadata-artifact status="no" details="" size="4253" time="0" location="C:\Users\kubra\Desktop\play-2.1.5\framework\.\..\repository\cache\org.easytesting\fest-assert\ivy-1.4.xml" searched="false" origin-is-local="true" origin-location="C:\Users\kubra\Desktop\play-2.1.5\repository\local\org.easytesting\fest-assert\1.4\ivys\ivy.xml"/>
				<caller organisation="org.fluentlenium" name="fluentlenium-festassert" conf="compile, runtime" rev="1.4" rev-constraint-default="1.4" rev-constraint-dynamic="1.4" callerrev="0.7.3"/>
				<artifacts>
					<artifact name="fest-assert" type="jar" ext="jar" status="no" details="" size="78451" time="0" location="C:\Users\kubra\Desktop\play-2.1.5\repository\local\org.easytesting\fest-assert\1.4\jars\fest-assert.jar">
						<origin-location is-local="true" location="C:\Users\kubra\Desktop\play-2.1.5\repository\local\org.easytesting\fest-assert\1.4\jars\fest-assert.jar"/>
					</artifact>
				</artifacts>
			</revision>
		</module>
		<module organisation="org.easytesting" name="fest-util">
			<revision name="1.1.6" status="release" pubdate="20110217211512" resolver="local" artresolver="local" homepage="http://fest.easytesting.org" downloaded="false" searched="false" default="false" conf="compile, master(*), runtime, compile(*), runtime(*), master" position="129">
				<metadata-artifact status="no" details="" size="3736" time="0" location="C:\Users\kubra\Desktop\play-2.1.5\framework\.\..\repository\cache\org.easytesting\fest-util\ivy-1.1.6.xml" searched="false" origin-is-local="true" origin-location="C:\Users\kubra\Desktop\play-2.1.5\repository\local\org.easytesting\fest-util\1.1.6\ivys\ivy.xml"/>
				<caller organisation="org.easytesting" name="fest-assert" conf="compile, runtime" rev="1.1.6" rev-constraint-default="1.1.6" rev-constraint-dynamic="1.1.6" callerrev="1.4"/>
				<artifacts>
					<artifact name="fest-util" type="jar" ext="jar" status="no" details="" size="31034" time="0" location="C:\Users\kubra\Desktop\play-2.1.5\repository\local\org.easytesting\fest-util\1.1.6\jars\fest-util.jar">
						<origin-location is-local="true" location="C:\Users\kubra\Desktop\play-2.1.5\repository\local\org.easytesting\fest-util\1.1.6\jars\fest-util.jar"/>
					</artifact>
				</artifacts>
			</revision>
		</module>
		<module organisation="org.seleniumhq.selenium" name="selenium-java">
			<revision name="2.25.0" status="release" pubdate="20120719072033" resolver="local" artresolver="local" homepage="" downloaded="false" searched="false" default="false" conf="compile, master(*), runtime, compile(*), runtime(*), master" position="99">
				<metadata-artifact status="no" details="" size="7205" time="0" location="C:\Users\kubra\Desktop\play-2.1.5\framework\.\..\repository\cache\org.seleniumhq.selenium\selenium-java\ivy-2.25.0.xml" searched="false" origin-is-local="true" origin-location="C:\Users\kubra\Desktop\play-2.1.5\repository\local\org.seleniumhq.selenium\selenium-java\2.25.0\ivys\ivy.xml"/>
				<caller organisation="org.fluentlenium" name="fluentlenium-core" conf="compile, runtime" rev="2.25.0" rev-constraint-default="2.25.0" rev-constraint-dynamic="2.25.0" callerrev="0.7.3"/>
				<artifacts>
					<artifact name="selenium-java" type="jar" ext="jar" status="no" details="" size="202083" time="0" location="C:\Users\kubra\Desktop\play-2.1.5\repository\local\org.seleniumhq.selenium\selenium-java\2.25.0\jars\selenium-java.jar">
						<origin-location is-local="true" location="C:\Users\kubra\Desktop\play-2.1.5\repository\local\org.seleniumhq.selenium\selenium-java\2.25.0\jars\selenium-java.jar"/>
					</artifact>
				</artifacts>
			</revision>
		</module>
		<module organisation="org.seleniumhq.selenium" name="selenium-support">
			<revision name="2.25.0" status="release" pubdate="20120719072017" resolver="local" artresolver="local" homepage="" downloaded="false" searched="false" default="false" conf="compile, master(*), runtime, compile(*), runtime(*), master" position="127">
				<metadata-artifact status="no" details="" size="5931" time="0" location="C:\Users\kubra\Desktop\play-2.1.5\framework\.\..\repository\cache\org.seleniumhq.selenium\selenium-support\ivy-2.25.0.xml" searched="false" origin-is-local="true" origin-location="C:\Users\kubra\Desktop\play-2.1.5\repository\local\org.seleniumhq.selenium\selenium-support\2.25.0\ivys\ivy.xml"/>
				<caller organisation="org.seleniumhq.selenium" name="selenium-java" conf="compile, runtime" rev="2.25.0" rev-constraint-default="2.25.0" rev-constraint-dynamic="2.25.0" callerrev="2.25.0"/>
				<artifacts>
					<artifact name="selenium-support" type="jar" ext="jar" status="no" details="" size="113172" time="0" location="C:\Users\kubra\Desktop\play-2.1.5\repository\local\org.seleniumhq.selenium\selenium-support\2.25.0\jars\selenium-support.jar">
						<origin-location is-local="true" location="C:\Users\kubra\Desktop\play-2.1.5\repository\local\org.seleniumhq.selenium\selenium-support\2.25.0\jars\selenium-support.jar"/>
					</artifact>
				</artifacts>
			</revision>
		</module>
		<module organisation="org.seleniumhq.selenium" name="selenium-safari-driver">
			<revision name="2.25.0" status="release" pubdate="20120719072006" resolver="local" artresolver="local" homepage="" downloaded="false" searched="false" default="false" conf="compile, master(*), runtime, compile(*), runtime(*), master" position="125">
				<metadata-artifact status="no" details="" size="5869" time="0" location="C:\Users\kubra\Desktop\play-2.1.5\framework\.\..\repository\cache\org.seleniumhq.selenium\selenium-safari-driver\ivy-2.25.0.xml" searched="false" origin-is-local="true" origin-location="C:\Users\kubra\Desktop\play-2.1.5\repository\local\org.seleniumhq.selenium\selenium-safari-driver\2.25.0\ivys\ivy.xml"/>
				<caller organisation="org.seleniumhq.selenium" name="selenium-java" conf="compile, runtime" rev="2.25.0" rev-constraint-default="2.25.0" rev-constraint-dynamic="2.25.0" callerrev="2.25.0"/>
				<artifacts>
					<artifact name="selenium-safari-driver" type="jar" ext="jar" status="no" details="" size="15761" time="0" location="C:\Users\kubra\Desktop\play-2.1.5\repository\local\org.seleniumhq.selenium\selenium-safari-driver\2.25.0\jars\selenium-safari-driver.jar">
						<origin-location is-local="true" location="C:\Users\kubra\Desktop\play-2.1.5\repository\local\org.seleniumhq.selenium\selenium-safari-driver\2.25.0\jars\selenium-safari-driver.jar"/>
					</artifact>
				</artifacts>
			</revision>
		</module>
		<module organisation="org.webbitserver" name="webbit">
			<revision name="0.4.6" status="release" pubdate="20120223205921" resolver="local" artresolver="local" homepage="http://webbitserver.org/" downloaded="false" searched="false" default="false" conf="compile, master(*), runtime, compile(*), runtime(*), master" position="126">
				<license name="BSD License" url="http://www.opensource.org/licenses/bsd-license"/>
				<metadata-artifact status="no" details="" size="3346" time="0" location="C:\Users\kubra\Desktop\play-2.1.5\framework\.\..\repository\cache\org.webbitserver\webbit\ivy-0.4.6.xml" searched="false" origin-is-local="true" origin-location="C:\Users\kubra\Desktop\play-2.1.5\repository\local\org.webbitserver\webbit\0.4.6\ivys\ivy.xml"/>
				<caller organisation="org.seleniumhq.selenium" name="selenium-java" conf="compile, runtime" rev="0.4.6" rev-constraint-default="0.4.6" rev-constraint-dynamic="0.4.6" callerrev="2.25.0"/>
				<caller organisation="org.seleniumhq.selenium" name="selenium-safari-driver" conf="compile, runtime" rev="0.4.6" rev-constraint-default="0.4.6" rev-constraint-dynamic="0.4.6" callerrev="2.25.0"/>
				<artifacts>
					<artifact name="webbit" type="jar" ext="jar" status="no" details="" size="154749" time="0" location="C:\Users\kubra\Desktop\play-2.1.5\repository\local\org.webbitserver\webbit\0.4.6\jars\webbit.jar">
						<origin-location is-local="true" location="C:\Users\kubra\Desktop\play-2.1.5\repository\local\org.webbitserver\webbit\0.4.6\jars\webbit.jar"/>
					</artifact>
				</artifacts>
			</revision>
		</module>
		<module organisation="com.google.code.gson" name="gson">
			<revision name="1.7.2" status="release" pubdate="20110930215822" resolver="public" artresolver="public" homepage="http://code.google.com/p/google-gson/" downloaded="false" searched="false" default="false" conf="compile, master(*), runtime, compile(*), runtime(*), master" position="64">
				<license name="The Apache Software License, Version 2.0" url="http://www.apache.org/licenses/LICENSE-2.0.txt"/>
				<metadata-artifact status="no" details="" size="3546" time="0" location="C:\Users\kubra\Desktop\play-2.1.5\framework\.\..\repository\cache\com.google.code.gson\gson\ivy-1.7.2.xml" searched="false" origin-is-local="false" origin-location="http://repo1.maven.org/maven2/com/google/code/gson/gson/1.7.2/gson-1.7.2.pom"/>
				<caller organisation="com.google.code.geocoder-java" name="geocoder-java" conf="default, compile, runtime, master" rev="1.7.2" rev-constraint-default="1.7.2" rev-constraint-dynamic="1.7.2" callerrev="0.15"/>
				<artifacts>
					<artifact name="gson" type="jar" ext="jar" status="no" details="" size="173608" time="0" location="C:\Users\kubra\Desktop\play-2.1.5\framework\.\..\repository\cache\com.google.code.gson\gson\jars\gson-1.7.2.jar">
						<origin-location is-local="false" location="http://repo1.maven.org/maven2/com/google/code/gson/gson/1.7.2/gson-1.7.2.jar"/>
					</artifact>
				</artifacts>
			</revision>
		</module>
		<module organisation="org.seleniumhq.selenium" name="selenium-iphone-driver">
			<revision name="2.25.0" status="release" pubdate="20120719071957" resolver="local" artresolver="local" homepage="" downloaded="false" searched="false" default="false" conf="compile, master(*), runtime, compile(*), runtime(*), master" position="124">
				<metadata-artifact status="no" details="" size="5734" time="0" location="C:\Users\kubra\Desktop\play-2.1.5\framework\.\..\repository\cache\org.seleniumhq.selenium\selenium-iphone-driver\ivy-2.25.0.xml" searched="false" origin-is-local="true" origin-location="C:\Users\kubra\Desktop\play-2.1.5\repository\local\org.seleniumhq.selenium\selenium-iphone-driver\2.25.0\ivys\ivy.xml"/>
				<caller organisation="org.seleniumhq.selenium" name="selenium-java" conf="compile, runtime" rev="2.25.0" rev-constraint-default="2.25.0" rev-constraint-dynamic="2.25.0" callerrev="2.25.0"/>
				<artifacts>
					<artifact name="selenium-iphone-driver" type="jar" ext="jar" status="no" details="" size="13698" time="0" location="C:\Users\kubra\Desktop\play-2.1.5\repository\local\org.seleniumhq.selenium\selenium-iphone-driver\2.25.0\jars\selenium-iphone-driver.jar">
						<origin-location is-local="true" location="C:\Users\kubra\Desktop\play-2.1.5\repository\local\org.seleniumhq.selenium\selenium-iphone-driver\2.25.0\jars\selenium-iphone-driver.jar"/>
					</artifact>
				</artifacts>
			</revision>
		</module>
		<module organisation="org.seleniumhq.selenium" name="selenium-ie-driver">
			<revision name="2.25.0" status="release" pubdate="20120719071948" resolver="local" artresolver="local" homepage="" downloaded="false" searched="false" default="false" conf="compile, master(*), runtime, compile(*), runtime(*), master" position="123">
				<metadata-artifact status="no" details="" size="5995" time="0" location="C:\Users\kubra\Desktop\play-2.1.5\framework\.\..\repository\cache\org.seleniumhq.selenium\selenium-ie-driver\ivy-2.25.0.xml" searched="false" origin-is-local="true" origin-location="C:\Users\kubra\Desktop\play-2.1.5\repository\local\org.seleniumhq.selenium\selenium-ie-driver\2.25.0\ivys\ivy.xml"/>
				<caller organisation="org.seleniumhq.selenium" name="selenium-java" conf="compile, runtime" rev="2.25.0" rev-constraint-default="2.25.0" rev-constraint-dynamic="2.25.0" callerrev="2.25.0"/>
				<artifacts>
					<artifact name="selenium-ie-driver" type="jar" ext="jar" status="no" details="" size="1426908" time="0" location="C:\Users\kubra\Desktop\play-2.1.5\repository\local\org.seleniumhq.selenium\selenium-ie-driver\2.25.0\jars\selenium-ie-driver.jar">
						<origin-location is-local="true" location="C:\Users\kubra\Desktop\play-2.1.5\repository\local\org.seleniumhq.selenium\selenium-ie-driver\2.25.0\jars\selenium-ie-driver.jar"/>
					</artifact>
				</artifacts>
			</revision>
		</module>
		<module organisation="org.seleniumhq.selenium" name="selenium-firefox-driver">
			<revision name="2.25.0" status="release" pubdate="20120719071926" resolver="local" artresolver="local" homepage="" downloaded="false" searched="false" default="false" conf="compile, master(*), runtime, compile(*), runtime(*), master" position="122">
				<metadata-artifact status="no" details="" size="6010" time="0" location="C:\Users\kubra\Desktop\play-2.1.5\framework\.\..\repository\cache\org.seleniumhq.selenium\selenium-firefox-driver\ivy-2.25.0.xml" searched="false" origin-is-local="true" origin-location="C:\Users\kubra\Desktop\play-2.1.5\repository\local\org.seleniumhq.selenium\selenium-firefox-driver\2.25.0\ivys\ivy.xml"/>
				<caller organisation="org.seleniumhq.selenium" name="selenium-java" conf="compile, runtime" rev="2.25.0" rev-constraint-default="2.25.0" rev-constraint-dynamic="2.25.0" callerrev="2.25.0"/>
				<artifacts>
					<artifact name="selenium-firefox-driver" type="jar" ext="jar" status="no" details="" size="1976290" time="0" location="C:\Users\kubra\Desktop\play-2.1.5\repository\local\org.seleniumhq.selenium\selenium-firefox-driver\2.25.0\jars\selenium-firefox-driver.jar">
						<origin-location is-local="true" location="C:\Users\kubra\Desktop\play-2.1.5\repository\local\org.seleniumhq.selenium\selenium-firefox-driver\2.25.0\jars\selenium-firefox-driver.jar"/>
					</artifact>
				</artifacts>
			</revision>
		</module>
		<module organisation="org.seleniumhq.selenium" name="selenium-htmlunit-driver">
			<revision name="2.25.0" status="release" pubdate="20120719071937" resolver="local" artresolver="local" homepage="" downloaded="false" searched="false" default="false" conf="compile, master(*), runtime, compile(*), runtime(*), master" position="109">
				<metadata-artifact status="no" details="" size="6272" time="0" location="C:\Users\kubra\Desktop\play-2.1.5\framework\.\..\repository\cache\org.seleniumhq.selenium\selenium-htmlunit-driver\ivy-2.25.0.xml" searched="false" origin-is-local="true" origin-location="C:\Users\kubra\Desktop\play-2.1.5\repository\local\org.seleniumhq.selenium\selenium-htmlunit-driver\2.25.0\ivys\ivy.xml"/>
				<caller organisation="org.seleniumhq.selenium" name="selenium-java" conf="compile, runtime" rev="2.25.0" rev-constraint-default="2.25.0" rev-constraint-dynamic="2.25.0" callerrev="2.25.0"/>
				<artifacts>
					<artifact name="selenium-htmlunit-driver" type="jar" ext="jar" status="no" details="" size="53368" time="0" location="C:\Users\kubra\Desktop\play-2.1.5\repository\local\org.seleniumhq.selenium\selenium-htmlunit-driver\2.25.0\jars\selenium-htmlunit-driver.jar">
						<origin-location is-local="true" location="C:\Users\kubra\Desktop\play-2.1.5\repository\local\org.seleniumhq.selenium\selenium-htmlunit-driver\2.25.0\jars\selenium-htmlunit-driver.jar"/>
					</artifact>
				</artifacts>
			</revision>
		</module>
		<module organisation="net.sourceforge.htmlunit" name="htmlunit">
			<revision name="2.9" status="release" pubdate="20110809183817" resolver="local" artresolver="local" homepage="http://htmlunit.sourceforge.net" downloaded="false" searched="false" default="false" conf="compile, master(*), runtime, compile(*), runtime(*), master" position="110">
				<license name="Apache License, Version 2.0" url="http://www.apache.org/licenses/LICENSE-2.0.txt"/>
				<metadata-artifact status="no" details="" size="6954" time="0" location="C:\Users\kubra\Desktop\play-2.1.5\framework\.\..\repository\cache\net.sourceforge.htmlunit\htmlunit\ivy-2.9.xml" searched="false" origin-is-local="true" origin-location="C:\Users\kubra\Desktop\play-2.1.5\repository\local\net.sourceforge.htmlunit\htmlunit\2.9\ivys\ivy.xml"/>
				<caller organisation="org.seleniumhq.selenium" name="selenium-htmlunit-driver" conf="compile, runtime" rev="2.9" rev-constraint-default="2.9" rev-constraint-dynamic="2.9" callerrev="2.25.0"/>
				<artifacts>
					<artifact name="htmlunit" type="jar" ext="jar" status="no" details="" size="1003510" time="0" location="C:\Users\kubra\Desktop\play-2.1.5\repository\local\net.sourceforge.htmlunit\htmlunit\2.9\jars\htmlunit.jar">
						<origin-location is-local="true" location="C:\Users\kubra\Desktop\play-2.1.5\repository\local\net.sourceforge.htmlunit\htmlunit\2.9\jars\htmlunit.jar"/>
					</artifact>
				</artifacts>
			</revision>
		</module>
		<module organisation="net.sourceforge.cssparser" name="cssparser">
			<revision name="0.9.5" status="release" pubdate="20080328084902" resolver="local" artresolver="local" homepage="http://cssparser.sourceforge.net/" downloaded="false" searched="false" default="false" conf="compile, master(*), runtime, compile(*), runtime(*), master" position="120">
				<license name="GNU Lesser General Public License" url="http://www.gnu.org/licenses/lgpl.txt"/>
				<metadata-artifact status="no" details="" size="2846" time="0" location="C:\Users\kubra\Desktop\play-2.1.5\framework\.\..\repository\cache\net.sourceforge.cssparser\cssparser\ivy-0.9.5.xml" searched="false" origin-is-local="true" origin-location="C:\Users\kubra\Desktop\play-2.1.5\repository\local\net.sourceforge.cssparser\cssparser\0.9.5\ivys\ivy.xml"/>
				<caller organisation="net.sourceforge.htmlunit" name="htmlunit" conf="compile, runtime" rev="0.9.5" rev-constraint-default="0.9.5" rev-constraint-dynamic="0.9.5" callerrev="2.9"/>
				<artifacts>
					<artifact name="cssparser" type="jar" ext="jar" status="no" details="" size="253950" time="0" location="C:\Users\kubra\Desktop\play-2.1.5\repository\local\net.sourceforge.cssparser\cssparser\0.9.5\jars\cssparser.jar">
						<origin-location is-local="true" location="C:\Users\kubra\Desktop\play-2.1.5\repository\local\net.sourceforge.cssparser\cssparser\0.9.5\jars\cssparser.jar"/>
					</artifact>
				</artifacts>
			</revision>
		</module>
		<module organisation="org.w3c.css" name="sac">
			<revision name="1.3" status="release" pubdate="20080323154250" resolver="local" artresolver="local" homepage="http://www.w3.org/Style/CSS/SAC/" downloaded="false" searched="false" default="false" conf="compile, master(*), runtime, compile(*), runtime(*), master" position="121">
				<license name="The W3C Software License" url="http://www.w3.org/Consortium/Legal/copyright-software-19980720"/>
				<metadata-artifact status="no" details="" size="2376" time="0" location="C:\Users\kubra\Desktop\play-2.1.5\framework\.\..\repository\cache\org.w3c.css\sac\ivy-1.3.xml" searched="false" origin-is-local="true" origin-location="C:\Users\kubra\Desktop\play-2.1.5\repository\local\org.w3c.css\sac\1.3\ivys\ivy.xml"/>
				<caller organisation="net.sourceforge.cssparser" name="cssparser" conf="compile, runtime" rev="1.3" rev-constraint-default="1.3" rev-constraint-dynamic="1.3" callerrev="0.9.5"/>
				<artifacts>
					<artifact name="sac" type="jar" ext="jar" status="no" details="" size="15808" time="0" location="C:\Users\kubra\Desktop\play-2.1.5\repository\local\org.w3c.css\sac\1.3\jars\sac.jar">
						<origin-location is-local="true" location="C:\Users\kubra\Desktop\play-2.1.5\repository\local\org.w3c.css\sac\1.3\jars\sac.jar"/>
					</artifact>
				</artifacts>
			</revision>
		</module>
		<module organisation="net.sourceforge.nekohtml" name="nekohtml">
			<revision name="1.9.15" status="release" pubdate="20110804001328" resolver="local" artresolver="local" homepage="http://nekohtml.sourceforge.net/" downloaded="false" searched="false" default="false" conf="compile, master(*), runtime, compile(*), runtime(*), master" position="119">
				<license name="The Apache Software License, Version 2.0" url="http://www.apache.org/licenses/LICENSE-2.0.txt"/>
				<metadata-artifact status="no" details="" size="2552" time="0" location="C:\Users\kubra\Desktop\play-2.1.5\framework\.\..\repository\cache\net.sourceforge.nekohtml\nekohtml\ivy-1.9.15.xml" searched="false" origin-is-local="true" origin-location="C:\Users\kubra\Desktop\play-2.1.5\repository\local\net.sourceforge.nekohtml\nekohtml\1.9.15\ivys\ivy.xml"/>
				<caller organisation="net.sourceforge.htmlunit" name="htmlunit" conf="compile, runtime" rev="1.9.15" rev-constraint-default="1.9.15" rev-constraint-dynamic="1.9.15" callerrev="2.9"/>
				<artifacts>
					<artifact name="nekohtml" type="jar" ext="jar" status="no" details="" size="149271" time="0" location="C:\Users\kubra\Desktop\play-2.1.5\repository\local\net.sourceforge.nekohtml\nekohtml\1.9.15\jars\nekohtml.jar">
						<origin-location is-local="true" location="C:\Users\kubra\Desktop\play-2.1.5\repository\local\net.sourceforge.nekohtml\nekohtml\1.9.15\jars\nekohtml.jar"/>
					</artifact>
				</artifacts>
			</revision>
		</module>
		<module organisation="xerces" name="xercesImpl">
			<revision name="2.9.1" status="release" pubdate="20081002011919" resolver="public" artresolver="public" homepage="http://xerces.apache.org/xerces2-j" downloaded="false" searched="false" default="false" conf="compile, master(*), runtime, compile(*), runtime(*), master" position="118">
				<metadata-artifact status="no" details="" size="2978" time="0" location="C:\Users\kubra\Desktop\play-2.1.5\framework\.\..\repository\cache\xerces\xercesImpl\ivy-2.9.1.xml" searched="false" origin-is-local="false" origin-location="http://repo1.maven.org/maven2/xerces/xercesImpl/2.9.1/xercesImpl-2.9.1.pom"/>
				<caller organisation="net.sourceforge.htmlunit" name="htmlunit" conf="compile, runtime" rev="2.9.1" rev-constraint-default="2.9.1" rev-constraint-dynamic="2.9.1" callerrev="2.9"/>
				<artifacts>
					<artifact name="xercesImpl" type="jar" ext="jar" status="no" details="" size="1229125" time="0" location="C:\Users\kubra\Desktop\play-2.1.5\framework\.\..\repository\cache\xerces\xercesImpl\jars\xercesImpl-2.9.1.jar">
						<origin-location is-local="false" location="http://repo1.maven.org/maven2/xerces/xercesImpl/2.9.1/xercesImpl-2.9.1.jar"/>
					</artifact>
				</artifacts>
			</revision>
		</module>
		<module organisation="net.sourceforge.htmlunit" name="htmlunit-core-js">
			<revision name="2.9" status="release" pubdate="20110808175104" resolver="local" artresolver="local" homepage="http://htmlunit.sourceforge.net" downloaded="false" searched="false" default="false" conf="compile, master(*), runtime, compile(*), runtime(*), master" position="117">
				<license name="Mozilla Public License version 1.1" url="http://www.mozilla.org/MPL/MPL-1.1.html"/>
				<metadata-artifact status="no" details="" size="2511" time="0" location="C:\Users\kubra\Desktop\play-2.1.5\framework\.\..\repository\cache\net.sourceforge.htmlunit\htmlunit-core-js\ivy-2.9.xml" searched="false" origin-is-local="true" origin-location="C:\Users\kubra\Desktop\play-2.1.5\repository\local\net.sourceforge.htmlunit\htmlunit-core-js\2.9\ivys\ivy.xml"/>
				<caller organisation="net.sourceforge.htmlunit" name="htmlunit" conf="compile, runtime" rev="2.9" rev-constraint-default="2.9" rev-constraint-dynamic="2.9" callerrev="2.9"/>
				<artifacts>
					<artifact name="htmlunit-core-js" type="jar" ext="jar" status="no" details="" size="975187" time="0" location="C:\Users\kubra\Desktop\play-2.1.5\repository\local\net.sourceforge.htmlunit\htmlunit-core-js\2.9\jars\htmlunit-core-js.jar">
						<origin-location is-local="true" location="C:\Users\kubra\Desktop\play-2.1.5\repository\local\net.sourceforge.htmlunit\htmlunit-core-js\2.9\jars\htmlunit-core-js.jar"/>
					</artifact>
				</artifacts>
			</revision>
		</module>
		<module organisation="org.apache.httpcomponents" name="httpmime">
			<revision name="4.1.2" status="release" pubdate="20110730080218" resolver="local" artresolver="local" homepage="http://hc.apache.org/httpcomponents-client" downloaded="false" searched="false" default="false" conf="compile, master(*), runtime, compile(*), runtime(*), master" position="116">
				<metadata-artifact status="no" details="" size="5294" time="0" location="C:\Users\kubra\Desktop\play-2.1.5\framework\.\..\repository\cache\org.apache.httpcomponents\httpmime\ivy-4.1.2.xml" searched="false" origin-is-local="true" origin-location="C:\Users\kubra\Desktop\play-2.1.5\repository\local\org.apache.httpcomponents\httpmime\4.1.2\ivys\ivy.xml"/>
				<caller organisation="net.sourceforge.htmlunit" name="htmlunit" conf="compile, runtime" rev="4.1.2" rev-constraint-default="4.1.2" rev-constraint-dynamic="4.1.2" callerrev="2.9"/>
				<artifacts>
					<artifact name="httpmime" type="jar" ext="jar" status="no" details="" size="26890" time="0" location="C:\Users\kubra\Desktop\play-2.1.5\repository\local\org.apache.httpcomponents\httpmime\4.1.2\jars\httpmime.jar">
						<origin-location is-local="true" location="C:\Users\kubra\Desktop\play-2.1.5\repository\local\org.apache.httpcomponents\httpmime\4.1.2\jars\httpmime.jar"/>
					</artifact>
				</artifacts>
			</revision>
		</module>
		<module organisation="commons-lang" name="commons-lang">
			<revision name="2.6" status="release" pubdate="20110117092147" resolver="local" artresolver="local" homepage="http://commons.apache.org/lang/" downloaded="false" searched="false" default="false" conf="compile, master(*), runtime, compile(*), runtime(*), master" position="115">
				<metadata-artifact status="no" details="" size="6382" time="0" location="C:\Users\kubra\Desktop\play-2.1.5\framework\.\..\repository\cache\commons-lang\commons-lang\ivy-2.6.xml" searched="false" origin-is-local="true" origin-location="C:\Users\kubra\Desktop\play-2.1.5\repository\local\commons-lang\commons-lang\2.6\ivys\ivy.xml"/>
				<caller organisation="net.sourceforge.htmlunit" name="htmlunit" conf="compile, runtime" rev="2.6" rev-constraint-default="2.6" rev-constraint-dynamic="2.6" callerrev="2.9"/>
				<artifacts>
					<artifact name="commons-lang" type="jar" ext="jar" status="no" details="" size="284220" time="0" location="C:\Users\kubra\Desktop\play-2.1.5\repository\local\commons-lang\commons-lang\2.6\jars\commons-lang.jar">
						<origin-location is-local="true" location="C:\Users\kubra\Desktop\play-2.1.5\repository\local\commons-lang\commons-lang\2.6\jars\commons-lang.jar"/>
					</artifact>
				</artifacts>
			</revision>
		</module>
		<module organisation="xalan" name="xalan">
			<revision name="2.7.1" status="release" pubdate="20080930180254" resolver="local" artresolver="local" homepage="http://xml.apache.org/xalan-j/" downloaded="false" searched="false" default="false" conf="compile, master(*), runtime, compile(*), runtime(*), master" position="111">
				<metadata-artifact status="no" details="" size="2917" time="0" location="C:\Users\kubra\Desktop\play-2.1.5\framework\.\..\repository\cache\xalan\xalan\ivy-2.7.1.xml" searched="false" origin-is-local="true" origin-location="C:\Users\kubra\Desktop\play-2.1.5\repository\local\xalan\xalan\2.7.1\ivys\ivy.xml"/>
				<caller organisation="net.sourceforge.htmlunit" name="htmlunit" conf="compile, runtime" rev="2.7.1" rev-constraint-default="2.7.1" rev-constraint-dynamic="2.7.1" callerrev="2.9"/>
				<artifacts>
					<artifact name="xalan" type="jar" ext="jar" status="no" details="" size="3176148" time="0" location="C:\Users\kubra\Desktop\play-2.1.5\repository\local\xalan\xalan\2.7.1\jars\xalan.jar">
						<origin-location is-local="true" location="C:\Users\kubra\Desktop\play-2.1.5\repository\local\xalan\xalan\2.7.1\jars\xalan.jar"/>
					</artifact>
				</artifacts>
			</revision>
		</module>
		<module organisation="xalan" name="serializer">
			<revision name="2.7.1" status="release" pubdate="20080930180254" resolver="local" artresolver="local" homepage="http://xml.apache.org/xalan-j/" downloaded="false" searched="false" default="false" conf="compile, master(*), runtime, compile(*), runtime(*), master" position="112">
				<metadata-artifact status="no" details="" size="2727" time="0" location="C:\Users\kubra\Desktop\play-2.1.5\framework\.\..\repository\cache\xalan\serializer\ivy-2.7.1.xml" searched="false" origin-is-local="true" origin-location="C:\Users\kubra\Desktop\play-2.1.5\repository\local\xalan\serializer\2.7.1\ivys\ivy.xml"/>
				<caller organisation="xalan" name="xalan" conf="compile, runtime" rev="2.7.1" rev-constraint-default="2.7.1" rev-constraint-dynamic="2.7.1" callerrev="2.7.1"/>
				<artifacts>
					<artifact name="serializer" type="jar" ext="jar" status="no" details="" size="278281" time="0" location="C:\Users\kubra\Desktop\play-2.1.5\repository\local\xalan\serializer\2.7.1\jars\serializer.jar">
						<origin-location is-local="true" location="C:\Users\kubra\Desktop\play-2.1.5\repository\local\xalan\serializer\2.7.1\jars\serializer.jar"/>
					</artifact>
				</artifacts>
			</revision>
		</module>
		<module organisation="xml-apis" name="xml-apis">
			<revision name="1.3.04" status="release" pubdate="20061222153752" resolver="public" artresolver="public" homepage="http://xml.apache.org/commons/components/external/" downloaded="false" searched="false" default="false" conf="compile, master(*), runtime, compile(*), runtime(*), master" position="113">
				<metadata-artifact status="no" details="" size="2847" time="0" location="C:\Users\kubra\Desktop\play-2.1.5\framework\.\..\repository\cache\xml-apis\xml-apis\ivy-1.3.04.xml" searched="false" origin-is-local="false" origin-location="http://repo1.maven.org/maven2/xml-apis/xml-apis/1.3.04/xml-apis-1.3.04.pom"/>
				<caller organisation="dom4j" name="dom4j" conf="compile, runtime" rev="1.0.b2" rev-constraint-default="1.0.b2" rev-constraint-dynamic="1.0.b2" callerrev="1.6.1"/>
				<caller organisation="xerces" name="xercesImpl" conf="compile, runtime" rev="1.3.04" rev-constraint-default="1.3.04" rev-constraint-dynamic="1.3.04" callerrev="2.9.1"/>
				<caller organisation="xalan" name="serializer" conf="compile, runtime" rev="1.3.04" rev-constraint-default="1.3.04" rev-constraint-dynamic="1.3.04" callerrev="2.7.1"/>
				<artifacts>
					<artifact name="xml-apis" type="jar" ext="jar" status="no" details="" size="194354" time="0" location="C:\Users\kubra\Desktop\play-2.1.5\framework\.\..\repository\cache\xml-apis\xml-apis\jars\xml-apis-1.3.04.jar">
						<origin-location is-local="false" location="http://repo1.maven.org/maven2/xml-apis/xml-apis/1.3.04/xml-apis-1.3.04.jar"/>
					</artifact>
				</artifacts>
			</revision>
			<revision name="1.0.b2" status="release" pubdate="20070209023046" resolver="public" artresolver="public" evicted="latest-revision" evicted-reason="" homepage="http://xml.apache.org/commons/#external" downloaded="false" searched="false" default="false" conf="compile, master(*), runtime, compile(*), runtime(*), master" position="-1">
				<license name="The Apache Software License, Version 2.0" url="http://www.apache.org/licenses/LICENSE-2.0.txt"/>
				<metadata-artifact status="no" details="" size="2952" time="0" location="C:\Users\kubra\Desktop\play-2.1.5\framework\.\..\repository\cache\xml-apis\xml-apis\ivy-1.0.b2.xml" searched="false" origin-is-local="false" origin-location="http://repo1.maven.org/maven2/xml-apis/xml-apis/1.0.b2/xml-apis-1.0.b2.pom"/>
				<evicted-by rev="1.3.04"/>
				<caller organisation="dom4j" name="dom4j" conf="compile, runtime" rev="1.0.b2" rev-constraint-default="1.0.b2" rev-constraint-dynamic="1.0.b2" callerrev="1.6.1"/>
				<artifacts>
				</artifacts>
			</revision>
		</module>
		<module organisation="org.seleniumhq.selenium" name="selenium-chrome-driver">
			<revision name="2.25.0" status="release" pubdate="20120719071914" resolver="local" artresolver="local" homepage="" downloaded="false" searched="false" default="false" conf="compile, master(*), runtime, compile(*), runtime(*), master" position="108">
				<metadata-artifact status="no" details="" size="5734" time="0" location="C:\Users\kubra\Desktop\play-2.1.5\framework\.\..\repository\cache\org.seleniumhq.selenium\selenium-chrome-driver\ivy-2.25.0.xml" searched="false" origin-is-local="true" origin-location="C:\Users\kubra\Desktop\play-2.1.5\repository\local\org.seleniumhq.selenium\selenium-chrome-driver\2.25.0\ivys\ivy.xml"/>
				<caller organisation="org.seleniumhq.selenium" name="selenium-java" conf="compile, runtime" rev="2.25.0" rev-constraint-default="2.25.0" rev-constraint-dynamic="2.25.0" callerrev="2.25.0"/>
				<artifacts>
					<artifact name="selenium-chrome-driver" type="jar" ext="jar" status="no" details="" size="11094" time="0" location="C:\Users\kubra\Desktop\play-2.1.5\repository\local\org.seleniumhq.selenium\selenium-chrome-driver\2.25.0\jars\selenium-chrome-driver.jar">
						<origin-location is-local="true" location="C:\Users\kubra\Desktop\play-2.1.5\repository\local\org.seleniumhq.selenium\selenium-chrome-driver\2.25.0\jars\selenium-chrome-driver.jar"/>
					</artifact>
				</artifacts>
			</revision>
		</module>
		<module organisation="org.seleniumhq.selenium" name="selenium-android-driver">
			<revision name="2.25.0" status="release" pubdate="20120719071905" resolver="local" artresolver="local" homepage="" downloaded="false" searched="false" default="false" conf="compile, master(*), runtime, compile(*), runtime(*), master" position="100">
				<metadata-artifact status="no" details="" size="5880" time="0" location="C:\Users\kubra\Desktop\play-2.1.5\framework\.\..\repository\cache\org.seleniumhq.selenium\selenium-android-driver\ivy-2.25.0.xml" searched="false" origin-is-local="true" origin-location="C:\Users\kubra\Desktop\play-2.1.5\repository\local\org.seleniumhq.selenium\selenium-android-driver\2.25.0\ivys\ivy.xml"/>
				<caller organisation="org.seleniumhq.selenium" name="selenium-java" conf="compile, runtime" rev="2.25.0" rev-constraint-default="2.25.0" rev-constraint-dynamic="2.25.0" callerrev="2.25.0"/>
				<artifacts>
					<artifact name="selenium-android-driver" type="jar" ext="jar" status="no" details="" size="300963" time="0" location="C:\Users\kubra\Desktop\play-2.1.5\repository\local\org.seleniumhq.selenium\selenium-android-driver\2.25.0\jars\selenium-android-driver.jar">
						<origin-location is-local="true" location="C:\Users\kubra\Desktop\play-2.1.5\repository\local\org.seleniumhq.selenium\selenium-android-driver\2.25.0\jars\selenium-android-driver.jar"/>
					</artifact>
				</artifacts>
			</revision>
		</module>
		<module organisation="org.seleniumhq.selenium" name="selenium-remote-driver">
			<revision name="2.25.0" status="release" pubdate="20120719071852" resolver="local" artresolver="local" homepage="" downloaded="false" searched="false" default="false" conf="compile, master(*), runtime, compile(*), runtime(*), master" position="101">
				<metadata-artifact status="no" details="" size="6672" time="0" location="C:\Users\kubra\Desktop\play-2.1.5\framework\.\..\repository\cache\org.seleniumhq.selenium\selenium-remote-driver\ivy-2.25.0.xml" searched="false" origin-is-local="true" origin-location="C:\Users\kubra\Desktop\play-2.1.5\repository\local\org.seleniumhq.selenium\selenium-remote-driver\2.25.0\ivys\ivy.xml"/>
				<caller organisation="org.seleniumhq.selenium" name="selenium-firefox-driver" conf="compile, runtime" rev="2.25.0" rev-constraint-default="2.25.0" rev-constraint-dynamic="2.25.0" callerrev="2.25.0"/>
				<caller organisation="org.seleniumhq.selenium" name="selenium-safari-driver" conf="compile, runtime" rev="2.25.0" rev-constraint-default="2.25.0" rev-constraint-dynamic="2.25.0" callerrev="2.25.0"/>
				<caller organisation="org.seleniumhq.selenium" name="selenium-ie-driver" conf="compile, runtime" rev="2.25.0" rev-constraint-default="2.25.0" rev-constraint-dynamic="2.25.0" callerrev="2.25.0"/>
				<caller organisation="org.seleniumhq.selenium" name="selenium-chrome-driver" conf="compile, runtime" rev="2.25.0" rev-constraint-default="2.25.0" rev-constraint-dynamic="2.25.0" callerrev="2.25.0"/>
				<caller organisation="org.seleniumhq.selenium" name="selenium-iphone-driver" conf="compile, runtime" rev="2.25.0" rev-constraint-default="2.25.0" rev-constraint-dynamic="2.25.0" callerrev="2.25.0"/>
				<caller organisation="org.seleniumhq.selenium" name="selenium-android-driver" conf="compile, runtime" rev="2.25.0" rev-constraint-default="2.25.0" rev-constraint-dynamic="2.25.0" callerrev="2.25.0"/>
				<artifacts>
					<artifact name="selenium-remote-driver" type="jar" ext="jar" status="no" details="" size="235410" time="0" location="C:\Users\kubra\Desktop\play-2.1.5\repository\local\org.seleniumhq.selenium\selenium-remote-driver\2.25.0\jars\selenium-remote-driver.jar">
						<origin-location is-local="true" location="C:\Users\kubra\Desktop\play-2.1.5\repository\local\org.seleniumhq.selenium\selenium-remote-driver\2.25.0\jars\selenium-remote-driver.jar"/>
					</artifact>
				</artifacts>
			</revision>
		</module>
		<module organisation="net.java.dev.jna" name="platform">
			<revision name="3.4.0" status="release" pubdate="20111222092302" resolver="local" artresolver="local" homepage="https://github.com/twall/jna" downloaded="false" searched="false" default="false" conf="compile, master(*), runtime, compile(*), runtime(*), master" position="107">
				<license name="LGPL, version 2.1" url="http://creativecommons.org/licenses/LGPL/2.1/"/>
				<metadata-artifact status="no" details="" size="2460" time="0" location="C:\Users\kubra\Desktop\play-2.1.5\framework\.\..\repository\cache\net.java.dev.jna\platform\ivy-3.4.0.xml" searched="false" origin-is-local="true" origin-location="C:\Users\kubra\Desktop\play-2.1.5\repository\local\net.java.dev.jna\platform\3.4.0\ivys\ivy.xml"/>
				<caller organisation="org.seleniumhq.selenium" name="selenium-remote-driver" conf="compile, runtime" rev="3.4.0" rev-constraint-default="3.4.0" rev-constraint-dynamic="3.4.0" callerrev="2.25.0"/>
				<caller organisation="org.seleniumhq.selenium" name="selenium-ie-driver" conf="compile, runtime" rev="3.4.0" rev-constraint-default="3.4.0" rev-constraint-dynamic="3.4.0" callerrev="2.25.0"/>
				<artifacts>
					<artifact name="platform" type="jar" ext="jar" status="no" details="" size="913436" time="0" location="C:\Users\kubra\Desktop\play-2.1.5\repository\local\net.java.dev.jna\platform\3.4.0\jars\platform.jar">
						<origin-location is-local="true" location="C:\Users\kubra\Desktop\play-2.1.5\repository\local\net.java.dev.jna\platform\3.4.0\jars\platform.jar"/>
					</artifact>
				</artifacts>
			</revision>
		</module>
		<module organisation="net.java.dev.jna" name="jna">
			<revision name="3.4.0" status="release" pubdate="20111222092220" resolver="local" artresolver="local" homepage="https://github.com/twall/jna" downloaded="false" searched="false" default="false" conf="compile, master(*), runtime, compile(*), runtime(*), master" position="106">
				<license name="LGPL, version 2.1" url="http://creativecommons.org/licenses/LGPL/2.1/"/>
				<metadata-artifact status="no" details="" size="2441" time="0" location="C:\Users\kubra\Desktop\play-2.1.5\framework\.\..\repository\cache\net.java.dev.jna\jna\ivy-3.4.0.xml" searched="false" origin-is-local="true" origin-location="C:\Users\kubra\Desktop\play-2.1.5\repository\local\net.java.dev.jna\jna\3.4.0\ivys\ivy.xml"/>
				<caller organisation="org.seleniumhq.selenium" name="selenium-remote-driver" conf="compile, runtime" rev="3.4.0" rev-constraint-default="3.4.0" rev-constraint-dynamic="3.4.0" callerrev="2.25.0"/>
				<caller organisation="org.seleniumhq.selenium" name="selenium-ie-driver" conf="compile, runtime" rev="3.4.0" rev-constraint-default="3.4.0" rev-constraint-dynamic="3.4.0" callerrev="2.25.0"/>
				<artifacts>
					<artifact name="jna" type="jar" ext="jar" status="no" details="" size="1008730" time="0" location="C:\Users\kubra\Desktop\play-2.1.5\repository\local\net.java.dev.jna\jna\3.4.0\jars\jna.jar">
						<origin-location is-local="true" location="C:\Users\kubra\Desktop\play-2.1.5\repository\local\net.java.dev.jna\jna\3.4.0\jars\jna.jar"/>
					</artifact>
				</artifacts>
			</revision>
		</module>
		<module organisation="org.apache.commons" name="commons-exec">
			<revision name="1.1" status="release" pubdate="20101020081142" resolver="local" artresolver="local" homepage="http://commons.apache.org/exec/" downloaded="false" searched="false" default="false" conf="compile, master(*), runtime, compile(*), runtime(*), master" position="105">
				<metadata-artifact status="no" details="" size="6040" time="0" location="C:\Users\kubra\Desktop\play-2.1.5\framework\.\..\repository\cache\org.apache.commons\commons-exec\ivy-1.1.xml" searched="false" origin-is-local="true" origin-location="C:\Users\kubra\Desktop\play-2.1.5\repository\local\org.apache.commons\commons-exec\1.1\ivys\ivy.xml"/>
				<caller organisation="org.seleniumhq.selenium" name="selenium-firefox-driver" conf="compile, runtime" rev="1.1" rev-constraint-default="1.1" rev-constraint-dynamic="1.1" callerrev="2.25.0"/>
				<caller organisation="org.seleniumhq.selenium" name="selenium-remote-driver" conf="compile, runtime" rev="1.1" rev-constraint-default="1.1" rev-constraint-dynamic="1.1" callerrev="2.25.0"/>
				<artifacts>
					<artifact name="commons-exec" type="jar" ext="jar" status="no" details="" size="52543" time="0" location="C:\Users\kubra\Desktop\play-2.1.5\repository\local\org.apache.commons\commons-exec\1.1\jars\commons-exec.jar">
						<origin-location is-local="true" location="C:\Users\kubra\Desktop\play-2.1.5\repository\local\org.apache.commons\commons-exec\1.1\jars\commons-exec.jar"/>
					</artifact>
				</artifacts>
			</revision>
		</module>
		<module organisation="org.apache.httpcomponents" name="httpclient">
			<revision name="4.1.2" status="release" pubdate="20110730080203" resolver="local" artresolver="local" homepage="http://hc.apache.org/httpcomponents-client" downloaded="false" searched="false" default="false" conf="default(compile), compile, master(*), runtime, compile(*), runtime(*), master" position="86">
				<metadata-artifact status="no" details="" size="5565" time="0" location="C:\Users\kubra\Desktop\play-2.1.5\framework\.\..\repository\cache\org.apache.httpcomponents\httpclient\ivy-4.1.2.xml" searched="false" origin-is-local="true" origin-location="C:\Users\kubra\Desktop\play-2.1.5\repository\local\org.apache.httpcomponents\httpclient\4.1.2\ivys\ivy.xml"/>
				<caller organisation="org.seleniumhq.selenium" name="selenium-remote-driver" conf="compile, runtime" rev="4.1.2" rev-constraint-default="4.1.2" rev-constraint-dynamic="4.1.2" callerrev="2.25.0"/>
				<caller organisation="org.apache.httpcomponents" name="httpasyncclient" conf="default, compile, runtime, master" rev="4.1.2" rev-constraint-default="4.1.2" rev-constraint-dynamic="4.1.2" callerrev="4.0-alpha3"/>
				<caller organisation="oauth.signpost" name="signpost-commonshttp4" conf="compile, runtime" rev="4.0.1" rev-constraint-default="4.0.1" rev-constraint-dynamic="4.0.1" callerrev="1.2.1.2"/>
				<caller organisation="osms" name="osms_2.10" conf="test, compile, runtime" rev="4.0-alpha4" rev-constraint-default="4.0-alpha4" rev-constraint-dynamic="4.0-alpha4" callerrev="1.0-SNAPSHOT"/>
				<caller organisation="org.seleniumhq.selenium" name="selenium-htmlunit-driver" conf="compile, runtime" rev="4.1.2" rev-constraint-default="4.1.2" rev-constraint-dynamic="4.1.2" callerrev="2.25.0"/>
				<artifacts>
					<artifact name="httpclient" type="jar" ext="jar" status="no" details="" size="352254" time="0" location="C:\Users\kubra\Desktop\play-2.1.5\repository\local\org.apache.httpcomponents\httpclient\4.1.2\jars\httpclient.jar">
						<origin-location is-local="true" location="C:\Users\kubra\Desktop\play-2.1.5\repository\local\org.apache.httpcomponents\httpclient\4.1.2\jars\httpclient.jar"/>
					</artifact>
				</artifacts>
			</revision>
			<revision name="4.0.1" status="release" pubdate="20130506214653" resolver="local" artresolver="local" evicted="latest-revision" evicted-reason="" homepage="http://hc.apache.org/httpcomponents-client" downloaded="false" searched="false" default="false" conf="compile, master(*), runtime, compile(*), runtime(*), master, default(compile)" position="-1">
				<license name="Apache License" url="../LICENSE.txt"/>
				<metadata-artifact status="no" details="" size="4939" time="0" location="C:\Users\kubra\Desktop\play-2.1.5\framework\.\..\repository\cache\org.apache.httpcomponents\httpclient\ivy-4.0.1.xml" searched="false" origin-is-local="true" origin-location="C:\Users\kubra\Desktop\play-2.1.5\repository\local\org.apache.httpcomponents\httpclient\4.0.1\ivys\ivy.xml"/>
				<evicted-by rev="4.1.2"/>
				<caller organisation="oauth.signpost" name="signpost-commonshttp4" conf="compile, runtime" rev="4.0.1" rev-constraint-default="4.0.1" rev-constraint-dynamic="4.0.1" callerrev="1.2.1.2"/>
				<caller organisation="osms" name="osms_2.10" conf="test, compile, runtime" rev="4.0-alpha4" rev-constraint-default="4.0-alpha4" rev-constraint-dynamic="4.0-alpha4" callerrev="1.0-SNAPSHOT"/>
				<artifacts>
				</artifacts>
			</revision>
			<revision name="4.0-alpha4" evicted="latest-revision" evicted-reason="" downloaded="false" searched="false" conf="default(compile), default, compile, runtime, master" position="-1">
				<evicted-by rev="4.0.1"/>
				<caller organisation="osms" name="osms_2.10" conf="test, compile, runtime" rev="4.0-alpha4" rev-constraint-default="4.0-alpha4" rev-constraint-dynamic="4.0-alpha4" callerrev="1.0-SNAPSHOT"/>
				<artifacts>
				</artifacts>
			</revision>
		</module>
		<module organisation="org.seleniumhq.selenium" name="selenium-api">
			<revision name="2.25.0" status="release" pubdate="20120719071837" resolver="local" artresolver="local" homepage="" downloaded="false" searched="false" default="false" conf="compile, master(*), runtime, compile(*), runtime(*), master" position="104">
				<metadata-artifact status="no" details="" size="5845" time="0" location="C:\Users\kubra\Desktop\play-2.1.5\framework\.\..\repository\cache\org.seleniumhq.selenium\selenium-api\ivy-2.25.0.xml" searched="false" origin-is-local="true" origin-location="C:\Users\kubra\Desktop\play-2.1.5\repository\local\org.seleniumhq.selenium\selenium-api\2.25.0\ivys\ivy.xml"/>
				<caller organisation="org.seleniumhq.selenium" name="selenium-remote-driver" conf="compile, runtime" rev="2.25.0" rev-constraint-default="2.25.0" rev-constraint-dynamic="2.25.0" callerrev="2.25.0"/>
				<caller organisation="org.seleniumhq.selenium" name="selenium-support" conf="compile, runtime" rev="2.25.0" rev-constraint-default="2.25.0" rev-constraint-dynamic="2.25.0" callerrev="2.25.0"/>
				<caller organisation="org.seleniumhq.selenium" name="selenium-htmlunit-driver" conf="compile, runtime" rev="2.25.0" rev-constraint-default="2.25.0" rev-constraint-dynamic="2.25.0" callerrev="2.25.0"/>
				<artifacts>
					<artifact name="selenium-api" type="jar" ext="jar" status="no" details="" size="129123" time="0" location="C:\Users\kubra\Desktop\play-2.1.5\repository\local\org.seleniumhq.selenium\selenium-api\2.25.0\jars\selenium-api.jar">
						<origin-location is-local="true" location="C:\Users\kubra\Desktop\play-2.1.5\repository\local\org.seleniumhq.selenium\selenium-api\2.25.0\jars\selenium-api.jar"/>
					</artifact>
				</artifacts>
			</revision>
		</module>
		<module organisation="org.json" name="json">
			<revision name="20080701" status="release" pubdate="20080721044729" resolver="local" artresolver="local" homepage="http://www.json.org/java/index.html" downloaded="false" searched="false" default="false" conf="compile, master(*), runtime, compile(*), runtime(*), master" position="103">
				<license name="provided without support or warranty" url="http://www.json.org/license.html"/>
				<metadata-artifact status="no" details="" size="2970" time="0" location="C:\Users\kubra\Desktop\play-2.1.5\framework\.\..\repository\cache\org.json\json\ivy-20080701.xml" searched="false" origin-is-local="true" origin-location="C:\Users\kubra\Desktop\play-2.1.5\repository\local\org.json\json\20080701\ivys\ivy.xml"/>
				<caller organisation="org.seleniumhq.selenium" name="selenium-api" conf="compile, runtime" rev="20080701" rev-constraint-default="20080701" rev-constraint-dynamic="20080701" callerrev="2.25.0"/>
				<caller organisation="org.seleniumhq.selenium" name="selenium-remote-driver" conf="compile, runtime" rev="20080701" rev-constraint-default="20080701" rev-constraint-dynamic="20080701" callerrev="2.25.0"/>
				<artifacts>
					<artifact name="json" type="jar" ext="jar" status="no" details="" size="37875" time="0" location="C:\Users\kubra\Desktop\play-2.1.5\repository\local\org.json\json\20080701\jars\json.jar">
						<origin-location is-local="true" location="C:\Users\kubra\Desktop\play-2.1.5\repository\local\org.json\json\20080701\jars\json.jar"/>
					</artifact>
				</artifacts>
			</revision>
		</module>
		<module organisation="cglib" name="cglib-nodep">
			<revision name="2.1_3" status="release" pubdate="20051109091406" resolver="local" artresolver="local" homepage="http://cglib.sourceforge.net/" downloaded="false" searched="false" default="false" conf="compile, master(*), runtime, compile(*), runtime(*), master" position="102">
				<metadata-artifact status="no" details="" size="2208" time="0" location="C:\Users\kubra\Desktop\play-2.1.5\framework\.\..\repository\cache\cglib\cglib-nodep\ivy-2.1_3.xml" searched="false" origin-is-local="true" origin-location="C:\Users\kubra\Desktop\play-2.1.5\repository\local\cglib\cglib-nodep\2.1_3\ivys\ivy.xml"/>
				<caller organisation="org.seleniumhq.selenium" name="selenium-remote-driver" conf="compile, runtime" rev="2.1_3" rev-constraint-default="2.1_3" rev-constraint-dynamic="2.1_3" callerrev="2.25.0"/>
				<artifacts>
					<artifact name="cglib-nodep" type="jar" ext="jar" status="no" details="" size="324238" time="0" location="C:\Users\kubra\Desktop\play-2.1.5\repository\local\cglib\cglib-nodep\2.1_3\jars\cglib-nodep.jar">
						<origin-location is-local="true" location="C:\Users\kubra\Desktop\play-2.1.5\repository\local\cglib\cglib-nodep\2.1_3\jars\cglib-nodep.jar"/>
					</artifact>
				</artifacts>
			</revision>
		</module>
		<module organisation="com.novocode" name="junit-interface">
			<revision name="0.9" status="release" pubdate="20120911160750" resolver="public" artresolver="public" homepage="http://github.com/szeiger/junit-interface/" downloaded="false" searched="false" default="false" conf="compile, master(*), runtime, compile(*), runtime(*), master" position="95">
				<license name="Two-clause BSD-style license" url="http://github.com/szeiger/junit-interface/blob/master/LICENSE.txt"/>
				<metadata-artifact status="no" details="" size="2782" time="0" location="C:\Users\kubra\Desktop\play-2.1.5\framework\.\..\repository\cache\com.novocode\junit-interface\ivy-0.9.xml" searched="false" origin-is-local="false" origin-location="http://repo1.maven.org/maven2/com/novocode/junit-interface/0.9/junit-interface-0.9.pom"/>
				<caller organisation="play" name="play-test_2.10" conf="default, compile, runtime, master" rev="0.9" rev-constraint-default="0.9" rev-constraint-dynamic="0.9" callerrev="2.1.0"/>
				<artifacts>
					<artifact name="junit-interface" type="jar" ext="jar" status="no" details="" size="19314" time="0" location="C:\Users\kubra\Desktop\play-2.1.5\framework\.\..\repository\cache\com.novocode\junit-interface\jars\junit-interface-0.9.jar">
						<origin-location is-local="false" location="http://repo1.maven.org/maven2/com/novocode/junit-interface/0.9/junit-interface-0.9.jar"/>
					</artifact>
				</artifacts>
			</revision>
		</module>
		<module organisation="org.hamcrest" name="hamcrest-core">
			<revision name="1.1" status="release" pubdate="20070719051143" resolver="local" artresolver="local" homepage="" downloaded="false" searched="false" default="false" conf="compile, master(*), runtime, compile(*), runtime(*), master" position="90">
				<metadata-artifact status="no" details="" size="4312" time="0" location="C:\Users\kubra\Desktop\play-2.1.5\framework\.\..\repository\cache\org.hamcrest\hamcrest-core\ivy-1.1.xml" searched="false" origin-is-local="true" origin-location="C:\Users\kubra\Desktop\play-2.1.5\repository\local\org.hamcrest\hamcrest-core\1.1\ivys\ivy.xml"/>
				<caller organisation="junit" name="junit-dep" conf="compile, runtime" rev="1.1" rev-constraint-default="1.1" rev-constraint-dynamic="1.1" callerrev="4.10"/>
				<artifacts>
					<artifact name="hamcrest-core" type="jar" ext="jar" status="no" details="" size="76643" time="0" location="C:\Users\kubra\Desktop\play-2.1.5\repository\local\org.hamcrest\hamcrest-core\1.1\jars\hamcrest-core.jar">
						<origin-location is-local="true" location="C:\Users\kubra\Desktop\play-2.1.5\repository\local\org.hamcrest\hamcrest-core\1.1\jars\hamcrest-core.jar"/>
					</artifact>
				</artifacts>
			</revision>
		</module>
		<module organisation="net.sf.ehcache" name="ehcache-core">
			<revision name="2.6.0" status="release" pubdate="20120725005024" resolver="local" artresolver="local" homepage="http://ehcache.org" downloaded="false" searched="false" default="false" conf="compile, master(*), runtime, compile(*), runtime(*), master" position="28">
				<license name="The Apache Software License, Version 2.0" url="src/assemble/EHCACHE-CORE-LICENSE.txt"/>
				<metadata-artifact status="no" details="" size="14761" time="0" location="C:\Users\kubra\Desktop\play-2.1.5\framework\.\..\repository\cache\net.sf.ehcache\ehcache-core\ivy-2.6.0.xml" searched="false" origin-is-local="true" origin-location="C:\Users\kubra\Desktop\play-2.1.5\repository\local\net.sf.ehcache\ehcache-core\2.6.0\ivys\ivy.xml"/>
				<caller organisation="play" name="play_2.10" conf="default, compile, runtime, master" rev="2.6.0" rev-constraint-default="2.6.0" rev-constraint-dynamic="2.6.0" callerrev="2.1.0"/>
				<artifacts>
					<artifact name="ehcache-core" type="jar" ext="jar" status="no" details="" size="1332004" time="0" location="C:\Users\kubra\Desktop\play-2.1.5\repository\local\net.sf.ehcache\ehcache-core\2.6.0\jars\ehcache-core.jar">
						<origin-location is-local="true" location="C:\Users\kubra\Desktop\play-2.1.5\repository\local\net.sf.ehcache\ehcache-core\2.6.0\jars\ehcache-core.jar"/>
					</artifact>
				</artifacts>
			</revision>
		</module>
		<module organisation="org.codehaus.jackson" name="jackson-mapper-asl">
			<revision name="1.9.10" status="release" pubdate="20120924125612" resolver="local" artresolver="local" homepage="http://jackson.codehaus.org" downloaded="false" searched="false" default="false" conf="compile, master(*), runtime, compile(*), runtime(*), master" position="27">
				<license name="The Apache Software License, Version 2.0" url="http://www.apache.org/licenses/LICENSE-2.0.txt"/>
				<metadata-artifact status="no" details="" size="2646" time="0" location="C:\Users\kubra\Desktop\play-2.1.5\framework\.\..\repository\cache\org.codehaus.jackson\jackson-mapper-asl\ivy-1.9.10.xml" searched="false" origin-is-local="true" origin-location="C:\Users\kubra\Desktop\play-2.1.5\repository\local\org.codehaus.jackson\jackson-mapper-asl\1.9.10\ivys\ivy.xml"/>
				<caller organisation="play" name="play_2.10" conf="default, compile, runtime, master" rev="1.9.10" rev-constraint-default="1.9.10" rev-constraint-dynamic="1.9.10" callerrev="2.1.0"/>
				<artifacts>
					<artifact name="jackson-mapper-asl" type="jar" ext="jar" status="no" details="" size="780421" time="0" location="C:\Users\kubra\Desktop\play-2.1.5\repository\local\org.codehaus.jackson\jackson-mapper-asl\1.9.10\jars\jackson-mapper-asl.jar">
						<origin-location is-local="true" location="C:\Users\kubra\Desktop\play-2.1.5\repository\local\org.codehaus.jackson\jackson-mapper-asl\1.9.10\jars\jackson-mapper-asl.jar"/>
					</artifact>
				</artifacts>
			</revision>
		</module>
		<module organisation="org.codehaus.jackson" name="jackson-core-asl">
			<revision name="1.9.10" status="release" pubdate="20120924125540" resolver="local" artresolver="local" homepage="http://jackson.codehaus.org" downloaded="false" searched="false" default="false" conf="compile, master(*), runtime, compile(*), runtime(*), master" position="26">
				<license name="The Apache Software License, Version 2.0" url="http://www.apache.org/licenses/LICENSE-2.0.txt"/>
				<metadata-artifact status="no" details="" size="2429" time="0" location="C:\Users\kubra\Desktop\play-2.1.5\framework\.\..\repository\cache\org.codehaus.jackson\jackson-core-asl\ivy-1.9.10.xml" searched="false" origin-is-local="true" origin-location="C:\Users\kubra\Desktop\play-2.1.5\repository\local\org.codehaus.jackson\jackson-core-asl\1.9.10\ivys\ivy.xml"/>
				<caller organisation="play" name="play_2.10" conf="default, compile, runtime, master" rev="1.9.10" rev-constraint-default="1.9.10" rev-constraint-dynamic="1.9.10" callerrev="2.1.0"/>
				<caller organisation="org.codehaus.jackson" name="jackson-mapper-asl" conf="compile, runtime" rev="1.9.10" rev-constraint-default="1.9.10" rev-constraint-dynamic="1.9.10" callerrev="1.9.10"/>
				<artifacts>
					<artifact name="jackson-core-asl" type="jar" ext="jar" status="no" details="" size="232119" time="0" location="C:\Users\kubra\Desktop\play-2.1.5\repository\local\org.codehaus.jackson\jackson-core-asl\1.9.10\jars\jackson-core-asl.jar">
						<origin-location is-local="true" location="C:\Users\kubra\Desktop\play-2.1.5\repository\local\org.codehaus.jackson\jackson-core-asl\1.9.10\jars\jackson-core-asl.jar"/>
					</artifact>
				</artifacts>
			</revision>
		</module>
		<module organisation="oauth.signpost" name="signpost-commonshttp4">
			<revision name="1.2.1.2" status="release" pubdate="20120226191621" resolver="local" artresolver="local" homepage="" downloaded="false" searched="false" default="false" conf="compile, master(*), runtime, compile(*), runtime(*), master" position="24">
				<metadata-artifact status="no" details="" size="3705" time="0" location="C:\Users\kubra\Desktop\play-2.1.5\framework\.\..\repository\cache\oauth.signpost\signpost-commonshttp4\ivy-1.2.1.2.xml" searched="false" origin-is-local="true" origin-location="C:\Users\kubra\Desktop\play-2.1.5\repository\local\oauth.signpost\signpost-commonshttp4\1.2.1.2\ivys\ivy.xml"/>
				<caller organisation="play" name="play_2.10" conf="default, compile, runtime, master" rev="1.2.1.2" rev-constraint-default="1.2.1.2" rev-constraint-dynamic="1.2.1.2" callerrev="2.1.0"/>
				<artifacts>
					<artifact name="signpost-commonshttp4" type="jar" ext="jar" status="no" details="" size="6512" time="0" location="C:\Users\kubra\Desktop\play-2.1.5\repository\local\oauth.signpost\signpost-commonshttp4\1.2.1.2\jars\signpost-commonshttp4.jar">
						<origin-location is-local="true" location="C:\Users\kubra\Desktop\play-2.1.5\repository\local\oauth.signpost\signpost-commonshttp4\1.2.1.2\jars\signpost-commonshttp4.jar"/>
					</artifact>
				</artifacts>
			</revision>
		</module>
		<module organisation="oauth.signpost" name="signpost-core">
			<revision name="1.2.1.2" status="release" pubdate="20120226191606" resolver="local" artresolver="local" homepage="" downloaded="false" searched="false" default="false" conf="compile, master(*), runtime, compile(*), runtime(*), master" position="23">
				<metadata-artifact status="no" details="" size="3131" time="0" location="C:\Users\kubra\Desktop\play-2.1.5\framework\.\..\repository\cache\oauth.signpost\signpost-core\ivy-1.2.1.2.xml" searched="false" origin-is-local="true" origin-location="C:\Users\kubra\Desktop\play-2.1.5\repository\local\oauth.signpost\signpost-core\1.2.1.2\ivys\ivy.xml"/>
				<caller organisation="play" name="play_2.10" conf="default, compile, runtime, master" rev="1.2.1.2" rev-constraint-default="1.2.1.2" rev-constraint-dynamic="1.2.1.2" callerrev="2.1.0"/>
				<caller organisation="oauth.signpost" name="signpost-commonshttp4" conf="compile, runtime" rev="1.2.1.2" rev-constraint-default="1.2.1.2" rev-constraint-dynamic="1.2.1.2" callerrev="1.2.1.2"/>
				<artifacts>
					<artifact name="signpost-core" type="jar" ext="jar" status="no" details="" size="45277" time="0" location="C:\Users\kubra\Desktop\play-2.1.5\repository\local\oauth.signpost\signpost-core\1.2.1.2\jars\signpost-core.jar">
						<origin-location is-local="true" location="C:\Users\kubra\Desktop\play-2.1.5\repository\local\oauth.signpost\signpost-core\1.2.1.2\jars\signpost-core.jar"/>
					</artifact>
				</artifacts>
			</revision>
		</module>
		<module organisation="com.ning" name="async-http-client">
			<revision name="1.7.6" status="release" pubdate="20120828082241" resolver="local" artresolver="local" homepage="http://github.com/sonatype/async-http-client" downloaded="false" searched="false" default="false" conf="compile, master(*), runtime, compile(*), runtime(*), master" position="22">
				<license name="Apache License 2.0" url="http://www.apache.org/licenses/LICENSE-2.0.html"/>
				<metadata-artifact status="no" details="" size="7053" time="0" location="C:\Users\kubra\Desktop\play-2.1.5\framework\.\..\repository\cache\com.ning\async-http-client\ivy-1.7.6.xml" searched="false" origin-is-local="true" origin-location="C:\Users\kubra\Desktop\play-2.1.5\repository\local\com.ning\async-http-client\1.7.6\ivys\ivy.xml"/>
				<caller organisation="play" name="play_2.10" conf="default, compile, runtime, master" rev="1.7.6" rev-constraint-default="1.7.6" rev-constraint-dynamic="1.7.6" callerrev="2.1.0"/>
				<artifacts>
					<artifact name="async-http-client" type="jar" ext="jar" status="no" details="" size="477054" time="0" location="C:\Users\kubra\Desktop\play-2.1.5\repository\local\com.ning\async-http-client\1.7.6\jars\async-http-client.jar">
						<origin-location is-local="true" location="C:\Users\kubra\Desktop\play-2.1.5\repository\local\com.ning\async-http-client\1.7.6\jars\async-http-client.jar"/>
					</artifact>
				</artifacts>
			</revision>
		</module>
		<module organisation="commons-httpclient" name="commons-httpclient">
			<revision name="3.1" status="release" pubdate="20120824181527" resolver="local" artresolver="local" homepage="http://jakarta.apache.org/httpcomponents/httpclient-3.x/" downloaded="false" searched="false" default="false" conf="compile, master(*), runtime, compile(*), runtime(*), master" position="63">
				<license name="Apache License" url="http://www.apache.org/licenses/LICENSE-2.0"/>
				<metadata-artifact status="no" details="" size="3144" time="0" location="C:\Users\kubra\Desktop\play-2.1.5\framework\.\..\repository\cache\commons-httpclient\commons-httpclient\ivy-3.1.xml" searched="false" origin-is-local="true" origin-location="C:\Users\kubra\Desktop\play-2.1.5\repository\local\commons-httpclient\commons-httpclient\3.1\ivys\ivy.xml"/>
				<caller organisation="com.google.code.geocoder-java" name="geocoder-java" conf="default, compile, runtime, master" rev="3.1" rev-constraint-default="3.1" rev-constraint-dynamic="3.1" callerrev="0.15"/>
				<artifacts>
					<artifact name="commons-httpclient" type="jar" ext="jar" status="no" details="" size="305001" time="0" location="C:\Users\kubra\Desktop\play-2.1.5\repository\local\commons-httpclient\commons-httpclient\3.1\jars\commons-httpclient.jar">
						<origin-location is-local="true" location="C:\Users\kubra\Desktop\play-2.1.5\repository\local\commons-httpclient\commons-httpclient\3.1\jars\commons-httpclient.jar"/>
					</artifact>
				</artifacts>
			</revision>
		</module>
		<module organisation="org.apache.commons" name="commons-lang3">
			<revision name="3.1" status="release" pubdate="20111115182705" resolver="local" artresolver="local" homepage="http://commons.apache.org/lang/" downloaded="false" searched="false" default="false" conf="compile, master(*), runtime, compile(*), runtime(*), master" position="21">
				<metadata-artifact status="no" details="" size="7766" time="0" location="C:\Users\kubra\Desktop\play-2.1.5\framework\.\..\repository\cache\org.apache.commons\commons-lang3\ivy-3.1.xml" searched="false" origin-is-local="true" origin-location="C:\Users\kubra\Desktop\play-2.1.5\repository\local\org.apache.commons\commons-lang3\3.1\ivys\ivy.xml"/>
				<caller organisation="play" name="play_2.10" conf="default, compile, runtime, master" rev="3.1" rev-constraint-default="3.1" rev-constraint-dynamic="3.1" callerrev="2.1.0"/>
				<artifacts>
					<artifact name="commons-lang3" type="jar" ext="jar" status="no" details="" size="315805" time="0" location="C:\Users\kubra\Desktop\play-2.1.5\repository\local\org.apache.commons\commons-lang3\3.1\jars\commons-lang3.jar">
						<origin-location is-local="true" location="C:\Users\kubra\Desktop\play-2.1.5\repository\local\org.apache.commons\commons-lang3\3.1\jars\commons-lang3.jar"/>
					</artifact>
				</artifacts>
			</revision>
		</module>
		<module organisation="joda-time" name="joda-time">
			<revision name="2.1" status="release" pubdate="20120223032242" resolver="local" artresolver="local" homepage="http://joda-time.sourceforge.net" downloaded="false" searched="false" default="false" conf="compile, master(*), runtime, compile(*), runtime(*), master" position="19">
				<license name="Apache 2" url="http://www.apache.org/licenses/LICENSE-2.0.txt"/>
				<metadata-artifact status="no" details="" size="3288" time="0" location="C:\Users\kubra\Desktop\play-2.1.5\framework\.\..\repository\cache\joda-time\joda-time\ivy-2.1.xml" searched="false" origin-is-local="true" origin-location="C:\Users\kubra\Desktop\play-2.1.5\repository\local\joda-time\joda-time\2.1\ivys\ivy.xml"/>
				<caller organisation="play" name="play_2.10" conf="default, compile, runtime, master" rev="2.1" rev-constraint-default="2.1" rev-constraint-dynamic="2.1" callerrev="2.1.0"/>
				<artifacts>
					<artifact name="joda-time" type="jar" ext="jar" status="no" details="" size="570478" time="0" location="C:\Users\kubra\Desktop\play-2.1.5\repository\local\joda-time\joda-time\2.1\jars\joda-time.jar">
						<origin-location is-local="true" location="C:\Users\kubra\Desktop\play-2.1.5\repository\local\joda-time\joda-time\2.1\jars\joda-time.jar"/>
					</artifact>
				</artifacts>
			</revision>
		</module>
		<module organisation="org.joda" name="joda-convert">
			<revision name="1.2" status="release" pubdate="20111028065117" resolver="local" artresolver="local" homepage="http://joda-convert.sourceforge.net" downloaded="false" searched="false" default="false" conf="compile, master(*), runtime, compile(*), runtime(*), master" position="20">
				<license name="Apache 2" url="http://www.apache.org/licenses/LICENSE-2.0.txt"/>
				<metadata-artifact status="no" details="" size="3105" time="0" location="C:\Users\kubra\Desktop\play-2.1.5\framework\.\..\repository\cache\org.joda\joda-convert\ivy-1.2.xml" searched="false" origin-is-local="true" origin-location="C:\Users\kubra\Desktop\play-2.1.5\repository\local\org.joda\joda-convert\1.2\ivys\ivy.xml"/>
				<caller organisation="play" name="play_2.10" conf="default, compile, runtime, master" rev="1.2" rev-constraint-default="1.2" rev-constraint-dynamic="1.2" callerrev="2.1.0"/>
				<artifacts>
					<artifact name="joda-convert" type="jar" ext="jar" status="no" details="" size="38460" time="0" location="C:\Users\kubra\Desktop\play-2.1.5\repository\local\org.joda\joda-convert\1.2\jars\joda-convert.jar">
						<origin-location is-local="true" location="C:\Users\kubra\Desktop\play-2.1.5\repository\local\org.joda\joda-convert\1.2\jars\joda-convert.jar"/>
					</artifact>
				</artifacts>
			</revision>
		</module>
		<module organisation="com.typesafe.akka" name="akka-slf4j_2.10">
			<revision name="2.1.0" status="release" pubdate="20121222232327" resolver="local" artresolver="local" homepage="http://akka.io" downloaded="false" searched="false" default="false" conf="compile, master(*), runtime, compile(*), runtime(*), master" position="18">
				<license name="Apache 2" url="http://www.apache.org/licenses/LICENSE-2.0.txt"/>
				<metadata-artifact status="no" details="" size="3020" time="0" location="C:\Users\kubra\Desktop\play-2.1.5\framework\.\..\repository\cache\com.typesafe.akka\akka-slf4j_2.10\ivy-2.1.0.xml" searched="false" origin-is-local="true" origin-location="C:\Users\kubra\Desktop\play-2.1.5\repository\local\com.typesafe.akka\akka-slf4j_2.10\2.1.0\ivys\ivy.xml"/>
				<caller organisation="play" name="play_2.10" conf="default, compile, runtime, master" rev="2.1.0" rev-constraint-default="2.1.0" rev-constraint-dynamic="2.1.0" callerrev="2.1.0"/>
				<artifacts>
					<artifact name="akka-slf4j_2.10" type="bundle" ext="jar" status="no" details="" size="13426" time="0" location="C:\Users\kubra\Desktop\play-2.1.5\repository\local\com.typesafe.akka\akka-slf4j_2.10\2.1.0\bundles\akka-slf4j_2.10.jar">
						<origin-location is-local="true" location="C:\Users\kubra\Desktop\play-2.1.5\repository\local\com.typesafe.akka\akka-slf4j_2.10\2.1.0\bundles\akka-slf4j_2.10.jar"/>
					</artifact>
				</artifacts>
			</revision>
		</module>
		<module organisation="com.typesafe.akka" name="akka-actor_2.10">
			<revision name="2.1.0" status="release" pubdate="20121222232239" resolver="local" artresolver="local" homepage="http://akka.io" downloaded="false" searched="false" default="false" conf="compile, master(*), runtime, compile(*), runtime(*), master" position="17">
				<license name="Apache 2" url="http://www.apache.org/licenses/LICENSE-2.0.txt"/>
				<metadata-artifact status="no" details="" size="2632" time="0" location="C:\Users\kubra\Desktop\play-2.1.5\framework\.\..\repository\cache\com.typesafe.akka\akka-actor_2.10\ivy-2.1.0.xml" searched="false" origin-is-local="true" origin-location="C:\Users\kubra\Desktop\play-2.1.5\repository\local\com.typesafe.akka\akka-actor_2.10\2.1.0\ivys\ivy.xml"/>
				<caller organisation="com.typesafe.akka" name="akka-slf4j_2.10" conf="compile, runtime" rev="2.1.0" rev-constraint-default="2.1.0" rev-constraint-dynamic="2.1.0" callerrev="2.1.0"/>
				<caller organisation="play" name="play_2.10" conf="default, compile, runtime, master" rev="2.1.0" rev-constraint-default="2.1.0" rev-constraint-dynamic="2.1.0" callerrev="2.1.0"/>
				<artifacts>
					<artifact name="akka-actor_2.10" type="bundle" ext="jar" status="no" details="" size="1892369" time="0" location="C:\Users\kubra\Desktop\play-2.1.5\repository\local\com.typesafe.akka\akka-actor_2.10\2.1.0\bundles\akka-actor_2.10.jar">
						<origin-location is-local="true" location="C:\Users\kubra\Desktop\play-2.1.5\repository\local\com.typesafe.akka\akka-actor_2.10\2.1.0\bundles\akka-actor_2.10.jar"/>
					</artifact>
				</artifacts>
			</revision>
		</module>
		<module organisation="ch.qos.logback" name="logback-classic">
			<revision name="1.0.7" status="release" pubdate="20120824081347" resolver="local" artresolver="local" homepage="http://logback.qos.ch" downloaded="false" searched="false" default="false" conf="compile, master(*), runtime, compile(*), runtime(*), master" position="16">
				<license name="Eclipse Public License - v 1.0" url="http://www.eclipse.org/legal/epl-v10.html"/>
				<license name="GNU Lesser General Public License" url="http://www.gnu.org/licenses/old-licenses/lgpl-2.1.html"/>
				<metadata-artifact status="no" details="" size="10056" time="0" location="C:\Users\kubra\Desktop\play-2.1.5\framework\.\..\repository\cache\ch.qos.logback\logback-classic\ivy-1.0.7.xml" searched="false" origin-is-local="true" origin-location="C:\Users\kubra\Desktop\play-2.1.5\repository\local\ch.qos.logback\logback-classic\1.0.7\ivys\ivy.xml"/>
				<caller organisation="play" name="play_2.10" conf="default, compile, runtime, master" rev="1.0.7" rev-constraint-default="1.0.7" rev-constraint-dynamic="1.0.7" callerrev="2.1.0"/>
				<artifacts>
					<artifact name="logback-classic" type="jar" ext="jar" status="no" details="" size="251679" time="0" location="C:\Users\kubra\Desktop\play-2.1.5\repository\local\ch.qos.logback\logback-classic\1.0.7\jars\logback-classic.jar">
						<origin-location is-local="true" location="C:\Users\kubra\Desktop\play-2.1.5\repository\local\ch.qos.logback\logback-classic\1.0.7\jars\logback-classic.jar"/>
					</artifact>
				</artifacts>
			</revision>
		</module>
		<module organisation="dom4j" name="dom4j">
			<revision name="1.6.1" status="release" pubdate="20060210143318" resolver="public" artresolver="public" homepage="http://dom4j.org" downloaded="false" searched="false" default="false" conf="compile, master(*), runtime, compile(*), runtime(*), master" position="40">
				<metadata-artifact status="no" details="" size="3696" time="0" location="C:\Users\kubra\Desktop\play-2.1.5\framework\.\..\repository\cache\dom4j\dom4j\ivy-1.6.1.xml" searched="false" origin-is-local="false" origin-location="http://repo1.maven.org/maven2/dom4j/dom4j/1.6.1/dom4j-1.6.1.pom"/>
				<caller organisation="org.hibernate" name="hibernate-core" conf="compile, runtime" rev="1.6.1" rev-constraint-default="1.6.1" rev-constraint-dynamic="1.6.1" callerrev="3.6.9.Final"/>
				<caller organisation="org.reflections" name="reflections" conf="compile, runtime" rev="1.6.1" rev-constraint-default="1.6.1" rev-constraint-dynamic="1.6.1" callerrev="0.9.8"/>
				<artifacts>
					<artifact name="dom4j" type="jar" ext="jar" status="no" details="" size="313898" time="0" location="C:\Users\kubra\Desktop\play-2.1.5\framework\.\..\repository\cache\dom4j\dom4j\jars\dom4j-1.6.1.jar">
						<origin-location is-local="false" location="http://repo1.maven.org/maven2/dom4j/dom4j/1.6.1/dom4j-1.6.1.jar"/>
					</artifact>
				</artifacts>
			</revision>
		</module>
		<module organisation="ch.qos.logback" name="logback-core">
			<revision name="1.0.7" status="release" pubdate="20120824081302" resolver="local" artresolver="local" homepage="http://logback.qos.ch" downloaded="false" searched="false" default="false" conf="compile, master(*), runtime, compile(*), runtime(*), master" position="15">
				<license name="Eclipse Public License - v 1.0" url="http://www.eclipse.org/legal/epl-v10.html"/>
				<license name="GNU Lesser General Public License" url="http://www.gnu.org/licenses/old-licenses/lgpl-2.1.html"/>
				<metadata-artifact status="no" details="" size="9594" time="0" location="C:\Users\kubra\Desktop\play-2.1.5\framework\.\..\repository\cache\ch.qos.logback\logback-core\ivy-1.0.7.xml" searched="false" origin-is-local="true" origin-location="C:\Users\kubra\Desktop\play-2.1.5\repository\local\ch.qos.logback\logback-core\1.0.7\ivys\ivy.xml"/>
				<caller organisation="ch.qos.logback" name="logback-classic" conf="compile, runtime" rev="1.0.7" rev-constraint-default="1.0.7" rev-constraint-dynamic="1.0.7" callerrev="1.0.7"/>
				<caller organisation="play" name="play_2.10" conf="default, compile, runtime, master" rev="1.0.7" rev-constraint-default="1.0.7" rev-constraint-dynamic="1.0.7" callerrev="2.1.0"/>
				<artifacts>
					<artifact name="logback-core" type="jar" ext="jar" status="no" details="" size="364399" time="0" location="C:\Users\kubra\Desktop\play-2.1.5\repository\local\ch.qos.logback\logback-core\1.0.7\jars\logback-core.jar">
						<origin-location is-local="true" location="C:\Users\kubra\Desktop\play-2.1.5\repository\local\ch.qos.logback\logback-core\1.0.7\jars\logback-core.jar"/>
					</artifact>
				</artifacts>
			</revision>
		</module>
		<module organisation="org.slf4j" name="jcl-over-slf4j">
			<revision name="1.6.6" status="release" pubdate="20120612004300" resolver="local" artresolver="local" homepage="http://www.slf4j.org" downloaded="false" searched="false" default="false" conf="compile, master(*), runtime, compile(*), runtime(*), master" position="14">
				<metadata-artifact status="no" details="" size="4565" time="0" location="C:\Users\kubra\Desktop\play-2.1.5\framework\.\..\repository\cache\org.slf4j\jcl-over-slf4j\ivy-1.6.6.xml" searched="false" origin-is-local="true" origin-location="C:\Users\kubra\Desktop\play-2.1.5\repository\local\org.slf4j\jcl-over-slf4j\1.6.6\ivys\ivy.xml"/>
				<caller organisation="play" name="play_2.10" conf="default, compile, runtime, master" rev="1.6.6" rev-constraint-default="1.6.6" rev-constraint-dynamic="1.6.6" callerrev="2.1.0"/>
				<artifacts>
					<artifact name="jcl-over-slf4j" type="jar" ext="jar" status="no" details="" size="17289" time="0" location="C:\Users\kubra\Desktop\play-2.1.5\repository\local\org.slf4j\jcl-over-slf4j\1.6.6\jars\jcl-over-slf4j.jar">
						<origin-location is-local="true" location="C:\Users\kubra\Desktop\play-2.1.5\repository\local\org.slf4j\jcl-over-slf4j\1.6.6\jars\jcl-over-slf4j.jar"/>
					</artifact>
				</artifacts>
			</revision>
		</module>
		<module organisation="org.slf4j" name="jul-to-slf4j">
			<revision name="1.6.6" status="release" pubdate="20120612004322" resolver="local" artresolver="local" homepage="http://www.slf4j.org" downloaded="false" searched="false" default="false" conf="compile, master(*), runtime, compile(*), runtime(*), master" position="13">
				<metadata-artifact status="no" details="" size="4604" time="0" location="C:\Users\kubra\Desktop\play-2.1.5\framework\.\..\repository\cache\org.slf4j\jul-to-slf4j\ivy-1.6.6.xml" searched="false" origin-is-local="true" origin-location="C:\Users\kubra\Desktop\play-2.1.5\repository\local\org.slf4j\jul-to-slf4j\1.6.6\ivys\ivy.xml"/>
				<caller organisation="play" name="play_2.10" conf="default, compile, runtime, master" rev="1.6.6" rev-constraint-default="1.6.6" rev-constraint-dynamic="1.6.6" callerrev="2.1.0"/>
				<artifacts>
					<artifact name="jul-to-slf4j" type="jar" ext="jar" status="no" details="" size="4955" time="0" location="C:\Users\kubra\Desktop\play-2.1.5\repository\local\org.slf4j\jul-to-slf4j\1.6.6\jars\jul-to-slf4j.jar">
						<origin-location is-local="true" location="C:\Users\kubra\Desktop\play-2.1.5\repository\local\org.slf4j\jul-to-slf4j\1.6.6\jars\jul-to-slf4j.jar"/>
					</artifact>
				</artifacts>
			</revision>
		</module>
		<module organisation="io.netty" name="netty">
			<revision name="3.5.9.Final" status="release" pubdate="20121025092852" resolver="public" artresolver="public" homepage="http://netty.io/" downloaded="false" searched="false" default="false" conf="compile, master(*), runtime, compile(*), runtime(*), master" position="12">
				<license name="Apache License, Version 2.0" url="http://www.apache.org/licenses/LICENSE-2.0"/>
				<metadata-artifact status="no" details="" size="6483" time="0" location="C:\Users\kubra\Desktop\play-2.1.5\framework\.\..\repository\cache\io.netty\netty\ivy-3.5.9.Final.xml" searched="false" origin-is-local="false" origin-location="http://repo1.maven.org/maven2/io/netty/netty/3.5.9.Final/netty-3.5.9.Final.pom"/>
				<caller organisation="play" name="play_2.10" conf="default, compile, runtime, master" rev="3.5.9.Final" rev-constraint-default="3.5.9.Final" rev-constraint-dynamic="3.5.9.Final" callerrev="2.1.0"/>
				<caller organisation="com.ning" name="async-http-client" conf="compile, runtime" rev="3.4.4.Final" rev-constraint-default="3.4.4.Final" rev-constraint-dynamic="3.4.4.Final" callerrev="1.7.6"/>
				<artifacts>
					<artifact name="netty" type="bundle" ext="jar" status="no" details="" size="1128961" time="0" location="C:\Users\kubra\Desktop\play-2.1.5\framework\.\..\repository\cache\io.netty\netty\bundles\netty-3.5.9.Final.jar">
						<origin-location is-local="false" location="http://repo1.maven.org/maven2/io/netty/netty/3.5.9.Final/netty-3.5.9.Final.jar"/>
					</artifact>
				</artifacts>
			</revision>
			<revision name="3.4.4.Final" evicted="latest-revision" evicted-reason="" downloaded="false" searched="false" conf="compile, master(*), runtime, compile(*), runtime(*), master" position="-1">
				<evicted-by rev="3.5.9.Final"/>
				<caller organisation="com.ning" name="async-http-client" conf="compile, runtime" rev="3.4.4.Final" rev-constraint-default="3.4.4.Final" rev-constraint-dynamic="3.4.4.Final" callerrev="1.7.6"/>
				<artifacts>
				</artifacts>
			</revision>
		</module>
		<module organisation="commons-logging" name="commons-logging">
			<revision name="1.1.1" status="release" pubdate="20071127072410" resolver="local" artresolver="local" homepage="http://commons.apache.org/logging" downloaded="false" searched="false" default="false" conf="compile, master(*), runtime, compile(*), runtime(*), master" position="25">
				<metadata-artifact status="no" details="" size="3933" time="0" location="C:\Users\kubra\Desktop\play-2.1.5\framework\.\..\repository\cache\commons-logging\commons-logging\ivy-1.1.1.xml" searched="false" origin-is-local="true" origin-location="C:\Users\kubra\Desktop\play-2.1.5\repository\local\commons-logging\commons-logging\1.1.1\ivys\ivy.xml"/>
				<caller organisation="org.apache.httpcomponents" name="httpmime" conf="compile, runtime" rev="1.1.1" rev-constraint-default="1.1.1" rev-constraint-dynamic="1.1.1" callerrev="4.1.2"/>
				<caller organisation="org.apache.httpcomponents" name="httpclient" conf="compile, runtime" rev="1.1.1" rev-constraint-default="1.1.1" rev-constraint-dynamic="1.1.1" callerrev="4.1.2"/>
				<caller organisation="org.apache.httpcomponents" name="httpasyncclient" conf="default, compile, runtime, master" rev="1.1.1" rev-constraint-default="1.1.1" rev-constraint-dynamic="1.1.1" callerrev="4.0-alpha3"/>
				<caller organisation="net.sourceforge.htmlunit" name="htmlunit" conf="compile, runtime" rev="1.1.1" rev-constraint-default="1.1.1" rev-constraint-dynamic="1.1.1" callerrev="2.9"/>
				<caller organisation="commons-httpclient" name="commons-httpclient" conf="compile, runtime" rev="1.0.4" rev-constraint-default="1.0.4" rev-constraint-dynamic="1.0.4" callerrev="3.1"/>
				<caller organisation="org.apache.httpcomponents" name="httpclient" conf="compile, runtime" rev="1.1.1" rev-constraint-default="1.1.1" rev-constraint-dynamic="1.1.1" callerrev="4.0.1"/>
				<artifacts>
					<artifact name="commons-logging" type="jar" ext="jar" status="no" details="" size="60686" time="0" location="C:\Users\kubra\Desktop\play-2.1.5\repository\local\commons-logging\commons-logging\1.1.1\jars\commons-logging.jar">
						<origin-location is-local="true" location="C:\Users\kubra\Desktop\play-2.1.5\repository\local\commons-logging\commons-logging\1.1.1\jars\commons-logging.jar"/>
					</artifact>
				</artifacts>
			</revision>
			<revision name="1.0.4" evicted="latest-revision" evicted-reason="" downloaded="false" searched="false" conf="compile, master(*), runtime, compile(*), runtime(*), master" position="-1">
				<evicted-by rev="1.1.1"/>
				<caller organisation="commons-httpclient" name="commons-httpclient" conf="compile, runtime" rev="1.0.4" rev-constraint-default="1.0.4" rev-constraint-dynamic="1.0.4" callerrev="3.1"/>
				<artifacts>
				</artifacts>
			</revision>
		</module>
		<module organisation="javax.activation" name="activation">
			<revision name="1.1.1" status="release" pubdate="20091023212603" resolver="public" artresolver="public" homepage="http://java.sun.com/javase/technologies/desktop/javabeans/jaf/index.jsp" downloaded="false" searched="false" default="false" conf="compile, master(*), runtime, compile(*), runtime(*), master" position="71">
				<license name="COMMON DEVELOPMENT AND DISTRIBUTION LICENSE (CDDL) Version 1.0" url="https://glassfish.dev.java.net/public/CDDLv1.0.html"/>
				<metadata-artifact status="no" details="" size="2547" time="0" location="C:\Users\kubra\Desktop\play-2.1.5\framework\.\..\repository\cache\javax.activation\activation\ivy-1.1.1.xml" searched="false" origin-is-local="false" origin-location="http://repo1.maven.org/maven2/javax/activation/activation/1.1.1/activation-1.1.1.pom"/>
				<caller organisation="org.apache.commons" name="commons-email" conf="default, compile, runtime, master" rev="1.1.1" rev-constraint-default="1.1.1" rev-constraint-dynamic="1.1.1" callerrev="1.3.2"/>
				<caller organisation="javax.mail" name="mail" conf="compile, runtime" rev="1.1" rev-constraint-default="1.1" rev-constraint-dynamic="1.1" callerrev="1.4.5"/>
				<artifacts>
					<artifact name="activation" type="jar" ext="jar" status="no" details="" size="69409" time="0" location="C:\Users\kubra\Desktop\play-2.1.5\framework\.\..\repository\cache\javax.activation\activation\jars\activation-1.1.1.jar">
						<origin-location is-local="false" location="http://repo1.maven.org/maven2/javax/activation/activation/1.1.1/activation-1.1.1.jar"/>
					</artifact>
				</artifacts>
			</revision>
			<revision name="1.1" evicted="latest-revision" evicted-reason="" downloaded="false" searched="false" conf="compile, master(*), runtime, compile(*), runtime(*), master" position="-1">
				<evicted-by rev="1.1.1"/>
				<caller organisation="org.apache.commons" name="commons-email" conf="default, compile, runtime, master" rev="1.1.1" rev-constraint-default="1.1.1" rev-constraint-dynamic="1.1.1" callerrev="1.3.2"/>
				<caller organisation="javax.mail" name="mail" conf="compile, runtime" rev="1.1" rev-constraint-default="1.1" rev-constraint-dynamic="1.1" callerrev="1.4.5"/>
				<artifacts>
				</artifacts>
			</revision>
		</module>
		<module organisation="play" name="play-iteratees_2.10">
			<revision name="2.1.0" status="release" pubdate="20150421175502" resolver="Typesafe Releases Repository" artresolver="Typesafe Releases Repository" homepage="" downloaded="false" searched="false" default="false" conf="compile, master(*), runtime, compile(*), runtime(*), master" position="9">
				<metadata-artifact status="no" details="" size="2843" time="0" location="C:\Users\kubra\Desktop\play-2.1.5\framework\.\..\repository\cache\play\play-iteratees_2.10\ivy-2.1.0.xml" searched="false" origin-is-local="false" origin-location="http://repo.typesafe.com/typesafe/releases/play/play-iteratees_2.10/2.1.0/play-iteratees_2.10-2.1.0.pom"/>
				<caller organisation="play" name="play_2.10" conf="default, compile, runtime, master" rev="2.1.0" rev-constraint-default="2.1.0" rev-constraint-dynamic="2.1.0" callerrev="2.1.0"/>
				<artifacts>
					<artifact name="play-iteratees_2.10" type="jar" ext="jar" status="no" details="" size="642750" time="0" location="C:\Users\kubra\Desktop\play-2.1.5\framework\.\..\repository\cache\play\play-iteratees_2.10\jars\play-iteratees_2.10-2.1.0.jar">
						<origin-location is-local="false" location="http://repo.typesafe.com/typesafe/releases/play/play-iteratees_2.10/2.1.0/play-iteratees_2.10-2.1.0.jar"/>
					</artifact>
				</artifacts>
			</revision>
		</module>
		<module organisation="com.typesafe" name="config">
			<revision name="1.0.0" status="release" pubdate="20130506214453" resolver="local" artresolver="local" homepage="https://github.com/typesafehub/config" downloaded="false" searched="false" default="false" conf="compile, master(*), runtime, compile(*), runtime(*), master" position="11">
				<license name="Apache License, Version 2.0" url="http://www.apache.org/licenses/LICENSE-2.0"/>
				<metadata-artifact status="no" details="" size="2716" time="0" location="C:\Users\kubra\Desktop\play-2.1.5\framework\.\..\repository\cache\com.typesafe\config\ivy-1.0.0.xml" searched="false" origin-is-local="true" origin-location="C:\Users\kubra\Desktop\play-2.1.5\repository\local\com.typesafe\config\1.0.0\ivys\ivy.xml"/>
				<caller organisation="play" name="play-iteratees_2.10" conf="compile, runtime" rev="1.0.0" rev-constraint-default="1.0.0" rev-constraint-dynamic="1.0.0" callerrev="2.1.0"/>
				<caller organisation="com.typesafe.akka" name="akka-actor_2.10" conf="compile, runtime" rev="1.0.0" rev-constraint-default="1.0.0" rev-constraint-dynamic="1.0.0" callerrev="2.1.0"/>
				<artifacts>
					<artifact name="config" type="bundle" ext="jar" status="no" details="" size="185676" time="0" location="C:\Users\kubra\Desktop\play-2.1.5\repository\local\com.typesafe\config\1.0.0\bundles\config.jar">
						<origin-location is-local="true" location="C:\Users\kubra\Desktop\play-2.1.5\repository\local\com.typesafe\config\1.0.0\bundles\config.jar"/>
					</artifact>
				</artifacts>
			</revision>
		</module>
		<module organisation="org.scala-stm" name="scala-stm_2.10.0">
			<revision name="0.6" status="release" pubdate="20121221035611" resolver="local" artresolver="local" homepage="http://nbronson.github.com/scala-stm/" downloaded="false" searched="false" default="false" conf="compile, master(*), runtime, compile(*), runtime(*), master" position="10">
				<license name="BSD" url="https://github.com/nbronson/scala-stm/blob/master/LICENSE.txt"/>
				<metadata-artifact status="no" details="" size="2526" time="0" location="C:\Users\kubra\Desktop\play-2.1.5\framework\.\..\repository\cache\org.scala-stm\scala-stm_2.10.0\ivy-0.6.xml" searched="false" origin-is-local="true" origin-location="C:\Users\kubra\Desktop\play-2.1.5\repository\local\org.scala-stm\scala-stm_2.10.0\0.6\ivys\ivy.xml"/>
				<caller organisation="play" name="play_2.10" conf="default, compile, runtime, master" rev="0.6" rev-constraint-default="0.6" rev-constraint-dynamic="0.6" callerrev="2.1.0"/>
				<caller organisation="play" name="play-iteratees_2.10" conf="compile, runtime" rev="0.6" rev-constraint-default="0.6" rev-constraint-dynamic="0.6" callerrev="2.1.0"/>
				<artifacts>
					<artifact name="scala-stm_2.10.0" type="jar" ext="jar" status="no" details="" size="609513" time="0" location="C:\Users\kubra\Desktop\play-2.1.5\repository\local\org.scala-stm\scala-stm_2.10.0\0.6\jars\scala-stm_2.10.0.jar">
						<origin-location is-local="true" location="C:\Users\kubra\Desktop\play-2.1.5\repository\local\org.scala-stm\scala-stm_2.10.0\0.6\jars\scala-stm_2.10.0.jar"/>
					</artifact>
				</artifacts>
			</revision>
		</module>
		<module organisation="play" name="templates_2.10">
			<revision name="2.1.0" status="release" pubdate="20150421182425" resolver="Typesafe Releases Repository" artresolver="Typesafe Releases Repository" homepage="" downloaded="false" searched="false" default="false" conf="compile, master(*), runtime, compile(*), runtime(*), master" position="5">
				<metadata-artifact status="no" details="" size="2555" time="0" location="C:\Users\kubra\Desktop\play-2.1.5\framework\.\..\repository\cache\play\templates_2.10\ivy-2.1.0.xml" searched="false" origin-is-local="false" origin-location="http://repo.typesafe.com/typesafe/releases/play/templates_2.10/2.1.0/templates_2.10-2.1.0.pom"/>
				<caller organisation="play" name="play_2.10" conf="default, compile, runtime, master" rev="2.1.0" rev-constraint-default="2.1.0" rev-constraint-dynamic="2.1.0" callerrev="2.1.0"/>
				<artifacts>
					<artifact name="templates_2.10" type="jar" ext="jar" status="no" details="" size="38323" time="0" location="C:\Users\kubra\Desktop\play-2.1.5\framework\.\..\repository\cache\play\templates_2.10\jars\templates_2.10-2.1.0.jar">
						<origin-location is-local="false" location="http://repo.typesafe.com/typesafe/releases/play/templates_2.10/2.1.0/templates_2.10-2.1.0.jar"/>
					</artifact>
				</artifacts>
			</revision>
		</module>
		<module organisation="org.specs2" name="specs2_2.10">
			<revision name="1.13" status="release" pubdate="20121220234856" resolver="local" artresolver="local" homepage="http://specs2.org/" downloaded="false" searched="false" default="false" conf="compile, master(*), runtime, compile(*), runtime(*), master" position="91">
				<license name="MIT-style" url="http://www.opensource.org/licenses/mit-license.php"/>
				<metadata-artifact status="no" details="" size="3567" time="0" location="C:\Users\kubra\Desktop\play-2.1.5\framework\.\..\repository\cache\org.specs2\specs2_2.10\ivy-1.13.xml" searched="false" origin-is-local="true" origin-location="C:\Users\kubra\Desktop\play-2.1.5\repository\local\org.specs2\specs2_2.10\1.13\ivys\ivy.xml"/>
				<caller organisation="play" name="play-test_2.10" conf="default, compile, runtime, master" rev="1.13" rev-constraint-default="1.13" rev-constraint-dynamic="1.13" callerrev="2.1.0"/>
				<artifacts>
					<artifact name="specs2_2.10" type="jar" ext="jar" status="no" details="" size="6656378" time="0" location="C:\Users\kubra\Desktop\play-2.1.5\repository\local\org.specs2\specs2_2.10\1.13\jars\specs2_2.10.jar">
						<origin-location is-local="true" location="C:\Users\kubra\Desktop\play-2.1.5\repository\local\org.specs2\specs2_2.10\1.13\jars\specs2_2.10.jar"/>
					</artifact>
				</artifacts>
			</revision>
		</module>
		<module organisation="org.scala-tools.testing" name="test-interface">
			<revision name="0.5" status="release" pubdate="20100328103658" resolver="local" artresolver="local" homepage="" downloaded="false" searched="false" default="false" conf="compile, master(*), runtime, compile(*), runtime(*), master" position="96">
				<metadata-artifact status="no" details="" size="2201" time="0" location="C:\Users\kubra\Desktop\play-2.1.5\framework\.\..\repository\cache\org.scala-tools.testing\test-interface\ivy-0.5.xml" searched="false" origin-is-local="true" origin-location="C:\Users\kubra\Desktop\play-2.1.5\repository\local\org.scala-tools.testing\test-interface\0.5\ivys\ivy.xml"/>
				<caller organisation="com.novocode" name="junit-interface" conf="compile, runtime" rev="0.5" rev-constraint-default="0.5" rev-constraint-dynamic="0.5" callerrev="0.9"/>
				<artifacts>
					<artifact name="test-interface" type="jar" ext="jar" status="no" details="" size="4407" time="0" location="C:\Users\kubra\Desktop\play-2.1.5\repository\local\org.scala-tools.testing\test-interface\0.5\jars\test-interface.jar">
						<origin-location is-local="true" location="C:\Users\kubra\Desktop\play-2.1.5\repository\local\org.scala-tools.testing\test-interface\0.5\jars\test-interface.jar"/>
					</artifact>
				</artifacts>
			</revision>
		</module>
		<module organisation="org.specs2" name="scalaz-concurrent_2.10">
			<revision name="7.0.0" status="release" pubdate="20121220220510" resolver="local" artresolver="local" homepage="http://specs2.org/" downloaded="false" searched="false" default="false" conf="compile, master(*), runtime, compile(*), runtime(*), master" position="93">
				<license name="MIT-style" url="http://www.opensource.org/licenses/mit-license.php"/>
				<metadata-artifact status="no" details="" size="2801" time="0" location="C:\Users\kubra\Desktop\play-2.1.5\framework\.\..\repository\cache\org.specs2\scalaz-concurrent_2.10\ivy-7.0.0.xml" searched="false" origin-is-local="true" origin-location="C:\Users\kubra\Desktop\play-2.1.5\repository\local\org.specs2\scalaz-concurrent_2.10\7.0.0\ivys\ivy.xml"/>
				<caller organisation="org.specs2" name="specs2_2.10" conf="compile, runtime" rev="7.0.0" rev-constraint-default="7.0.0" rev-constraint-dynamic="7.0.0" callerrev="1.13"/>
				<artifacts>
					<artifact name="scalaz-concurrent_2.10" type="jar" ext="jar" status="no" details="" size="189253" time="0" location="C:\Users\kubra\Desktop\play-2.1.5\repository\local\org.specs2\scalaz-concurrent_2.10\7.0.0\jars\scalaz-concurrent_2.10.jar">
						<origin-location is-local="true" location="C:\Users\kubra\Desktop\play-2.1.5\repository\local\org.specs2\scalaz-concurrent_2.10\7.0.0\jars\scalaz-concurrent_2.10.jar"/>
					</artifact>
				</artifacts>
			</revision>
		</module>
		<module organisation="org.specs2" name="scalaz-effect_2.10">
			<revision name="7.0.0" status="release" pubdate="20121220220525" resolver="local" artresolver="local" homepage="http://specs2.org/" downloaded="false" searched="false" default="false" conf="compile, master(*), runtime, compile(*), runtime(*), master" position="94">
				<license name="MIT-style" url="http://www.opensource.org/licenses/mit-license.php"/>
				<metadata-artifact status="no" details="" size="2648" time="0" location="C:\Users\kubra\Desktop\play-2.1.5\framework\.\..\repository\cache\org.specs2\scalaz-effect_2.10\ivy-7.0.0.xml" searched="false" origin-is-local="true" origin-location="C:\Users\kubra\Desktop\play-2.1.5\repository\local\org.specs2\scalaz-effect_2.10\7.0.0\ivys\ivy.xml"/>
				<caller organisation="org.specs2" name="scalaz-concurrent_2.10" conf="compile, runtime" rev="7.0.0" rev-constraint-default="7.0.0" rev-constraint-dynamic="7.0.0" callerrev="7.0.0"/>
				<artifacts>
					<artifact name="scalaz-effect_2.10" type="jar" ext="jar" status="no" details="" size="391773" time="0" location="C:\Users\kubra\Desktop\play-2.1.5\repository\local\org.specs2\scalaz-effect_2.10\7.0.0\jars\scalaz-effect_2.10.jar">
						<origin-location is-local="true" location="C:\Users\kubra\Desktop\play-2.1.5\repository\local\org.specs2\scalaz-effect_2.10\7.0.0\jars\scalaz-effect_2.10.jar"/>
					</artifact>
				</artifacts>
			</revision>
		</module>
		<module organisation="org.specs2" name="scalaz-core_2.10">
			<revision name="7.0.0" status="release" pubdate="20121220220704" resolver="local" artresolver="local" homepage="http://specs2.org/" downloaded="false" searched="false" default="false" conf="compile, master(*), runtime, compile(*), runtime(*), master" position="92">
				<license name="MIT-style" url="http://www.opensource.org/licenses/mit-license.php"/>
				<metadata-artifact status="no" details="" size="2503" time="0" location="C:\Users\kubra\Desktop\play-2.1.5\framework\.\..\repository\cache\org.specs2\scalaz-core_2.10\ivy-7.0.0.xml" searched="false" origin-is-local="true" origin-location="C:\Users\kubra\Desktop\play-2.1.5\repository\local\org.specs2\scalaz-core_2.10\7.0.0\ivys\ivy.xml"/>
				<caller organisation="org.specs2" name="scalaz-concurrent_2.10" conf="compile, runtime" rev="7.0.0" rev-constraint-default="7.0.0" rev-constraint-dynamic="7.0.0" callerrev="7.0.0"/>
				<caller organisation="org.specs2" name="specs2_2.10" conf="compile, runtime" rev="7.0.0" rev-constraint-default="7.0.0" rev-constraint-dynamic="7.0.0" callerrev="1.13"/>
				<caller organisation="org.specs2" name="scalaz-effect_2.10" conf="compile, runtime" rev="7.0.0" rev-constraint-default="7.0.0" rev-constraint-dynamic="7.0.0" callerrev="7.0.0"/>
				<artifacts>
					<artifact name="scalaz-core_2.10" type="jar" ext="jar" status="no" details="" size="8897195" time="0" location="C:\Users\kubra\Desktop\play-2.1.5\repository\local\org.specs2\scalaz-core_2.10\7.0.0\jars\scalaz-core_2.10.jar">
						<origin-location is-local="true" location="C:\Users\kubra\Desktop\play-2.1.5\repository\local\org.specs2\scalaz-core_2.10\7.0.0\jars\scalaz-core_2.10.jar"/>
					</artifact>
				</artifacts>
			</revision>
		</module>
		<module organisation="com.github.scala-incubator.io" name="scala-io-file_2.10">
			<revision name="0.4.2" status="release" pubdate="20130123182132" resolver="local" artresolver="local" homepage="http://jesseeichar.github.com/scala-io-doc/index.html" downloaded="false" searched="false" default="false" conf="compile, master(*), runtime, compile(*), runtime(*), master" position="6">
				<license name="Scala License" url="http://www.scala-lang.org/node/146"/>
				<metadata-artifact status="no" details="" size="2944" time="0" location="C:\Users\kubra\Desktop\play-2.1.5\framework\.\..\repository\cache\com.github.scala-incubator.io\scala-io-file_2.10\ivy-0.4.2.xml" searched="false" origin-is-local="true" origin-location="C:\Users\kubra\Desktop\play-2.1.5\repository\local\com.github.scala-incubator.io\scala-io-file_2.10\0.4.2\ivys\ivy.xml"/>
				<caller organisation="play" name="play_2.10" conf="default, compile, runtime, master" rev="0.4.2" rev-constraint-default="0.4.2" rev-constraint-dynamic="0.4.2" callerrev="2.1.0"/>
				<caller organisation="play" name="play-iteratees_2.10" conf="compile, runtime" rev="0.4.2" rev-constraint-default="0.4.2" rev-constraint-dynamic="0.4.2" callerrev="2.1.0"/>
				<caller organisation="play" name="templates_2.10" conf="compile, runtime" rev="0.4.2" rev-constraint-default="0.4.2" rev-constraint-dynamic="0.4.2" callerrev="2.1.0"/>
				<artifacts>
					<artifact name="scala-io-file_2.10" type="jar" ext="jar" status="no" details="" size="437576" time="0" location="C:\Users\kubra\Desktop\play-2.1.5\repository\local\com.github.scala-incubator.io\scala-io-file_2.10\0.4.2\jars\scala-io-file_2.10.jar">
						<origin-location is-local="true" location="C:\Users\kubra\Desktop\play-2.1.5\repository\local\com.github.scala-incubator.io\scala-io-file_2.10\0.4.2\jars\scala-io-file_2.10.jar"/>
					</artifact>
				</artifacts>
			</revision>
		</module>
		<module organisation="com.github.scala-incubator.io" name="scala-io-core_2.10">
			<revision name="0.4.2" status="release" pubdate="20130123182148" resolver="local" artresolver="local" homepage="http://jesseeichar.github.com/scala-io-doc/index.html" downloaded="false" searched="false" default="false" conf="compile, master(*), runtime, compile(*), runtime(*), master" position="7">
				<license name="Scala License" url="http://www.scala-lang.org/node/146"/>
				<metadata-artifact status="no" details="" size="2921" time="0" location="C:\Users\kubra\Desktop\play-2.1.5\framework\.\..\repository\cache\com.github.scala-incubator.io\scala-io-core_2.10\ivy-0.4.2.xml" searched="false" origin-is-local="true" origin-location="C:\Users\kubra\Desktop\play-2.1.5\repository\local\com.github.scala-incubator.io\scala-io-core_2.10\0.4.2\ivys\ivy.xml"/>
				<caller organisation="com.github.scala-incubator.io" name="scala-io-file_2.10" conf="compile, runtime" rev="0.4.2" rev-constraint-default="0.4.2" rev-constraint-dynamic="0.4.2" callerrev="0.4.2"/>
				<artifacts>
					<artifact name="scala-io-core_2.10" type="jar" ext="jar" status="no" details="" size="1295513" time="0" location="C:\Users\kubra\Desktop\play-2.1.5\repository\local\com.github.scala-incubator.io\scala-io-core_2.10\0.4.2\jars\scala-io-core_2.10.jar">
						<origin-location is-local="true" location="C:\Users\kubra\Desktop\play-2.1.5\repository\local\com.github.scala-incubator.io\scala-io-core_2.10\0.4.2\jars\scala-io-core_2.10.jar"/>
					</artifact>
				</artifacts>
			</revision>
		</module>
		<module organisation="com.jsuereth" name="scala-arm_2.10">
			<revision name="1.3" status="release" pubdate="20130122040254" resolver="local" artresolver="local" homepage="http://jsuereth.com/scala-arm" downloaded="false" searched="false" default="false" conf="compile, master(*), runtime, compile(*), runtime(*), master" position="8">
				<license name="BSD-style" url="http://www.opensource.org/licenses/bsd-license.php"/>
				<metadata-artifact status="no" details="" size="2972" time="0" location="C:\Users\kubra\Desktop\play-2.1.5\framework\.\..\repository\cache\com.jsuereth\scala-arm_2.10\ivy-1.3.xml" searched="false" origin-is-local="true" origin-location="C:\Users\kubra\Desktop\play-2.1.5\repository\local\com.jsuereth\scala-arm_2.10\1.3\ivys\ivy.xml"/>
				<caller organisation="com.github.scala-incubator.io" name="scala-io-core_2.10" conf="compile, runtime" rev="1.3" rev-constraint-default="1.3" rev-constraint-dynamic="1.3" callerrev="0.4.2"/>
				<artifacts>
					<artifact name="scala-arm_2.10" type="jar" ext="jar" status="no" details="" size="75459" time="0" location="C:\Users\kubra\Desktop\play-2.1.5\repository\local\com.jsuereth\scala-arm_2.10\1.3\jars\scala-arm_2.10.jar">
						<origin-location is-local="true" location="C:\Users\kubra\Desktop\play-2.1.5\repository\local\com.jsuereth\scala-arm_2.10\1.3\jars\scala-arm_2.10.jar"/>
					</artifact>
				</artifacts>
			</revision>
		</module>
		<module organisation="javax.transaction" name="jta">
			<revision name="1.1" status="release" pubdate="20081028122721" resolver="local" artresolver="local" homepage="http://java.sun.com/products/jta" downloaded="false" searched="false" default="false" conf="compile, master(*), runtime, compile(*), runtime(*), master" position="29">
				<metadata-artifact status="no" details="" size="2345" time="0" location="C:\Users\kubra\Desktop\play-2.1.5\framework\.\..\repository\cache\javax.transaction\jta\ivy-1.1.xml" searched="false" origin-is-local="true" origin-location="C:\Users\kubra\Desktop\play-2.1.5\repository\local\javax.transaction\jta\1.1\ivys\ivy.xml"/>
				<caller organisation="play" name="play_2.10" conf="default, compile, runtime, master" rev="1.1" rev-constraint-default="1.1" rev-constraint-dynamic="1.1" callerrev="2.1.0"/>
				<caller organisation="org.hibernate" name="hibernate-core" conf="compile, runtime" rev="1.1" rev-constraint-default="1.1" rev-constraint-dynamic="1.1" callerrev="3.6.9.Final"/>
				<artifacts>
					<artifact name="jta" type="jar" ext="jar" status="no" details="" size="15071" time="0" location="C:\Users\kubra\Desktop\play-2.1.5\repository\local\javax.transaction\jta\1.1\jars\jta.jar">
						<origin-location is-local="true" location="C:\Users\kubra\Desktop\play-2.1.5\repository\local\javax.transaction\jta\1.1\jars\jta.jar"/>
					</artifact>
				</artifacts>
			</revision>
		</module>
		<module organisation="org.scala-lang" name="scala-reflect">
			<revision name="2.10.0" status="release" pubdate="20121220182932" resolver="local" artresolver="local" homepage="http://www.scala-lang.org/" downloaded="false" searched="false" default="false" conf="compile, master(*), runtime, compile(*), runtime(*), master" position="30">
				<license name="BSD-like" url="http://www.scala-lang.org/downloads/license.html    "/>
				<metadata-artifact status="no" details="" size="2543" time="0" location="C:\Users\kubra\Desktop\play-2.1.5\framework\.\..\repository\cache\org.scala-lang\scala-reflect\ivy-2.10.0.xml" searched="false" origin-is-local="true" origin-location="C:\Users\kubra\Desktop\play-2.1.5\repository\local\org.scala-lang\scala-reflect\2.10.0\ivys\ivy.xml"/>
				<caller organisation="play" name="play_2.10" conf="default, compile, runtime, master" rev="2.10.0" rev-constraint-default="2.10.0" rev-constraint-dynamic="2.10.0" callerrev="2.1.0"/>
				<artifacts>
					<artifact name="scala-reflect" type="jar" ext="jar" status="no" details="" size="3149351" time="0" location="C:\Users\kubra\Desktop\play-2.1.5\repository\local\org.scala-lang\scala-reflect\2.10.0\jars\scala-reflect.jar">
						<origin-location is-local="true" location="C:\Users\kubra\Desktop\play-2.1.5\repository\local\org.scala-lang\scala-reflect\2.10.0\jars\scala-reflect.jar"/>
					</artifact>
				</artifacts>
			</revision>
		</module>
		<module organisation="play" name="play-exceptions">
			<revision name="2.1.0" status="release" pubdate="20150421193240" resolver="sbt-chain" artresolver="sbt-chain" homepage="" downloaded="false" searched="false" default="false" conf="compile, master(*), runtime, compile(*), runtime(*), master" position="4">
				<metadata-artifact status="no" details="" size="2256" time="0" location="C:\Users\kubra\Desktop\play-2.1.5\framework\.\..\repository\cache\play\play-exceptions\ivy-2.1.0.xml" searched="false" origin-is-local="false" origin-location="http://repo.typesafe.com/typesafe/releases/play/play-exceptions/2.1.0/play-exceptions-2.1.0.pom"/>
				<caller organisation="play" name="play_2.10" conf="default, compile, runtime, master" rev="2.1.0" rev-constraint-default="2.1.0" rev-constraint-dynamic="2.1.0" callerrev="2.1.0"/>
				<artifacts>
					<artifact name="play-exceptions" type="jar" ext="jar" status="no" details="" size="4555" time="0" location="C:\Users\kubra\Desktop\play-2.1.5\framework\.\..\repository\cache\play\play-exceptions\jars\play-exceptions-2.1.0.jar">
						<origin-location is-local="false" location="http://repo.typesafe.com/typesafe/releases/play/play-exceptions/2.1.0/play-exceptions-2.1.0.jar"/>
					</artifact>
				</artifacts>
			</revision>
		</module>
		<module organisation="play" name="sbt-link">
			<revision name="2.1.0" status="release" pubdate="20150421183431" resolver="sbt-chain" artresolver="sbt-chain" homepage="" downloaded="false" searched="false" default="false" conf="compile, master(*), runtime, compile(*), runtime(*), master" position="2">
				<metadata-artifact status="no" details="" size="2410" time="0" location="C:\Users\kubra\Desktop\play-2.1.5\framework\.\..\repository\cache\play\sbt-link\ivy-2.1.0.xml" searched="false" origin-is-local="false" origin-location="http://repo.typesafe.com/typesafe/releases/play/sbt-link/2.1.0/sbt-link-2.1.0.pom"/>
				<caller organisation="play" name="play_2.10" conf="default, compile, runtime, master" rev="2.1.0" rev-constraint-default="2.1.0" rev-constraint-dynamic="2.1.0" callerrev="2.1.0"/>
				<artifacts>
					<artifact name="sbt-link" type="jar" ext="jar" status="no" details="" size="8477" time="0" location="C:\Users\kubra\Desktop\play-2.1.5\framework\.\..\repository\cache\play\sbt-link\jars\sbt-link-2.1.0.jar">
						<origin-location is-local="false" location="http://repo.typesafe.com/typesafe/releases/play/sbt-link/2.1.0/sbt-link-2.1.0.jar"/>
					</artifact>
				</artifacts>
			</revision>
		</module>
		<module organisation="org.javassist" name="javassist">
			<revision name="3.16.1-GA" status="release" pubdate="20120307023712" resolver="local" artresolver="local" homepage="http://www.javassist.org/" downloaded="false" searched="false" default="false" conf="compile, master(*), runtime, compile(*), runtime(*), master" position="3">
				<license name="MPL 1.1" url="http://www.mozilla.org/MPL/MPL-1.1.html"/>
				<license name="LGPL 2.1" url="http://www.gnu.org/licenses/lgpl-2.1.html"/>
				<license name="Apache License 2.0" url="http://www.apache.org/licenses/"/>
				<metadata-artifact status="no" details="" size="3053" time="0" location="C:\Users\kubra\Desktop\play-2.1.5\framework\.\..\repository\cache\org.javassist\javassist\ivy-3.16.1-GA.xml" searched="false" origin-is-local="true" origin-location="C:\Users\kubra\Desktop\play-2.1.5\repository\local\org.javassist\javassist\3.16.1-GA\ivys\ivy.xml"/>
				<caller organisation="play" name="play-java_2.10" conf="default, compile, runtime, master" rev="3.16.1-GA" rev-constraint-default="3.16.1-GA" rev-constraint-dynamic="3.16.1-GA" callerrev="2.1.0"/>
				<caller organisation="play" name="sbt-link" conf="compile, runtime" rev="3.16.1-GA" rev-constraint-default="3.16.1-GA" rev-constraint-dynamic="3.16.1-GA" callerrev="2.1.0"/>
				<artifacts>
					<artifact name="javassist" type="jar" ext="jar" status="no" details="" size="659343" time="0" location="C:\Users\kubra\Desktop\play-2.1.5\repository\local\org.javassist\javassist\3.16.1-GA\jars\javassist.jar">
						<origin-location is-local="true" location="C:\Users\kubra\Desktop\play-2.1.5\repository\local\org.javassist\javassist\3.16.1-GA\jars\javassist.jar"/>
					</artifact>
				</artifacts>
			</revision>
		</module>
		<module organisation="org.scala-lang" name="scala-library">
			<revision name="2.10.0" status="release" pubdate="20121220182916" resolver="local" artresolver="local" homepage="http://www.scala-lang.org/" downloaded="false" searched="false" default="false" conf="default(compile), default, compile, master(*), compile(*), runtime, runtime(*), master" position="0">
				<license name="BSD-like" url="http://www.scala-lang.org/downloads/license.html          "/>
				<metadata-artifact status="no" details="" size="2383" time="0" location="C:\Users\kubra\Desktop\play-2.1.5\framework\.\..\repository\cache\org.scala-lang\scala-library\ivy-2.10.0.xml" searched="false" origin-is-local="true" origin-location="C:\Users\kubra\Desktop\play-2.1.5\repository\local\org.scala-lang\scala-library\2.10.0\ivys\ivy.xml"/>
				<caller organisation="com.typesafe.akka" name="akka-slf4j_2.10" conf="compile, runtime" rev="2.10.0" rev-constraint-default="2.10.0" rev-constraint-dynamic="2.10.0" callerrev="2.1.0"/>
				<caller organisation="org.specs2" name="scalaz-concurrent_2.10" conf="compile, runtime" rev="2.10.0" rev-constraint-default="2.10.0" rev-constraint-dynamic="2.10.0" callerrev="7.0.0"/>
				<caller organisation="org.specs2" name="scalaz-core_2.10" conf="compile, runtime" rev="2.10.0" rev-constraint-default="2.10.0" rev-constraint-dynamic="2.10.0" callerrev="7.0.0"/>
				<caller organisation="org.scala-lang" name="scala-reflect" conf="compile, runtime" rev="2.10.0" rev-constraint-default="2.10.0" rev-constraint-dynamic="2.10.0" callerrev="2.10.0"/>
				<caller organisation="org.scala-stm" name="scala-stm_2.10.0" conf="compile, runtime" rev="2.10.0" rev-constraint-default="2.10.0" rev-constraint-dynamic="2.10.0" callerrev="0.6"/>
				<caller organisation="com.jsuereth" name="scala-arm_2.10" conf="compile, runtime" rev="2.10.0" rev-constraint-default="2.10.0" rev-constraint-dynamic="2.10.0" callerrev="1.3"/>
				<caller organisation="org.specs2" name="scalaz-effect_2.10" conf="compile, runtime" rev="2.10.0" rev-constraint-default="2.10.0" rev-constraint-dynamic="2.10.0" callerrev="7.0.0"/>
				<caller organisation="com.typesafe.akka" name="akka-actor_2.10" conf="compile, runtime" rev="2.10.0" rev-constraint-default="2.10.0" rev-constraint-dynamic="2.10.0" callerrev="2.1.0"/>
				<caller organisation="com.github.scala-incubator.io" name="scala-io-core_2.10" conf="compile, runtime" rev="2.10.0" rev-constraint-default="2.10.0" rev-constraint-dynamic="2.10.0" callerrev="0.4.2"/>
				<caller organisation="com.github.scala-incubator.io" name="scala-io-file_2.10" conf="compile, runtime" rev="2.10.0" rev-constraint-default="2.10.0" rev-constraint-dynamic="2.10.0" callerrev="0.4.2"/>
				<caller organisation="osms" name="osms_2.10" conf="test, compile, runtime" rev="2.10.0" rev-constraint-default="2.10.0" rev-constraint-dynamic="2.10.0" callerrev="1.0-SNAPSHOT"/>
				<caller organisation="play" name="play-java-jdbc_2.10" conf="default, compile, runtime, master" rev="2.10.0" rev-constraint-default="2.10.0" rev-constraint-dynamic="2.10.0" callerrev="2.1.0"/>
				<artifacts>
				</artifacts>
			</revision>
		</module>
	</dependencies>
</ivy-report>
